[0.189s] DEBUG:colcon:Command line arguments: ['/usr/bin/colcon', 'build', '--symlink-install']
[0.189s] DEBUG:colcon:Parsed command line arguments: Namespace(log_base=None, log_level=None, verb_name='build', build_base='build', install_base='install', merge_install=False, symlink_install=True, test_result_base=None, continue_on_error=False, executor='parallel', parallel_workers=8, event_handlers=None, ignore_user_meta=False, metas=['./colcon.meta'], base_paths=['.'], packages_ignore=None, packages_ignore_regex=None, paths=None, packages_up_to=None, packages_up_to_regex=None, packages_above=None, packages_above_and_dependencies=None, packages_above_depth=None, packages_select_by_dep=None, packages_skip_by_dep=None, packages_skip_up_to=None, packages_select_build_failed=False, packages_skip_build_finished=False, packages_select_test_failures=False, packages_skip_test_passed=False, packages_select=None, packages_skip=None, packages_select_regex=None, packages_skip_regex=None, packages_start=None, packages_end=None, allow_overriding=[], cmake_args=None, cmake_target=None, cmake_target_skip_unavailable=False, cmake_clean_cache=False, cmake_clean_first=False, cmake_force_configure=False, ament_cmake_args=None, catkin_cmake_args=None, catkin_skip_building_tests=False, verb_parser=<colcon_defaults.argument_parser.defaults.DefaultArgumentsDecorator object at 0x7fe0fc22fee0>, verb_extension=<colcon_core.verb.build.BuildVerb object at 0x7fe0fc375270>, main=<bound method BuildVerb.main of <colcon_core.verb.build.BuildVerb object at 0x7fe0fc375270>>)
[-1.682s] Level 1:colcon.colcon_core.package_discovery:discover_packages(colcon_meta) check parameters
[-1.682s] Level 1:colcon.colcon_core.package_discovery:discover_packages(recursive) check parameters
[-1.682s] Level 1:colcon.colcon_core.package_discovery:discover_packages(ignore) check parameters
[-1.682s] Level 1:colcon.colcon_core.package_discovery:discover_packages(path) check parameters
[-1.682s] Level 1:colcon.colcon_core.package_discovery:discover_packages(colcon_meta) discover
[-1.682s] Level 1:colcon.colcon_core.package_discovery:discover_packages(recursive) discover
[-1.682s] INFO:colcon.colcon_core.package_discovery:Crawling recursively for packages in '/home/sidubuntu/dev_ws'
[-1.682s] Level 1:colcon.colcon_core.package_identification:_identify(.) by extensions ['ignore', 'ignore_ament_install']
[-1.682s] Level 1:colcon.colcon_core.package_identification:_identify(.) by extension 'ignore'
[-1.681s] Level 1:colcon.colcon_core.package_identification:_identify(.) by extension 'ignore_ament_install'
[-1.681s] Level 1:colcon.colcon_core.package_identification:_identify(.) by extensions ['colcon_pkg']
[-1.681s] Level 1:colcon.colcon_core.package_identification:_identify(.) by extension 'colcon_pkg'
[-1.681s] Level 1:colcon.colcon_core.package_identification:_identify(.) by extensions ['colcon_meta']
[-1.681s] Level 1:colcon.colcon_core.package_identification:_identify(.) by extension 'colcon_meta'
[-1.681s] Level 1:colcon.colcon_core.package_identification:_identify(.) by extensions ['ros']
[-1.681s] Level 1:colcon.colcon_core.package_identification:_identify(.) by extension 'ros'
[-1.669s] Level 1:colcon.colcon_core.package_identification:_identify(.) by extensions ['cmake', 'python']
[-1.669s] Level 1:colcon.colcon_core.package_identification:_identify(.) by extension 'cmake'
[-1.669s] Level 1:colcon.colcon_core.package_identification:_identify(.) by extension 'python'
[-1.668s] Level 1:colcon.colcon_core.package_identification:_identify(.) by extensions ['python_setup_py']
[-1.668s] Level 1:colcon.colcon_core.package_identification:_identify(.) by extension 'python_setup_py'
[-1.668s] Level 1:colcon.colcon_core.package_identification:_identify(build) by extensions ['ignore', 'ignore_ament_install']
[-1.668s] Level 1:colcon.colcon_core.package_identification:_identify(build) by extension 'ignore'
[-1.668s] Level 1:colcon.colcon_core.package_identification:_identify(build) ignored
[-1.668s] Level 1:colcon.colcon_core.package_identification:_identify(install) by extensions ['ignore', 'ignore_ament_install']
[-1.668s] Level 1:colcon.colcon_core.package_identification:_identify(install) by extension 'ignore'
[-1.668s] Level 1:colcon.colcon_core.package_identification:_identify(install) ignored
[-1.668s] Level 1:colcon.colcon_core.package_identification:_identify(log) by extensions ['ignore', 'ignore_ament_install']
[-1.668s] Level 1:colcon.colcon_core.package_identification:_identify(log) by extension 'ignore'
[-1.668s] Level 1:colcon.colcon_core.package_identification:_identify(log) ignored
[-1.668s] Level 1:colcon.colcon_core.package_identification:_identify(src) by extensions ['ignore', 'ignore_ament_install']
[-1.667s] Level 1:colcon.colcon_core.package_identification:_identify(src) by extension 'ignore'
[-1.667s] Level 1:colcon.colcon_core.package_identification:_identify(src) by extension 'ignore_ament_install'
[-1.667s] Level 1:colcon.colcon_core.package_identification:_identify(src) by extensions ['colcon_pkg']
[-1.667s] Level 1:colcon.colcon_core.package_identification:_identify(src) by extension 'colcon_pkg'
[-1.667s] Level 1:colcon.colcon_core.package_identification:_identify(src) by extensions ['colcon_meta']
[-1.667s] Level 1:colcon.colcon_core.package_identification:_identify(src) by extension 'colcon_meta'
[-1.667s] Level 1:colcon.colcon_core.package_identification:_identify(src) by extensions ['ros']
[-1.667s] Level 1:colcon.colcon_core.package_identification:_identify(src) by extension 'ros'
[-1.667s] Level 1:colcon.colcon_core.package_identification:_identify(src) by extensions ['cmake', 'python']
[-1.667s] Level 1:colcon.colcon_core.package_identification:_identify(src) by extension 'cmake'
[-1.667s] Level 1:colcon.colcon_core.package_identification:_identify(src) by extension 'python'
[-1.667s] Level 1:colcon.colcon_core.package_identification:_identify(src) by extensions ['python_setup_py']
[-1.667s] Level 1:colcon.colcon_core.package_identification:_identify(src) by extension 'python_setup_py'
[-1.667s] Level 1:colcon.colcon_core.package_identification:_identify(src/gazebo_ros2_control) by extensions ['ignore', 'ignore_ament_install']
[-1.667s] Level 1:colcon.colcon_core.package_identification:_identify(src/gazebo_ros2_control) by extension 'ignore'
[-1.667s] Level 1:colcon.colcon_core.package_identification:_identify(src/gazebo_ros2_control) by extension 'ignore_ament_install'
[-1.667s] Level 1:colcon.colcon_core.package_identification:_identify(src/gazebo_ros2_control) by extensions ['colcon_pkg']
[-1.667s] Level 1:colcon.colcon_core.package_identification:_identify(src/gazebo_ros2_control) by extension 'colcon_pkg'
[-1.667s] Level 1:colcon.colcon_core.package_identification:_identify(src/gazebo_ros2_control) by extensions ['colcon_meta']
[-1.667s] Level 1:colcon.colcon_core.package_identification:_identify(src/gazebo_ros2_control) by extension 'colcon_meta'
[-1.667s] Level 1:colcon.colcon_core.package_identification:_identify(src/gazebo_ros2_control) by extensions ['ros']
[-1.667s] Level 1:colcon.colcon_core.package_identification:_identify(src/gazebo_ros2_control) by extension 'ros'
[-1.667s] Level 1:colcon.colcon_core.package_identification:_identify(src/gazebo_ros2_control) by extensions ['cmake', 'python']
[-1.667s] Level 1:colcon.colcon_core.package_identification:_identify(src/gazebo_ros2_control) by extension 'cmake'
[-1.666s] Level 1:colcon.colcon_core.package_identification:_identify(src/gazebo_ros2_control) by extension 'python'
[-1.666s] Level 1:colcon.colcon_core.package_identification:_identify(src/gazebo_ros2_control) by extensions ['python_setup_py']
[-1.666s] Level 1:colcon.colcon_core.package_identification:_identify(src/gazebo_ros2_control) by extension 'python_setup_py'
[-1.666s] Level 1:colcon.colcon_core.package_identification:_identify(src/gazebo_ros2_control/Docker) by extensions ['ignore', 'ignore_ament_install']
[-1.666s] Level 1:colcon.colcon_core.package_identification:_identify(src/gazebo_ros2_control/Docker) by extension 'ignore'
[-1.666s] Level 1:colcon.colcon_core.package_identification:_identify(src/gazebo_ros2_control/Docker) by extension 'ignore_ament_install'
[-1.666s] Level 1:colcon.colcon_core.package_identification:_identify(src/gazebo_ros2_control/Docker) by extensions ['colcon_pkg']
[-1.666s] Level 1:colcon.colcon_core.package_identification:_identify(src/gazebo_ros2_control/Docker) by extension 'colcon_pkg'
[-1.666s] Level 1:colcon.colcon_core.package_identification:_identify(src/gazebo_ros2_control/Docker) by extensions ['colcon_meta']
[-1.666s] Level 1:colcon.colcon_core.package_identification:_identify(src/gazebo_ros2_control/Docker) by extension 'colcon_meta'
[-1.666s] Level 1:colcon.colcon_core.package_identification:_identify(src/gazebo_ros2_control/Docker) by extensions ['ros']
[-1.666s] Level 1:colcon.colcon_core.package_identification:_identify(src/gazebo_ros2_control/Docker) by extension 'ros'
[-1.666s] Level 1:colcon.colcon_core.package_identification:_identify(src/gazebo_ros2_control/Docker) by extensions ['cmake', 'python']
[-1.666s] Level 1:colcon.colcon_core.package_identification:_identify(src/gazebo_ros2_control/Docker) by extension 'cmake'
[-1.666s] Level 1:colcon.colcon_core.package_identification:_identify(src/gazebo_ros2_control/Docker) by extension 'python'
[-1.666s] Level 1:colcon.colcon_core.package_identification:_identify(src/gazebo_ros2_control/Docker) by extensions ['python_setup_py']
[-1.666s] Level 1:colcon.colcon_core.package_identification:_identify(src/gazebo_ros2_control/Docker) by extension 'python_setup_py'
[-1.665s] Level 1:colcon.colcon_core.package_identification:_identify(src/gazebo_ros2_control/doc) by extensions ['ignore', 'ignore_ament_install']
[-1.665s] Level 1:colcon.colcon_core.package_identification:_identify(src/gazebo_ros2_control/doc) by extension 'ignore'
[-1.665s] Level 1:colcon.colcon_core.package_identification:_identify(src/gazebo_ros2_control/doc) by extension 'ignore_ament_install'
[-1.665s] Level 1:colcon.colcon_core.package_identification:_identify(src/gazebo_ros2_control/doc) by extensions ['colcon_pkg']
[-1.665s] Level 1:colcon.colcon_core.package_identification:_identify(src/gazebo_ros2_control/doc) by extension 'colcon_pkg'
[-1.665s] Level 1:colcon.colcon_core.package_identification:_identify(src/gazebo_ros2_control/doc) by extensions ['colcon_meta']
[-1.665s] Level 1:colcon.colcon_core.package_identification:_identify(src/gazebo_ros2_control/doc) by extension 'colcon_meta'
[-1.665s] Level 1:colcon.colcon_core.package_identification:_identify(src/gazebo_ros2_control/doc) by extensions ['ros']
[-1.665s] Level 1:colcon.colcon_core.package_identification:_identify(src/gazebo_ros2_control/doc) by extension 'ros'
[-1.665s] Level 1:colcon.colcon_core.package_identification:_identify(src/gazebo_ros2_control/doc) by extensions ['cmake', 'python']
[-1.665s] Level 1:colcon.colcon_core.package_identification:_identify(src/gazebo_ros2_control/doc) by extension 'cmake'
[-1.665s] Level 1:colcon.colcon_core.package_identification:_identify(src/gazebo_ros2_control/doc) by extension 'python'
[-1.665s] Level 1:colcon.colcon_core.package_identification:_identify(src/gazebo_ros2_control/doc) by extensions ['python_setup_py']
[-1.665s] Level 1:colcon.colcon_core.package_identification:_identify(src/gazebo_ros2_control/doc) by extension 'python_setup_py'
[-1.665s] Level 1:colcon.colcon_core.package_identification:_identify(src/gazebo_ros2_control/doc/img) by extensions ['ignore', 'ignore_ament_install']
[-1.665s] Level 1:colcon.colcon_core.package_identification:_identify(src/gazebo_ros2_control/doc/img) by extension 'ignore'
[-1.665s] Level 1:colcon.colcon_core.package_identification:_identify(src/gazebo_ros2_control/doc/img) by extension 'ignore_ament_install'
[-1.664s] Level 1:colcon.colcon_core.package_identification:_identify(src/gazebo_ros2_control/doc/img) by extensions ['colcon_pkg']
[-1.664s] Level 1:colcon.colcon_core.package_identification:_identify(src/gazebo_ros2_control/doc/img) by extension 'colcon_pkg'
[-1.664s] Level 1:colcon.colcon_core.package_identification:_identify(src/gazebo_ros2_control/doc/img) by extensions ['colcon_meta']
[-1.664s] Level 1:colcon.colcon_core.package_identification:_identify(src/gazebo_ros2_control/doc/img) by extension 'colcon_meta'
[-1.664s] Level 1:colcon.colcon_core.package_identification:_identify(src/gazebo_ros2_control/doc/img) by extensions ['ros']
[-1.664s] Level 1:colcon.colcon_core.package_identification:_identify(src/gazebo_ros2_control/doc/img) by extension 'ros'
[-1.664s] Level 1:colcon.colcon_core.package_identification:_identify(src/gazebo_ros2_control/doc/img) by extensions ['cmake', 'python']
[-1.664s] Level 1:colcon.colcon_core.package_identification:_identify(src/gazebo_ros2_control/doc/img) by extension 'cmake'
[-1.664s] Level 1:colcon.colcon_core.package_identification:_identify(src/gazebo_ros2_control/doc/img) by extension 'python'
[-1.664s] Level 1:colcon.colcon_core.package_identification:_identify(src/gazebo_ros2_control/doc/img) by extensions ['python_setup_py']
[-1.664s] Level 1:colcon.colcon_core.package_identification:_identify(src/gazebo_ros2_control/doc/img) by extension 'python_setup_py'
[-1.664s] Level 1:colcon.colcon_core.package_identification:_identify(src/gazebo_ros2_control/gazebo_ros2_control) by extensions ['ignore', 'ignore_ament_install']
[-1.664s] Level 1:colcon.colcon_core.package_identification:_identify(src/gazebo_ros2_control/gazebo_ros2_control) by extension 'ignore'
[-1.664s] Level 1:colcon.colcon_core.package_identification:_identify(src/gazebo_ros2_control/gazebo_ros2_control) by extension 'ignore_ament_install'
[-1.664s] Level 1:colcon.colcon_core.package_identification:_identify(src/gazebo_ros2_control/gazebo_ros2_control) by extensions ['colcon_pkg']
[-1.664s] Level 1:colcon.colcon_core.package_identification:_identify(src/gazebo_ros2_control/gazebo_ros2_control) by extension 'colcon_pkg'
[-1.664s] Level 1:colcon.colcon_core.package_identification:_identify(src/gazebo_ros2_control/gazebo_ros2_control) by extensions ['colcon_meta']
[-1.664s] Level 1:colcon.colcon_core.package_identification:_identify(src/gazebo_ros2_control/gazebo_ros2_control) by extension 'colcon_meta'
[-1.664s] Level 1:colcon.colcon_core.package_identification:_identify(src/gazebo_ros2_control/gazebo_ros2_control) by extensions ['ros']
[-1.664s] Level 1:colcon.colcon_core.package_identification:_identify(src/gazebo_ros2_control/gazebo_ros2_control) by extension 'ros'
[-1.660s] DEBUG:colcon.colcon_core.package_identification:Package 'src/gazebo_ros2_control/gazebo_ros2_control' with type 'ros.ament_cmake' and name 'gazebo_ros2_control'
[-1.660s] Level 1:colcon.colcon_core.package_identification:_identify(src/gazebo_ros2_control/gazebo_ros2_control_demos) by extensions ['ignore', 'ignore_ament_install']
[-1.660s] Level 1:colcon.colcon_core.package_identification:_identify(src/gazebo_ros2_control/gazebo_ros2_control_demos) by extension 'ignore'
[-1.660s] Level 1:colcon.colcon_core.package_identification:_identify(src/gazebo_ros2_control/gazebo_ros2_control_demos) by extension 'ignore_ament_install'
[-1.660s] Level 1:colcon.colcon_core.package_identification:_identify(src/gazebo_ros2_control/gazebo_ros2_control_demos) by extensions ['colcon_pkg']
[-1.660s] Level 1:colcon.colcon_core.package_identification:_identify(src/gazebo_ros2_control/gazebo_ros2_control_demos) by extension 'colcon_pkg'
[-1.660s] Level 1:colcon.colcon_core.package_identification:_identify(src/gazebo_ros2_control/gazebo_ros2_control_demos) by extensions ['colcon_meta']
[-1.660s] Level 1:colcon.colcon_core.package_identification:_identify(src/gazebo_ros2_control/gazebo_ros2_control_demos) by extension 'colcon_meta'
[-1.660s] Level 1:colcon.colcon_core.package_identification:_identify(src/gazebo_ros2_control/gazebo_ros2_control_demos) by extensions ['ros']
[-1.660s] Level 1:colcon.colcon_core.package_identification:_identify(src/gazebo_ros2_control/gazebo_ros2_control_demos) by extension 'ros'
[-1.659s] DEBUG:colcon.colcon_core.package_identification:Package 'src/gazebo_ros2_control/gazebo_ros2_control_demos' with type 'ros.ament_cmake' and name 'gazebo_ros2_control_demos'
[-1.659s] Level 1:colcon.colcon_core.package_identification:_identify(src/my_bot) by extensions ['ignore', 'ignore_ament_install']
[-1.659s] Level 1:colcon.colcon_core.package_identification:_identify(src/my_bot) by extension 'ignore'
[-1.659s] Level 1:colcon.colcon_core.package_identification:_identify(src/my_bot) by extension 'ignore_ament_install'
[-1.659s] Level 1:colcon.colcon_core.package_identification:_identify(src/my_bot) by extensions ['colcon_pkg']
[-1.658s] Level 1:colcon.colcon_core.package_identification:_identify(src/my_bot) by extension 'colcon_pkg'
[-1.658s] Level 1:colcon.colcon_core.package_identification:_identify(src/my_bot) by extensions ['colcon_meta']
[-1.658s] Level 1:colcon.colcon_core.package_identification:_identify(src/my_bot) by extension 'colcon_meta'
[-1.658s] Level 1:colcon.colcon_core.package_identification:_identify(src/my_bot) by extensions ['ros']
[-1.658s] Level 1:colcon.colcon_core.package_identification:_identify(src/my_bot) by extension 'ros'
[-1.658s] DEBUG:colcon.colcon_core.package_identification:Package 'src/my_bot' with type 'ros.ament_cmake' and name 'my_bot'
[-1.658s] Level 1:colcon.colcon_core.package_identification:_identify(src/q_bot) by extensions ['ignore', 'ignore_ament_install']
[-1.658s] Level 1:colcon.colcon_core.package_identification:_identify(src/q_bot) by extension 'ignore'
[-1.658s] Level 1:colcon.colcon_core.package_identification:_identify(src/q_bot) by extension 'ignore_ament_install'
[-1.658s] Level 1:colcon.colcon_core.package_identification:_identify(src/q_bot) by extensions ['colcon_pkg']
[-1.658s] Level 1:colcon.colcon_core.package_identification:_identify(src/q_bot) by extension 'colcon_pkg'
[-1.658s] Level 1:colcon.colcon_core.package_identification:_identify(src/q_bot) by extensions ['colcon_meta']
[-1.657s] Level 1:colcon.colcon_core.package_identification:_identify(src/q_bot) by extension 'colcon_meta'
[-1.657s] Level 1:colcon.colcon_core.package_identification:_identify(src/q_bot) by extensions ['ros']
[-1.657s] Level 1:colcon.colcon_core.package_identification:_identify(src/q_bot) by extension 'ros'
[-1.657s] DEBUG:colcon.colcon_core.package_identification:Package 'src/q_bot' with type 'ros.ament_cmake' and name 'q_bot'
[-1.657s] Level 1:colcon.colcon_core.package_discovery:discover_packages(recursive) using defaults
[-1.657s] Level 1:colcon.colcon_core.package_discovery:discover_packages(ignore) discover
[-1.657s] Level 1:colcon.colcon_core.package_discovery:discover_packages(ignore) using defaults
[-1.657s] Level 1:colcon.colcon_core.package_discovery:discover_packages(path) discover
[-1.657s] Level 1:colcon.colcon_core.package_discovery:discover_packages(path) using defaults
[-1.622s] Level 1:colcon.colcon_core.package_discovery:discover_packages(prefix_path) check parameters
[-1.622s] Level 1:colcon.colcon_core.package_discovery:discover_packages(prefix_path) discover
[-1.620s] DEBUG:colcon.colcon_installed_package_information.package_discovery:Found 4 installed packages in /home/sidubuntu/dev_ws/install
[-1.618s] DEBUG:colcon.colcon_installed_package_information.package_discovery:Found 399 installed packages in /opt/ros/humble
[-1.616s] Level 1:colcon.colcon_core.package_discovery:discover_packages(prefix_path) using defaults
[-1.562s] Level 5:colcon.colcon_core.verb:set package 'gazebo_ros2_control' build argument 'cmake_args' from command line to 'None'
[-1.562s] Level 5:colcon.colcon_core.verb:set package 'gazebo_ros2_control' build argument 'cmake_target' from command line to 'None'
[-1.562s] Level 5:colcon.colcon_core.verb:set package 'gazebo_ros2_control' build argument 'cmake_target_skip_unavailable' from command line to 'False'
[-1.562s] Level 5:colcon.colcon_core.verb:set package 'gazebo_ros2_control' build argument 'cmake_clean_cache' from command line to 'False'
[-1.562s] Level 5:colcon.colcon_core.verb:set package 'gazebo_ros2_control' build argument 'cmake_clean_first' from command line to 'False'
[-1.562s] Level 5:colcon.colcon_core.verb:set package 'gazebo_ros2_control' build argument 'cmake_force_configure' from command line to 'False'
[-1.562s] Level 5:colcon.colcon_core.verb:set package 'gazebo_ros2_control' build argument 'ament_cmake_args' from command line to 'None'
[-1.562s] Level 5:colcon.colcon_core.verb:set package 'gazebo_ros2_control' build argument 'catkin_cmake_args' from command line to 'None'
[-1.562s] Level 5:colcon.colcon_core.verb:set package 'gazebo_ros2_control' build argument 'catkin_skip_building_tests' from command line to 'False'
[-1.562s] DEBUG:colcon.colcon_core.verb:Building package 'gazebo_ros2_control' with the following arguments: {'ament_cmake_args': None, 'build_base': '/home/sidubuntu/dev_ws/build/gazebo_ros2_control', 'catkin_cmake_args': None, 'catkin_skip_building_tests': False, 'cmake_args': None, 'cmake_clean_cache': False, 'cmake_clean_first': False, 'cmake_force_configure': False, 'cmake_target': None, 'cmake_target_skip_unavailable': False, 'install_base': '/home/sidubuntu/dev_ws/install/gazebo_ros2_control', 'merge_install': False, 'path': '/home/sidubuntu/dev_ws/src/gazebo_ros2_control/gazebo_ros2_control', 'symlink_install': True, 'test_result_base': None}
[-1.561s] Level 5:colcon.colcon_core.verb:set package 'my_bot' build argument 'cmake_args' from command line to 'None'
[-1.561s] Level 5:colcon.colcon_core.verb:set package 'my_bot' build argument 'cmake_target' from command line to 'None'
[-1.561s] Level 5:colcon.colcon_core.verb:set package 'my_bot' build argument 'cmake_target_skip_unavailable' from command line to 'False'
[-1.561s] Level 5:colcon.colcon_core.verb:set package 'my_bot' build argument 'cmake_clean_cache' from command line to 'False'
[-1.561s] Level 5:colcon.colcon_core.verb:set package 'my_bot' build argument 'cmake_clean_first' from command line to 'False'
[-1.561s] Level 5:colcon.colcon_core.verb:set package 'my_bot' build argument 'cmake_force_configure' from command line to 'False'
[-1.561s] Level 5:colcon.colcon_core.verb:set package 'my_bot' build argument 'ament_cmake_args' from command line to 'None'
[-1.561s] Level 5:colcon.colcon_core.verb:set package 'my_bot' build argument 'catkin_cmake_args' from command line to 'None'
[-1.561s] Level 5:colcon.colcon_core.verb:set package 'my_bot' build argument 'catkin_skip_building_tests' from command line to 'False'
[-1.561s] DEBUG:colcon.colcon_core.verb:Building package 'my_bot' with the following arguments: {'ament_cmake_args': None, 'build_base': '/home/sidubuntu/dev_ws/build/my_bot', 'catkin_cmake_args': None, 'catkin_skip_building_tests': False, 'cmake_args': None, 'cmake_clean_cache': False, 'cmake_clean_first': False, 'cmake_force_configure': False, 'cmake_target': None, 'cmake_target_skip_unavailable': False, 'install_base': '/home/sidubuntu/dev_ws/install/my_bot', 'merge_install': False, 'path': '/home/sidubuntu/dev_ws/src/my_bot', 'symlink_install': True, 'test_result_base': None}
[-1.561s] Level 5:colcon.colcon_core.verb:set package 'q_bot' build argument 'cmake_args' from command line to 'None'
[-1.561s] Level 5:colcon.colcon_core.verb:set package 'q_bot' build argument 'cmake_target' from command line to 'None'
[-1.561s] Level 5:colcon.colcon_core.verb:set package 'q_bot' build argument 'cmake_target_skip_unavailable' from command line to 'False'
[-1.561s] Level 5:colcon.colcon_core.verb:set package 'q_bot' build argument 'cmake_clean_cache' from command line to 'False'
[-1.561s] Level 5:colcon.colcon_core.verb:set package 'q_bot' build argument 'cmake_clean_first' from command line to 'False'
[-1.561s] Level 5:colcon.colcon_core.verb:set package 'q_bot' build argument 'cmake_force_configure' from command line to 'False'
[-1.561s] Level 5:colcon.colcon_core.verb:set package 'q_bot' build argument 'ament_cmake_args' from command line to 'None'
[-1.561s] Level 5:colcon.colcon_core.verb:set package 'q_bot' build argument 'catkin_cmake_args' from command line to 'None'
[-1.561s] Level 5:colcon.colcon_core.verb:set package 'q_bot' build argument 'catkin_skip_building_tests' from command line to 'False'
[-1.561s] DEBUG:colcon.colcon_core.verb:Building package 'q_bot' with the following arguments: {'ament_cmake_args': None, 'build_base': '/home/sidubuntu/dev_ws/build/q_bot', 'catkin_cmake_args': None, 'catkin_skip_building_tests': False, 'cmake_args': None, 'cmake_clean_cache': False, 'cmake_clean_first': False, 'cmake_force_configure': False, 'cmake_target': None, 'cmake_target_skip_unavailable': False, 'install_base': '/home/sidubuntu/dev_ws/install/q_bot', 'merge_install': False, 'path': '/home/sidubuntu/dev_ws/src/q_bot', 'symlink_install': True, 'test_result_base': None}
[-1.560s] Level 5:colcon.colcon_core.verb:set package 'gazebo_ros2_control_demos' build argument 'cmake_args' from command line to 'None'
[-1.560s] Level 5:colcon.colcon_core.verb:set package 'gazebo_ros2_control_demos' build argument 'cmake_target' from command line to 'None'
[-1.560s] Level 5:colcon.colcon_core.verb:set package 'gazebo_ros2_control_demos' build argument 'cmake_target_skip_unavailable' from command line to 'False'
[-1.560s] Level 5:colcon.colcon_core.verb:set package 'gazebo_ros2_control_demos' build argument 'cmake_clean_cache' from command line to 'False'
[-1.560s] Level 5:colcon.colcon_core.verb:set package 'gazebo_ros2_control_demos' build argument 'cmake_clean_first' from command line to 'False'
[-1.560s] Level 5:colcon.colcon_core.verb:set package 'gazebo_ros2_control_demos' build argument 'cmake_force_configure' from command line to 'False'
[-1.560s] Level 5:colcon.colcon_core.verb:set package 'gazebo_ros2_control_demos' build argument 'ament_cmake_args' from command line to 'None'
[-1.560s] Level 5:colcon.colcon_core.verb:set package 'gazebo_ros2_control_demos' build argument 'catkin_cmake_args' from command line to 'None'
[-1.560s] Level 5:colcon.colcon_core.verb:set package 'gazebo_ros2_control_demos' build argument 'catkin_skip_building_tests' from command line to 'False'
[-1.560s] DEBUG:colcon.colcon_core.verb:Building package 'gazebo_ros2_control_demos' with the following arguments: {'ament_cmake_args': None, 'build_base': '/home/sidubuntu/dev_ws/build/gazebo_ros2_control_demos', 'catkin_cmake_args': None, 'catkin_skip_building_tests': False, 'cmake_args': None, 'cmake_clean_cache': False, 'cmake_clean_first': False, 'cmake_force_configure': False, 'cmake_target': None, 'cmake_target_skip_unavailable': False, 'install_base': '/home/sidubuntu/dev_ws/install/gazebo_ros2_control_demos', 'merge_install': False, 'path': '/home/sidubuntu/dev_ws/src/gazebo_ros2_control/gazebo_ros2_control_demos', 'symlink_install': True, 'test_result_base': None}
[-1.560s] INFO:colcon.colcon_core.executor:Executing jobs using 'parallel' executor
[-1.558s] DEBUG:colcon.colcon_parallel_executor.executor.parallel:run_until_complete
[-1.558s] INFO:colcon.colcon_ros.task.ament_cmake.build:Building ROS package in '/home/sidubuntu/dev_ws/src/gazebo_ros2_control/gazebo_ros2_control' with build type 'ament_cmake'
[-1.558s] INFO:colcon.colcon_cmake.task.cmake.build:Building CMake package in '/home/sidubuntu/dev_ws/src/gazebo_ros2_control/gazebo_ros2_control'
[-1.555s] INFO:colcon.colcon_core.plugin_system:Skipping extension 'colcon_core.shell.bat': Not used on non-Windows systems
[-1.554s] INFO:colcon.colcon_core.shell:Skip shell extension 'powershell' for command environment: Not usable outside of PowerShell
[-1.554s] DEBUG:colcon.colcon_core.shell:Skip shell extension 'dsv' for command environment
[-1.549s] INFO:colcon.colcon_ros.task.ament_cmake.build:Building ROS package in '/home/sidubuntu/dev_ws/src/my_bot' with build type 'ament_cmake'
[-1.549s] INFO:colcon.colcon_cmake.task.cmake.build:Building CMake package in '/home/sidubuntu/dev_ws/src/my_bot'
[-1.549s] INFO:colcon.colcon_core.shell:Skip shell extension 'powershell' for command environment: Not usable outside of PowerShell
[-1.549s] DEBUG:colcon.colcon_core.shell:Skip shell extension 'dsv' for command environment
[-1.543s] INFO:colcon.colcon_ros.task.ament_cmake.build:Building ROS package in '/home/sidubuntu/dev_ws/src/q_bot' with build type 'ament_cmake'
[-1.543s] INFO:colcon.colcon_cmake.task.cmake.build:Building CMake package in '/home/sidubuntu/dev_ws/src/q_bot'
[-1.542s] INFO:colcon.colcon_core.shell:Skip shell extension 'powershell' for command environment: Not usable outside of PowerShell
[-1.542s] DEBUG:colcon.colcon_core.shell:Skip shell extension 'dsv' for command environment
[-1.524s] DEBUG:colcon.colcon_core.event_handler.log_command:Invoking command in '/home/sidubuntu/dev_ws/build/gazebo_ros2_control': CMAKE_PREFIX_PATH=${CMAKE_PREFIX_PATH}:/opt/ros/humble /usr/bin/cmake --build /home/sidubuntu/dev_ws/build/gazebo_ros2_control -- -j8 -l8
[-1.517s] DEBUG:colcon.colcon_core.event_handler.log_command:Invoking command in '/home/sidubuntu/dev_ws/build/my_bot': CMAKE_PREFIX_PATH=${CMAKE_PREFIX_PATH}:/opt/ros/humble /usr/bin/cmake --build /home/sidubuntu/dev_ws/build/my_bot -- -j8 -l8
[-1.509s] DEBUG:colcon.colcon_core.event_handler.log_command:Invoking command in '/home/sidubuntu/dev_ws/build/q_bot': CMAKE_PREFIX_PATH=${CMAKE_PREFIX_PATH}:/opt/ros/humble /usr/bin/cmake --build /home/sidubuntu/dev_ws/build/q_bot -- -j8 -l8
[-1.463s] DEBUG:colcon.colcon_core.event_handler.log_command:Invoked command in '/home/sidubuntu/dev_ws/build/my_bot' returned '0': CMAKE_PREFIX_PATH=${CMAKE_PREFIX_PATH}:/opt/ros/humble /usr/bin/cmake --build /home/sidubuntu/dev_ws/build/my_bot -- -j8 -l8
[-1.444s] DEBUG:colcon.colcon_core.event_handler.log_command:Invoking command in '/home/sidubuntu/dev_ws/build/my_bot': CMAKE_PREFIX_PATH=${CMAKE_PREFIX_PATH}:/opt/ros/humble /usr/bin/cmake --install /home/sidubuntu/dev_ws/build/my_bot
[-1.439s] DEBUG:colcon.colcon_core.event_handler.log_command:Invoked command in '/home/sidubuntu/dev_ws/build/q_bot' returned '0': CMAKE_PREFIX_PATH=${CMAKE_PREFIX_PATH}:/opt/ros/humble /usr/bin/cmake --build /home/sidubuntu/dev_ws/build/q_bot -- -j8 -l8
[-1.434s] DEBUG:colcon.colcon_core.event_handler.log_command:Invoking command in '/home/sidubuntu/dev_ws/build/q_bot': CMAKE_PREFIX_PATH=${CMAKE_PREFIX_PATH}:/opt/ros/humble /usr/bin/cmake --install /home/sidubuntu/dev_ws/build/q_bot
[-1.393s] Level 1:colcon.colcon_core.environment:create_environment_scripts_only(my_bot)
[-1.393s] DEBUG:colcon.colcon_core.event_handler.log_command:Invoked command in '/home/sidubuntu/dev_ws/build/my_bot' returned '0': CMAKE_PREFIX_PATH=${CMAKE_PREFIX_PATH}:/opt/ros/humble /usr/bin/cmake --install /home/sidubuntu/dev_ws/build/my_bot
[-1.383s] Level 1:colcon.colcon_core.environment:checking '/home/sidubuntu/dev_ws/install/my_bot' for CMake module files
[-1.382s] Level 1:colcon.colcon_core.environment:checking '/home/sidubuntu/dev_ws/install/my_bot' for CMake config files
[-1.382s] Level 1:colcon.colcon_core.shell:create_environment_hook('my_bot', 'cmake_prefix_path')
[-1.382s] INFO:colcon.colcon_core.shell:Creating environment hook '/home/sidubuntu/dev_ws/install/my_bot/share/my_bot/hook/cmake_prefix_path.ps1'
[-1.381s] INFO:colcon.colcon_core.shell:Creating environment descriptor '/home/sidubuntu/dev_ws/install/my_bot/share/my_bot/hook/cmake_prefix_path.dsv'
[-1.380s] INFO:colcon.colcon_core.shell:Creating environment hook '/home/sidubuntu/dev_ws/install/my_bot/share/my_bot/hook/cmake_prefix_path.sh'
[-1.379s] Level 1:colcon.colcon_core.environment:checking '/home/sidubuntu/dev_ws/install/my_bot/bin'
[-1.379s] Level 1:colcon.colcon_core.environment:checking '/home/sidubuntu/dev_ws/install/my_bot/lib/pkgconfig/my_bot.pc'
[-1.378s] Level 1:colcon.colcon_core.environment:checking '/home/sidubuntu/dev_ws/install/my_bot/lib/python3.10/site-packages'
[-1.378s] Level 1:colcon.colcon_core.environment:checking '/home/sidubuntu/dev_ws/install/my_bot/bin'
[-1.377s] INFO:colcon.colcon_core.shell:Creating package script '/home/sidubuntu/dev_ws/install/my_bot/share/my_bot/package.ps1'
[-1.375s] INFO:colcon.colcon_core.shell:Creating package descriptor '/home/sidubuntu/dev_ws/install/my_bot/share/my_bot/package.dsv'
[-1.374s] INFO:colcon.colcon_core.shell:Creating package script '/home/sidubuntu/dev_ws/install/my_bot/share/my_bot/package.sh'
[-1.373s] INFO:colcon.colcon_core.shell:Creating package script '/home/sidubuntu/dev_ws/install/my_bot/share/my_bot/package.bash'
[-1.371s] INFO:colcon.colcon_core.shell:Creating package script '/home/sidubuntu/dev_ws/install/my_bot/share/my_bot/package.zsh'
[-1.370s] Level 1:colcon.colcon_core.environment:create_file_with_runtime_dependencies(/home/sidubuntu/dev_ws/install/my_bot/share/colcon-core/packages/my_bot)
[-1.370s] Level 1:colcon.colcon_core.environment:create_environment_scripts_only(my_bot)
[-1.369s] Level 1:colcon.colcon_core.environment:checking '/home/sidubuntu/dev_ws/install/my_bot' for CMake module files
[-1.369s] Level 1:colcon.colcon_core.environment:checking '/home/sidubuntu/dev_ws/install/my_bot' for CMake config files
[-1.368s] Level 1:colcon.colcon_core.shell:create_environment_hook('my_bot', 'cmake_prefix_path')
[-1.368s] INFO:colcon.colcon_core.shell:Creating environment hook '/home/sidubuntu/dev_ws/install/my_bot/share/my_bot/hook/cmake_prefix_path.ps1'
[-1.368s] INFO:colcon.colcon_core.shell:Creating environment descriptor '/home/sidubuntu/dev_ws/install/my_bot/share/my_bot/hook/cmake_prefix_path.dsv'
[-1.367s] INFO:colcon.colcon_core.shell:Creating environment hook '/home/sidubuntu/dev_ws/install/my_bot/share/my_bot/hook/cmake_prefix_path.sh'
[-1.366s] Level 1:colcon.colcon_core.environment:checking '/home/sidubuntu/dev_ws/install/my_bot/bin'
[-1.366s] Level 1:colcon.colcon_core.environment:checking '/home/sidubuntu/dev_ws/install/my_bot/lib/pkgconfig/my_bot.pc'
[-1.366s] Level 1:colcon.colcon_core.environment:checking '/home/sidubuntu/dev_ws/install/my_bot/lib/python3.10/site-packages'
[-1.365s] Level 1:colcon.colcon_core.environment:checking '/home/sidubuntu/dev_ws/install/my_bot/bin'
[-1.365s] INFO:colcon.colcon_core.shell:Creating package script '/home/sidubuntu/dev_ws/install/my_bot/share/my_bot/package.ps1'
[-1.364s] INFO:colcon.colcon_core.shell:Creating package descriptor '/home/sidubuntu/dev_ws/install/my_bot/share/my_bot/package.dsv'
[-1.363s] INFO:colcon.colcon_core.shell:Creating package script '/home/sidubuntu/dev_ws/install/my_bot/share/my_bot/package.sh'
[-1.363s] INFO:colcon.colcon_core.shell:Creating package script '/home/sidubuntu/dev_ws/install/my_bot/share/my_bot/package.bash'
[-1.362s] INFO:colcon.colcon_core.shell:Creating package script '/home/sidubuntu/dev_ws/install/my_bot/share/my_bot/package.zsh'
[-1.362s] Level 1:colcon.colcon_core.environment:create_file_with_runtime_dependencies(/home/sidubuntu/dev_ws/install/my_bot/share/colcon-core/packages/my_bot)
[-1.359s] Level 1:colcon.colcon_core.environment:create_environment_scripts_only(q_bot)
[-1.358s] DEBUG:colcon.colcon_core.event_handler.log_command:Invoked command in '/home/sidubuntu/dev_ws/build/q_bot' returned '0': CMAKE_PREFIX_PATH=${CMAKE_PREFIX_PATH}:/opt/ros/humble /usr/bin/cmake --install /home/sidubuntu/dev_ws/build/q_bot
[-1.357s] Level 1:colcon.colcon_core.environment:checking '/home/sidubuntu/dev_ws/install/q_bot' for CMake module files
[-1.357s] Level 1:colcon.colcon_core.environment:checking '/home/sidubuntu/dev_ws/install/q_bot' for CMake config files
[-1.356s] Level 1:colcon.colcon_core.shell:create_environment_hook('q_bot', 'cmake_prefix_path')
[-1.356s] INFO:colcon.colcon_core.shell:Creating environment hook '/home/sidubuntu/dev_ws/install/q_bot/share/q_bot/hook/cmake_prefix_path.ps1'
[-1.355s] INFO:colcon.colcon_core.shell:Creating environment descriptor '/home/sidubuntu/dev_ws/install/q_bot/share/q_bot/hook/cmake_prefix_path.dsv'
[-1.354s] INFO:colcon.colcon_core.shell:Creating environment hook '/home/sidubuntu/dev_ws/install/q_bot/share/q_bot/hook/cmake_prefix_path.sh'
[-1.353s] Level 1:colcon.colcon_core.environment:checking '/home/sidubuntu/dev_ws/install/q_bot/bin'
[-1.353s] Level 1:colcon.colcon_core.environment:checking '/home/sidubuntu/dev_ws/install/q_bot/lib/pkgconfig/q_bot.pc'
[-1.353s] Level 1:colcon.colcon_core.environment:checking '/home/sidubuntu/dev_ws/install/q_bot/lib/python3.10/site-packages'
[-1.352s] Level 1:colcon.colcon_core.environment:checking '/home/sidubuntu/dev_ws/install/q_bot/bin'
[-1.352s] INFO:colcon.colcon_core.shell:Creating package script '/home/sidubuntu/dev_ws/install/q_bot/share/q_bot/package.ps1'
[-1.351s] INFO:colcon.colcon_core.shell:Creating package descriptor '/home/sidubuntu/dev_ws/install/q_bot/share/q_bot/package.dsv'
[-1.351s] INFO:colcon.colcon_core.shell:Creating package script '/home/sidubuntu/dev_ws/install/q_bot/share/q_bot/package.sh'
[-1.350s] INFO:colcon.colcon_core.shell:Creating package script '/home/sidubuntu/dev_ws/install/q_bot/share/q_bot/package.bash'
[-1.350s] INFO:colcon.colcon_core.shell:Creating package script '/home/sidubuntu/dev_ws/install/q_bot/share/q_bot/package.zsh'
[-1.350s] Level 1:colcon.colcon_core.environment:create_file_with_runtime_dependencies(/home/sidubuntu/dev_ws/install/q_bot/share/colcon-core/packages/q_bot)
[-1.349s] Level 1:colcon.colcon_core.environment:create_environment_scripts_only(q_bot)
[-1.349s] Level 1:colcon.colcon_core.environment:checking '/home/sidubuntu/dev_ws/install/q_bot' for CMake module files
[-1.349s] Level 1:colcon.colcon_core.environment:checking '/home/sidubuntu/dev_ws/install/q_bot' for CMake config files
[-1.348s] Level 1:colcon.colcon_core.shell:create_environment_hook('q_bot', 'cmake_prefix_path')
[-1.348s] INFO:colcon.colcon_core.shell:Creating environment hook '/home/sidubuntu/dev_ws/install/q_bot/share/q_bot/hook/cmake_prefix_path.ps1'
[-1.347s] INFO:colcon.colcon_core.shell:Creating environment descriptor '/home/sidubuntu/dev_ws/install/q_bot/share/q_bot/hook/cmake_prefix_path.dsv'
[-1.347s] INFO:colcon.colcon_core.shell:Creating environment hook '/home/sidubuntu/dev_ws/install/q_bot/share/q_bot/hook/cmake_prefix_path.sh'
[-1.346s] Level 1:colcon.colcon_core.environment:checking '/home/sidubuntu/dev_ws/install/q_bot/bin'
[-1.346s] Level 1:colcon.colcon_core.environment:checking '/home/sidubuntu/dev_ws/install/q_bot/lib/pkgconfig/q_bot.pc'
[-1.346s] Level 1:colcon.colcon_core.environment:checking '/home/sidubuntu/dev_ws/install/q_bot/lib/python3.10/site-packages'
[-1.346s] Level 1:colcon.colcon_core.environment:checking '/home/sidubuntu/dev_ws/install/q_bot/bin'
[-1.345s] INFO:colcon.colcon_core.shell:Creating package script '/home/sidubuntu/dev_ws/install/q_bot/share/q_bot/package.ps1'
[-1.344s] INFO:colcon.colcon_core.shell:Creating package descriptor '/home/sidubuntu/dev_ws/install/q_bot/share/q_bot/package.dsv'
[-1.343s] INFO:colcon.colcon_core.shell:Creating package script '/home/sidubuntu/dev_ws/install/q_bot/share/q_bot/package.sh'
[-1.342s] INFO:colcon.colcon_core.shell:Creating package script '/home/sidubuntu/dev_ws/install/q_bot/share/q_bot/package.bash'
[-1.342s] INFO:colcon.colcon_core.shell:Creating package script '/home/sidubuntu/dev_ws/install/q_bot/share/q_bot/package.zsh'
[-1.341s] Level 1:colcon.colcon_core.environment:create_file_with_runtime_dependencies(/home/sidubuntu/dev_ws/install/q_bot/share/colcon-core/packages/q_bot)
[-1.337s] DEBUG:colcon.colcon_core.event_handler.log_command:Invoked command in '/home/sidubuntu/dev_ws/build/gazebo_ros2_control' returned '0': CMAKE_PREFIX_PATH=${CMAKE_PREFIX_PATH}:/opt/ros/humble /usr/bin/cmake --build /home/sidubuntu/dev_ws/build/gazebo_ros2_control -- -j8 -l8
[-1.335s] DEBUG:colcon.colcon_core.event_handler.log_command:Invoking command in '/home/sidubuntu/dev_ws/build/gazebo_ros2_control': CMAKE_PREFIX_PATH=${CMAKE_PREFIX_PATH}:/opt/ros/humble /usr/bin/cmake --install /home/sidubuntu/dev_ws/build/gazebo_ros2_control
[-1.308s] Level 1:colcon.colcon_core.environment:create_environment_scripts_only(gazebo_ros2_control)
[-1.307s] DEBUG:colcon.colcon_core.event_handler.log_command:Invoked command in '/home/sidubuntu/dev_ws/build/gazebo_ros2_control' returned '0': CMAKE_PREFIX_PATH=${CMAKE_PREFIX_PATH}:/opt/ros/humble /usr/bin/cmake --install /home/sidubuntu/dev_ws/build/gazebo_ros2_control
[-1.307s] Level 1:colcon.colcon_core.environment:checking '/home/sidubuntu/dev_ws/install/gazebo_ros2_control' for CMake module files
[-1.306s] Level 1:colcon.colcon_core.environment:checking '/home/sidubuntu/dev_ws/install/gazebo_ros2_control' for CMake config files
[-1.306s] Level 1:colcon.colcon_core.shell:create_environment_hook('gazebo_ros2_control', 'cmake_prefix_path')
[-1.306s] INFO:colcon.colcon_core.shell:Creating environment hook '/home/sidubuntu/dev_ws/install/gazebo_ros2_control/share/gazebo_ros2_control/hook/cmake_prefix_path.ps1'
[-1.305s] INFO:colcon.colcon_core.shell:Creating environment descriptor '/home/sidubuntu/dev_ws/install/gazebo_ros2_control/share/gazebo_ros2_control/hook/cmake_prefix_path.dsv'
[-1.305s] INFO:colcon.colcon_core.shell:Creating environment hook '/home/sidubuntu/dev_ws/install/gazebo_ros2_control/share/gazebo_ros2_control/hook/cmake_prefix_path.sh'
[-1.305s] Level 1:colcon.colcon_core.environment:checking '/home/sidubuntu/dev_ws/install/gazebo_ros2_control/lib'
[-1.304s] Level 1:colcon.colcon_core.shell:create_environment_hook('gazebo_ros2_control', 'ld_library_path_lib')
[-1.304s] INFO:colcon.colcon_core.shell:Creating environment hook '/home/sidubuntu/dev_ws/install/gazebo_ros2_control/share/gazebo_ros2_control/hook/ld_library_path_lib.ps1'
[-1.304s] INFO:colcon.colcon_core.shell:Creating environment descriptor '/home/sidubuntu/dev_ws/install/gazebo_ros2_control/share/gazebo_ros2_control/hook/ld_library_path_lib.dsv'
[-1.303s] INFO:colcon.colcon_core.shell:Creating environment hook '/home/sidubuntu/dev_ws/install/gazebo_ros2_control/share/gazebo_ros2_control/hook/ld_library_path_lib.sh'
[-1.303s] Level 1:colcon.colcon_core.environment:checking '/home/sidubuntu/dev_ws/install/gazebo_ros2_control/bin'
[-1.303s] Level 1:colcon.colcon_core.environment:checking '/home/sidubuntu/dev_ws/install/gazebo_ros2_control/lib/pkgconfig/gazebo_ros2_control.pc'
[-1.302s] Level 1:colcon.colcon_core.environment:checking '/home/sidubuntu/dev_ws/install/gazebo_ros2_control/lib/python3.10/site-packages'
[-1.302s] Level 1:colcon.colcon_core.environment:checking '/home/sidubuntu/dev_ws/install/gazebo_ros2_control/bin'
[-1.301s] INFO:colcon.colcon_core.shell:Creating package script '/home/sidubuntu/dev_ws/install/gazebo_ros2_control/share/gazebo_ros2_control/package.ps1'
[-1.300s] INFO:colcon.colcon_core.shell:Creating package descriptor '/home/sidubuntu/dev_ws/install/gazebo_ros2_control/share/gazebo_ros2_control/package.dsv'
[-1.300s] INFO:colcon.colcon_core.shell:Creating package script '/home/sidubuntu/dev_ws/install/gazebo_ros2_control/share/gazebo_ros2_control/package.sh'
[-1.299s] INFO:colcon.colcon_core.shell:Creating package script '/home/sidubuntu/dev_ws/install/gazebo_ros2_control/share/gazebo_ros2_control/package.bash'
[-1.299s] INFO:colcon.colcon_core.shell:Creating package script '/home/sidubuntu/dev_ws/install/gazebo_ros2_control/share/gazebo_ros2_control/package.zsh'
[-1.299s] Level 1:colcon.colcon_core.environment:create_file_with_runtime_dependencies(/home/sidubuntu/dev_ws/install/gazebo_ros2_control/share/colcon-core/packages/gazebo_ros2_control)
[-1.298s] Level 1:colcon.colcon_core.environment:create_environment_scripts_only(gazebo_ros2_control)
[-1.298s] Level 1:colcon.colcon_core.environment:checking '/home/sidubuntu/dev_ws/install/gazebo_ros2_control' for CMake module files
[-1.298s] Level 1:colcon.colcon_core.environment:checking '/home/sidubuntu/dev_ws/install/gazebo_ros2_control' for CMake config files
[-1.297s] Level 1:colcon.colcon_core.shell:create_environment_hook('gazebo_ros2_control', 'cmake_prefix_path')
[-1.297s] INFO:colcon.colcon_core.shell:Creating environment hook '/home/sidubuntu/dev_ws/install/gazebo_ros2_control/share/gazebo_ros2_control/hook/cmake_prefix_path.ps1'
[-1.297s] INFO:colcon.colcon_core.shell:Creating environment descriptor '/home/sidubuntu/dev_ws/install/gazebo_ros2_control/share/gazebo_ros2_control/hook/cmake_prefix_path.dsv'
[-1.297s] INFO:colcon.colcon_core.shell:Creating environment hook '/home/sidubuntu/dev_ws/install/gazebo_ros2_control/share/gazebo_ros2_control/hook/cmake_prefix_path.sh'
[-1.296s] Level 1:colcon.colcon_core.environment:checking '/home/sidubuntu/dev_ws/install/gazebo_ros2_control/lib'
[-1.296s] Level 1:colcon.colcon_core.shell:create_environment_hook('gazebo_ros2_control', 'ld_library_path_lib')
[-1.296s] INFO:colcon.colcon_core.shell:Creating environment hook '/home/sidubuntu/dev_ws/install/gazebo_ros2_control/share/gazebo_ros2_control/hook/ld_library_path_lib.ps1'
[-1.295s] INFO:colcon.colcon_core.shell:Creating environment descriptor '/home/sidubuntu/dev_ws/install/gazebo_ros2_control/share/gazebo_ros2_control/hook/ld_library_path_lib.dsv'
[-1.295s] INFO:colcon.colcon_core.shell:Creating environment hook '/home/sidubuntu/dev_ws/install/gazebo_ros2_control/share/gazebo_ros2_control/hook/ld_library_path_lib.sh'
[-1.294s] Level 1:colcon.colcon_core.environment:checking '/home/sidubuntu/dev_ws/install/gazebo_ros2_control/bin'
[-1.294s] Level 1:colcon.colcon_core.environment:checking '/home/sidubuntu/dev_ws/install/gazebo_ros2_control/lib/pkgconfig/gazebo_ros2_control.pc'
[-1.294s] Level 1:colcon.colcon_core.environment:checking '/home/sidubuntu/dev_ws/install/gazebo_ros2_control/lib/python3.10/site-packages'
[-1.294s] Level 1:colcon.colcon_core.environment:checking '/home/sidubuntu/dev_ws/install/gazebo_ros2_control/bin'
[-1.294s] INFO:colcon.colcon_core.shell:Creating package script '/home/sidubuntu/dev_ws/install/gazebo_ros2_control/share/gazebo_ros2_control/package.ps1'
[-1.293s] INFO:colcon.colcon_core.shell:Creating package descriptor '/home/sidubuntu/dev_ws/install/gazebo_ros2_control/share/gazebo_ros2_control/package.dsv'
[-1.293s] INFO:colcon.colcon_core.shell:Creating package script '/home/sidubuntu/dev_ws/install/gazebo_ros2_control/share/gazebo_ros2_control/package.sh'
[-1.292s] INFO:colcon.colcon_core.shell:Creating package script '/home/sidubuntu/dev_ws/install/gazebo_ros2_control/share/gazebo_ros2_control/package.bash'
[-1.292s] INFO:colcon.colcon_core.shell:Creating package script '/home/sidubuntu/dev_ws/install/gazebo_ros2_control/share/gazebo_ros2_control/package.zsh'
[-1.291s] Level 1:colcon.colcon_core.environment:create_file_with_runtime_dependencies(/home/sidubuntu/dev_ws/install/gazebo_ros2_control/share/colcon-core/packages/gazebo_ros2_control)
[-1.290s] INFO:colcon.colcon_ros.task.ament_cmake.build:Building ROS package in '/home/sidubuntu/dev_ws/src/gazebo_ros2_control/gazebo_ros2_control_demos' with build type 'ament_cmake'
[-1.290s] INFO:colcon.colcon_cmake.task.cmake.build:Building CMake package in '/home/sidubuntu/dev_ws/src/gazebo_ros2_control/gazebo_ros2_control_demos'
[-1.290s] INFO:colcon.colcon_core.shell:Skip shell extension 'powershell' for command environment: Not usable outside of PowerShell
[-1.290s] DEBUG:colcon.colcon_core.shell:Skip shell extension 'dsv' for command environment
[-1.199s] DEBUG:colcon.colcon_core.event_handler.log_command:Invoking command in '/home/sidubuntu/dev_ws/build/gazebo_ros2_control_demos': CMAKE_PREFIX_PATH=/home/sidubuntu/dev_ws/install/gazebo_ros2_control:/home/sidubuntu/dev_ws/install/q_bot:/home/sidubuntu/dev_ws/install/my_bot:/home/sidubuntu/dev_ws/install/gazebo_ros2_control_demos:/opt/ros/humble /usr/bin/cmake --build /home/sidubuntu/dev_ws/build/gazebo_ros2_control_demos -- -j8 -l8
[-1.081s] DEBUG:colcon.colcon_core.event_handler.log_command:Invoked command in '/home/sidubuntu/dev_ws/build/gazebo_ros2_control_demos' returned '0': CMAKE_PREFIX_PATH=/home/sidubuntu/dev_ws/install/gazebo_ros2_control:/home/sidubuntu/dev_ws/install/q_bot:/home/sidubuntu/dev_ws/install/my_bot:/home/sidubuntu/dev_ws/install/gazebo_ros2_control_demos:/opt/ros/humble /usr/bin/cmake --build /home/sidubuntu/dev_ws/build/gazebo_ros2_control_demos -- -j8 -l8
[-1.079s] DEBUG:colcon.colcon_core.event_handler.log_command:Invoking command in '/home/sidubuntu/dev_ws/build/gazebo_ros2_control_demos': CMAKE_PREFIX_PATH=/home/sidubuntu/dev_ws/install/gazebo_ros2_control:/home/sidubuntu/dev_ws/install/q_bot:/home/sidubuntu/dev_ws/install/my_bot:/home/sidubuntu/dev_ws/install/gazebo_ros2_control_demos:/opt/ros/humble /usr/bin/cmake --install /home/sidubuntu/dev_ws/build/gazebo_ros2_control_demos
[-1.039s] Level 1:colcon.colcon_core.environment:create_environment_scripts_only(gazebo_ros2_control_demos)
[-1.039s] DEBUG:colcon.colcon_core.event_handler.log_command:Invoked command in '/home/sidubuntu/dev_ws/build/gazebo_ros2_control_demos' returned '0': CMAKE_PREFIX_PATH=/home/sidubuntu/dev_ws/install/gazebo_ros2_control:/home/sidubuntu/dev_ws/install/q_bot:/home/sidubuntu/dev_ws/install/my_bot:/home/sidubuntu/dev_ws/install/gazebo_ros2_control_demos:/opt/ros/humble /usr/bin/cmake --install /home/sidubuntu/dev_ws/build/gazebo_ros2_control_demos
[-1.038s] Level 1:colcon.colcon_core.environment:checking '/home/sidubuntu/dev_ws/install/gazebo_ros2_control_demos' for CMake module files
[-1.037s] Level 1:colcon.colcon_core.environment:checking '/home/sidubuntu/dev_ws/install/gazebo_ros2_control_demos' for CMake config files
[-1.037s] Level 1:colcon.colcon_core.shell:create_environment_hook('gazebo_ros2_control_demos', 'cmake_prefix_path')
[-1.037s] INFO:colcon.colcon_core.shell:Creating environment hook '/home/sidubuntu/dev_ws/install/gazebo_ros2_control_demos/share/gazebo_ros2_control_demos/hook/cmake_prefix_path.ps1'
[-1.036s] INFO:colcon.colcon_core.shell:Creating environment descriptor '/home/sidubuntu/dev_ws/install/gazebo_ros2_control_demos/share/gazebo_ros2_control_demos/hook/cmake_prefix_path.dsv'
[-1.035s] INFO:colcon.colcon_core.shell:Creating environment hook '/home/sidubuntu/dev_ws/install/gazebo_ros2_control_demos/share/gazebo_ros2_control_demos/hook/cmake_prefix_path.sh'
[-1.034s] Level 1:colcon.colcon_core.environment:checking '/home/sidubuntu/dev_ws/install/gazebo_ros2_control_demos/lib'
[-1.034s] Level 1:colcon.colcon_core.environment:checking '/home/sidubuntu/dev_ws/install/gazebo_ros2_control_demos/bin'
[-1.034s] Level 1:colcon.colcon_core.environment:checking '/home/sidubuntu/dev_ws/install/gazebo_ros2_control_demos/lib/pkgconfig/gazebo_ros2_control_demos.pc'
[-1.033s] Level 1:colcon.colcon_core.environment:checking '/home/sidubuntu/dev_ws/install/gazebo_ros2_control_demos/lib/python3.10/site-packages'
[-1.033s] Level 1:colcon.colcon_core.environment:checking '/home/sidubuntu/dev_ws/install/gazebo_ros2_control_demos/bin'
[-1.033s] INFO:colcon.colcon_core.shell:Creating package script '/home/sidubuntu/dev_ws/install/gazebo_ros2_control_demos/share/gazebo_ros2_control_demos/package.ps1'
[-1.032s] INFO:colcon.colcon_core.shell:Creating package descriptor '/home/sidubuntu/dev_ws/install/gazebo_ros2_control_demos/share/gazebo_ros2_control_demos/package.dsv'
[-1.031s] INFO:colcon.colcon_core.shell:Creating package script '/home/sidubuntu/dev_ws/install/gazebo_ros2_control_demos/share/gazebo_ros2_control_demos/package.sh'
[-1.031s] INFO:colcon.colcon_core.shell:Creating package script '/home/sidubuntu/dev_ws/install/gazebo_ros2_control_demos/share/gazebo_ros2_control_demos/package.bash'
[-1.031s] INFO:colcon.colcon_core.shell:Creating package script '/home/sidubuntu/dev_ws/install/gazebo_ros2_control_demos/share/gazebo_ros2_control_demos/package.zsh'
[-1.030s] Level 1:colcon.colcon_core.environment:create_file_with_runtime_dependencies(/home/sidubuntu/dev_ws/install/gazebo_ros2_control_demos/share/colcon-core/packages/gazebo_ros2_control_demos)
[-1.030s] Level 1:colcon.colcon_core.environment:create_environment_scripts_only(gazebo_ros2_control_demos)
[-1.029s] Level 1:colcon.colcon_core.environment:checking '/home/sidubuntu/dev_ws/install/gazebo_ros2_control_demos' for CMake module files
[-1.029s] Level 1:colcon.colcon_core.environment:checking '/home/sidubuntu/dev_ws/install/gazebo_ros2_control_demos' for CMake config files
[-1.028s] Level 1:colcon.colcon_core.shell:create_environment_hook('gazebo_ros2_control_demos', 'cmake_prefix_path')
[-1.028s] INFO:colcon.colcon_core.shell:Creating environment hook '/home/sidubuntu/dev_ws/install/gazebo_ros2_control_demos/share/gazebo_ros2_control_demos/hook/cmake_prefix_path.ps1'
[-1.028s] INFO:colcon.colcon_core.shell:Creating environment descriptor '/home/sidubuntu/dev_ws/install/gazebo_ros2_control_demos/share/gazebo_ros2_control_demos/hook/cmake_prefix_path.dsv'
[-1.027s] INFO:colcon.colcon_core.shell:Creating environment hook '/home/sidubuntu/dev_ws/install/gazebo_ros2_control_demos/share/gazebo_ros2_control_demos/hook/cmake_prefix_path.sh'
[-1.027s] Level 1:colcon.colcon_core.environment:checking '/home/sidubuntu/dev_ws/install/gazebo_ros2_control_demos/lib'
[-1.026s] Level 1:colcon.colcon_core.environment:checking '/home/sidubuntu/dev_ws/install/gazebo_ros2_control_demos/bin'
[-1.026s] Level 1:colcon.colcon_core.environment:checking '/home/sidubuntu/dev_ws/install/gazebo_ros2_control_demos/lib/pkgconfig/gazebo_ros2_control_demos.pc'
[-1.026s] Level 1:colcon.colcon_core.environment:checking '/home/sidubuntu/dev_ws/install/gazebo_ros2_control_demos/lib/python3.10/site-packages'
[-1.026s] Level 1:colcon.colcon_core.environment:checking '/home/sidubuntu/dev_ws/install/gazebo_ros2_control_demos/bin'
[-1.026s] INFO:colcon.colcon_core.shell:Creating package script '/home/sidubuntu/dev_ws/install/gazebo_ros2_control_demos/share/gazebo_ros2_control_demos/package.ps1'
[-1.025s] INFO:colcon.colcon_core.shell:Creating package descriptor '/home/sidubuntu/dev_ws/install/gazebo_ros2_control_demos/share/gazebo_ros2_control_demos/package.dsv'
[-1.024s] INFO:colcon.colcon_core.shell:Creating package script '/home/sidubuntu/dev_ws/install/gazebo_ros2_control_demos/share/gazebo_ros2_control_demos/package.sh'
[-1.024s] INFO:colcon.colcon_core.shell:Creating package script '/home/sidubuntu/dev_ws/install/gazebo_ros2_control_demos/share/gazebo_ros2_control_demos/package.bash'
[-1.023s] INFO:colcon.colcon_core.shell:Creating package script '/home/sidubuntu/dev_ws/install/gazebo_ros2_control_demos/share/gazebo_ros2_control_demos/package.zsh'
[-1.022s] Level 1:colcon.colcon_core.environment:create_file_with_runtime_dependencies(/home/sidubuntu/dev_ws/install/gazebo_ros2_control_demos/share/colcon-core/packages/gazebo_ros2_control_demos)
[-1.022s] DEBUG:colcon.colcon_parallel_executor.executor.parallel:closing loop
[-1.022s] DEBUG:colcon.colcon_parallel_executor.executor.parallel:loop closed
[-1.021s] DEBUG:colcon.colcon_parallel_executor.executor.parallel:run_until_complete finished with '0'
[-1.021s] DEBUG:colcon.colcon_core.event_reactor:joining thread
[-0.978s] INFO:colcon.colcon_core.plugin_system:Skipping extension 'colcon_notification.desktop_notification.notify_send': Could not find 'notify-send'
[-0.978s] INFO:colcon.colcon_core.plugin_system:Skipping extension 'colcon_notification.desktop_notification.terminal_notifier': Not used on non-Darwin systems
[-0.977s] INFO:colcon.colcon_core.plugin_system:Skipping extension 'colcon_notification.desktop_notification.win32': Not used on non-Windows systems
[-0.977s] INFO:colcon.colcon_notification.desktop_notification:Sending desktop notification using 'notify2'
[-0.976s] DEBUG:colcon.colcon_notification.desktop_notification.notify2:Failed to initialize notify2: org.freedesktop.DBus.Error.ServiceUnknown: The name org.freedesktop.Notifications was not provided by any .service files
[-0.976s] DEBUG:colcon.colcon_core.event_reactor:joined thread
[-0.976s] INFO:colcon.colcon_core.shell:Creating prefix script '/home/sidubuntu/dev_ws/install/local_setup.ps1'
[-0.975s] INFO:colcon.colcon_core.shell:Creating prefix util module '/home/sidubuntu/dev_ws/install/_local_setup_util_ps1.py'
[-0.973s] INFO:colcon.colcon_core.shell:Creating prefix chain script '/home/sidubuntu/dev_ws/install/setup.ps1'
[-0.973s] INFO:colcon.colcon_core.shell:Creating prefix script '/home/sidubuntu/dev_ws/install/local_setup.sh'
[-0.972s] INFO:colcon.colcon_core.shell:Creating prefix util module '/home/sidubuntu/dev_ws/install/_local_setup_util_sh.py'
[-0.971s] INFO:colcon.colcon_core.shell:Creating prefix chain script '/home/sidubuntu/dev_ws/install/setup.sh'
[-0.970s] INFO:colcon.colcon_core.shell:Creating prefix script '/home/sidubuntu/dev_ws/install/local_setup.bash'
[-0.969s] INFO:colcon.colcon_core.shell:Creating prefix chain script '/home/sidubuntu/dev_ws/install/setup.bash'
[-0.967s] INFO:colcon.colcon_core.shell:Creating prefix script '/home/sidubuntu/dev_ws/install/local_setup.zsh'
[-0.967s] INFO:colcon.colcon_core.shell:Creating prefix chain script '/home/sidubuntu/dev_ws/install/setup.zsh'
