[1.554s] DEBUG:colcon:Command line arguments: ['/usr/bin/colcon', 'build', '--symlink-install']
[1.554s] DEBUG:colcon:Parsed command line arguments: Namespace(log_base=None, log_level=None, verb_name='build', build_base='build', install_base='install', merge_install=False, symlink_install=True, test_result_base=None, continue_on_error=False, executor='parallel', parallel_workers=8, event_handlers=None, ignore_user_meta=False, metas=['./colcon.meta'], base_paths=['.'], packages_ignore=None, packages_ignore_regex=None, paths=None, packages_up_to=None, packages_up_to_regex=None, packages_above=None, packages_above_and_dependencies=None, packages_above_depth=None, packages_select_by_dep=None, packages_skip_by_dep=None, packages_skip_up_to=None, packages_select_build_failed=False, packages_skip_build_finished=False, packages_select_test_failures=False, packages_skip_test_passed=False, packages_select=None, packages_skip=None, packages_select_regex=None, packages_skip_regex=None, packages_start=None, packages_end=None, allow_overriding=[], cmake_args=None, cmake_target=None, cmake_target_skip_unavailable=False, cmake_clean_cache=False, cmake_clean_first=False, cmake_force_configure=False, ament_cmake_args=None, catkin_cmake_args=None, catkin_skip_building_tests=False, verb_parser=<colcon_defaults.argument_parser.defaults.DefaultArgumentsDecorator object at 0x7fdffa237f10>, verb_extension=<colcon_core.verb.build.BuildVerb object at 0x7fdffa37d2a0>, main=<bound method BuildVerb.main of <colcon_core.verb.build.BuildVerb object at 0x7fdffa37d2a0>>)
[3.702s] Level 1:colcon.colcon_core.package_discovery:discover_packages(colcon_meta) check parameters
[3.702s] Level 1:colcon.colcon_core.package_discovery:discover_packages(recursive) check parameters
[3.702s] Level 1:colcon.colcon_core.package_discovery:discover_packages(ignore) check parameters
[3.702s] Level 1:colcon.colcon_core.package_discovery:discover_packages(path) check parameters
[3.702s] Level 1:colcon.colcon_core.package_discovery:discover_packages(colcon_meta) discover
[3.703s] Level 1:colcon.colcon_core.package_discovery:discover_packages(recursive) discover
[3.703s] INFO:colcon.colcon_core.package_discovery:Crawling recursively for packages in '/home/sidubuntu/dev_ws'
[3.703s] Level 1:colcon.colcon_core.package_identification:_identify(.) by extensions ['ignore', 'ignore_ament_install']
[3.703s] Level 1:colcon.colcon_core.package_identification:_identify(.) by extension 'ignore'
[3.703s] Level 1:colcon.colcon_core.package_identification:_identify(.) by extension 'ignore_ament_install'
[3.704s] Level 1:colcon.colcon_core.package_identification:_identify(.) by extensions ['colcon_pkg']
[3.704s] Level 1:colcon.colcon_core.package_identification:_identify(.) by extension 'colcon_pkg'
[3.704s] Level 1:colcon.colcon_core.package_identification:_identify(.) by extensions ['colcon_meta']
[3.704s] Level 1:colcon.colcon_core.package_identification:_identify(.) by extension 'colcon_meta'
[3.704s] Level 1:colcon.colcon_core.package_identification:_identify(.) by extensions ['ros']
[3.704s] Level 1:colcon.colcon_core.package_identification:_identify(.) by extension 'ros'
[3.740s] Level 1:colcon.colcon_core.package_identification:_identify(.) by extensions ['cmake', 'python']
[3.740s] Level 1:colcon.colcon_core.package_identification:_identify(.) by extension 'cmake'
[3.741s] Level 1:colcon.colcon_core.package_identification:_identify(.) by extension 'python'
[3.748s] Level 1:colcon.colcon_core.package_identification:_identify(.) by extensions ['python_setup_py']
[3.748s] Level 1:colcon.colcon_core.package_identification:_identify(.) by extension 'python_setup_py'
[3.749s] Level 1:colcon.colcon_core.package_identification:_identify(build) by extensions ['ignore', 'ignore_ament_install']
[3.749s] Level 1:colcon.colcon_core.package_identification:_identify(build) by extension 'ignore'
[3.749s] Level 1:colcon.colcon_core.package_identification:_identify(build) ignored
[3.750s] Level 1:colcon.colcon_core.package_identification:_identify(install) by extensions ['ignore', 'ignore_ament_install']
[3.750s] Level 1:colcon.colcon_core.package_identification:_identify(install) by extension 'ignore'
[3.750s] Level 1:colcon.colcon_core.package_identification:_identify(install) ignored
[3.750s] Level 1:colcon.colcon_core.package_identification:_identify(log) by extensions ['ignore', 'ignore_ament_install']
[3.750s] Level 1:colcon.colcon_core.package_identification:_identify(log) by extension 'ignore'
[3.750s] Level 1:colcon.colcon_core.package_identification:_identify(log) ignored
[3.751s] Level 1:colcon.colcon_core.package_identification:_identify(src) by extensions ['ignore', 'ignore_ament_install']
[3.751s] Level 1:colcon.colcon_core.package_identification:_identify(src) by extension 'ignore'
[3.751s] Level 1:colcon.colcon_core.package_identification:_identify(src) by extension 'ignore_ament_install'
[3.751s] Level 1:colcon.colcon_core.package_identification:_identify(src) by extensions ['colcon_pkg']
[3.751s] Level 1:colcon.colcon_core.package_identification:_identify(src) by extension 'colcon_pkg'
[3.751s] Level 1:colcon.colcon_core.package_identification:_identify(src) by extensions ['colcon_meta']
[3.751s] Level 1:colcon.colcon_core.package_identification:_identify(src) by extension 'colcon_meta'
[3.751s] Level 1:colcon.colcon_core.package_identification:_identify(src) by extensions ['ros']
[3.751s] Level 1:colcon.colcon_core.package_identification:_identify(src) by extension 'ros'
[3.751s] Level 1:colcon.colcon_core.package_identification:_identify(src) by extensions ['cmake', 'python']
[3.751s] Level 1:colcon.colcon_core.package_identification:_identify(src) by extension 'cmake'
[3.751s] Level 1:colcon.colcon_core.package_identification:_identify(src) by extension 'python'
[3.751s] Level 1:colcon.colcon_core.package_identification:_identify(src) by extensions ['python_setup_py']
[3.751s] Level 1:colcon.colcon_core.package_identification:_identify(src) by extension 'python_setup_py'
[3.753s] Level 1:colcon.colcon_core.package_identification:_identify(src/gazebo_ros2_control) by extensions ['ignore', 'ignore_ament_install']
[3.753s] Level 1:colcon.colcon_core.package_identification:_identify(src/gazebo_ros2_control) by extension 'ignore'
[3.753s] Level 1:colcon.colcon_core.package_identification:_identify(src/gazebo_ros2_control) by extension 'ignore_ament_install'
[3.753s] Level 1:colcon.colcon_core.package_identification:_identify(src/gazebo_ros2_control) by extensions ['colcon_pkg']
[3.753s] Level 1:colcon.colcon_core.package_identification:_identify(src/gazebo_ros2_control) by extension 'colcon_pkg'
[3.753s] Level 1:colcon.colcon_core.package_identification:_identify(src/gazebo_ros2_control) by extensions ['colcon_meta']
[3.753s] Level 1:colcon.colcon_core.package_identification:_identify(src/gazebo_ros2_control) by extension 'colcon_meta'
[3.753s] Level 1:colcon.colcon_core.package_identification:_identify(src/gazebo_ros2_control) by extensions ['ros']
[3.753s] Level 1:colcon.colcon_core.package_identification:_identify(src/gazebo_ros2_control) by extension 'ros'
[3.779s] Level 1:colcon.colcon_core.package_identification:_identify(src/gazebo_ros2_control) by extensions ['cmake', 'python']
[3.779s] Level 1:colcon.colcon_core.package_identification:_identify(src/gazebo_ros2_control) by extension 'cmake'
[3.779s] Level 1:colcon.colcon_core.package_identification:_identify(src/gazebo_ros2_control) by extension 'python'
[3.780s] Level 1:colcon.colcon_core.package_identification:_identify(src/gazebo_ros2_control) by extensions ['python_setup_py']
[3.780s] Level 1:colcon.colcon_core.package_identification:_identify(src/gazebo_ros2_control) by extension 'python_setup_py'
[3.790s] Level 1:colcon.colcon_core.package_identification:_identify(src/gazebo_ros2_control/Docker) by extensions ['ignore', 'ignore_ament_install']
[3.790s] Level 1:colcon.colcon_core.package_identification:_identify(src/gazebo_ros2_control/Docker) by extension 'ignore'
[3.790s] Level 1:colcon.colcon_core.package_identification:_identify(src/gazebo_ros2_control/Docker) by extension 'ignore_ament_install'
[3.790s] Level 1:colcon.colcon_core.package_identification:_identify(src/gazebo_ros2_control/Docker) by extensions ['colcon_pkg']
[3.790s] Level 1:colcon.colcon_core.package_identification:_identify(src/gazebo_ros2_control/Docker) by extension 'colcon_pkg'
[3.790s] Level 1:colcon.colcon_core.package_identification:_identify(src/gazebo_ros2_control/Docker) by extensions ['colcon_meta']
[3.790s] Level 1:colcon.colcon_core.package_identification:_identify(src/gazebo_ros2_control/Docker) by extension 'colcon_meta'
[3.791s] Level 1:colcon.colcon_core.package_identification:_identify(src/gazebo_ros2_control/Docker) by extensions ['ros']
[3.791s] Level 1:colcon.colcon_core.package_identification:_identify(src/gazebo_ros2_control/Docker) by extension 'ros'
[3.791s] Level 1:colcon.colcon_core.package_identification:_identify(src/gazebo_ros2_control/Docker) by extensions ['cmake', 'python']
[3.791s] Level 1:colcon.colcon_core.package_identification:_identify(src/gazebo_ros2_control/Docker) by extension 'cmake'
[3.791s] Level 1:colcon.colcon_core.package_identification:_identify(src/gazebo_ros2_control/Docker) by extension 'python'
[3.791s] Level 1:colcon.colcon_core.package_identification:_identify(src/gazebo_ros2_control/Docker) by extensions ['python_setup_py']
[3.791s] Level 1:colcon.colcon_core.package_identification:_identify(src/gazebo_ros2_control/Docker) by extension 'python_setup_py'
[3.792s] Level 1:colcon.colcon_core.package_identification:_identify(src/gazebo_ros2_control/doc) by extensions ['ignore', 'ignore_ament_install']
[3.792s] Level 1:colcon.colcon_core.package_identification:_identify(src/gazebo_ros2_control/doc) by extension 'ignore'
[3.792s] Level 1:colcon.colcon_core.package_identification:_identify(src/gazebo_ros2_control/doc) by extension 'ignore_ament_install'
[3.793s] Level 1:colcon.colcon_core.package_identification:_identify(src/gazebo_ros2_control/doc) by extensions ['colcon_pkg']
[3.793s] Level 1:colcon.colcon_core.package_identification:_identify(src/gazebo_ros2_control/doc) by extension 'colcon_pkg'
[3.793s] Level 1:colcon.colcon_core.package_identification:_identify(src/gazebo_ros2_control/doc) by extensions ['colcon_meta']
[3.793s] Level 1:colcon.colcon_core.package_identification:_identify(src/gazebo_ros2_control/doc) by extension 'colcon_meta'
[3.793s] Level 1:colcon.colcon_core.package_identification:_identify(src/gazebo_ros2_control/doc) by extensions ['ros']
[3.793s] Level 1:colcon.colcon_core.package_identification:_identify(src/gazebo_ros2_control/doc) by extension 'ros'
[3.793s] Level 1:colcon.colcon_core.package_identification:_identify(src/gazebo_ros2_control/doc) by extensions ['cmake', 'python']
[3.793s] Level 1:colcon.colcon_core.package_identification:_identify(src/gazebo_ros2_control/doc) by extension 'cmake'
[3.793s] Level 1:colcon.colcon_core.package_identification:_identify(src/gazebo_ros2_control/doc) by extension 'python'
[3.793s] Level 1:colcon.colcon_core.package_identification:_identify(src/gazebo_ros2_control/doc) by extensions ['python_setup_py']
[3.793s] Level 1:colcon.colcon_core.package_identification:_identify(src/gazebo_ros2_control/doc) by extension 'python_setup_py'
[3.794s] Level 1:colcon.colcon_core.package_identification:_identify(src/gazebo_ros2_control/doc/img) by extensions ['ignore', 'ignore_ament_install']
[3.794s] Level 1:colcon.colcon_core.package_identification:_identify(src/gazebo_ros2_control/doc/img) by extension 'ignore'
[3.794s] Level 1:colcon.colcon_core.package_identification:_identify(src/gazebo_ros2_control/doc/img) by extension 'ignore_ament_install'
[3.794s] Level 1:colcon.colcon_core.package_identification:_identify(src/gazebo_ros2_control/doc/img) by extensions ['colcon_pkg']
[3.794s] Level 1:colcon.colcon_core.package_identification:_identify(src/gazebo_ros2_control/doc/img) by extension 'colcon_pkg'
[3.794s] Level 1:colcon.colcon_core.package_identification:_identify(src/gazebo_ros2_control/doc/img) by extensions ['colcon_meta']
[3.794s] Level 1:colcon.colcon_core.package_identification:_identify(src/gazebo_ros2_control/doc/img) by extension 'colcon_meta'
[3.794s] Level 1:colcon.colcon_core.package_identification:_identify(src/gazebo_ros2_control/doc/img) by extensions ['ros']
[3.795s] Level 1:colcon.colcon_core.package_identification:_identify(src/gazebo_ros2_control/doc/img) by extension 'ros'
[3.795s] Level 1:colcon.colcon_core.package_identification:_identify(src/gazebo_ros2_control/doc/img) by extensions ['cmake', 'python']
[3.795s] Level 1:colcon.colcon_core.package_identification:_identify(src/gazebo_ros2_control/doc/img) by extension 'cmake'
[3.795s] Level 1:colcon.colcon_core.package_identification:_identify(src/gazebo_ros2_control/doc/img) by extension 'python'
[3.795s] Level 1:colcon.colcon_core.package_identification:_identify(src/gazebo_ros2_control/doc/img) by extensions ['python_setup_py']
[3.795s] Level 1:colcon.colcon_core.package_identification:_identify(src/gazebo_ros2_control/doc/img) by extension 'python_setup_py'
[3.796s] Level 1:colcon.colcon_core.package_identification:_identify(src/gazebo_ros2_control/gazebo_ros2_control) by extensions ['ignore', 'ignore_ament_install']
[3.796s] Level 1:colcon.colcon_core.package_identification:_identify(src/gazebo_ros2_control/gazebo_ros2_control) by extension 'ignore'
[3.796s] Level 1:colcon.colcon_core.package_identification:_identify(src/gazebo_ros2_control/gazebo_ros2_control) by extension 'ignore_ament_install'
[3.796s] Level 1:colcon.colcon_core.package_identification:_identify(src/gazebo_ros2_control/gazebo_ros2_control) by extensions ['colcon_pkg']
[3.796s] Level 1:colcon.colcon_core.package_identification:_identify(src/gazebo_ros2_control/gazebo_ros2_control) by extension 'colcon_pkg'
[3.796s] Level 1:colcon.colcon_core.package_identification:_identify(src/gazebo_ros2_control/gazebo_ros2_control) by extensions ['colcon_meta']
[3.796s] Level 1:colcon.colcon_core.package_identification:_identify(src/gazebo_ros2_control/gazebo_ros2_control) by extension 'colcon_meta'
[3.796s] Level 1:colcon.colcon_core.package_identification:_identify(src/gazebo_ros2_control/gazebo_ros2_control) by extensions ['ros']
[3.796s] Level 1:colcon.colcon_core.package_identification:_identify(src/gazebo_ros2_control/gazebo_ros2_control) by extension 'ros'
[3.928s] DEBUG:colcon.colcon_core.package_identification:Package 'src/gazebo_ros2_control/gazebo_ros2_control' with type 'ros.ament_cmake' and name 'gazebo_ros2_control'
[3.944s] Level 1:colcon.colcon_core.package_identification:_identify(src/gazebo_ros2_control/gazebo_ros2_control_demos) by extensions ['ignore', 'ignore_ament_install']
[3.944s] Level 1:colcon.colcon_core.package_identification:_identify(src/gazebo_ros2_control/gazebo_ros2_control_demos) by extension 'ignore'
[3.944s] Level 1:colcon.colcon_core.package_identification:_identify(src/gazebo_ros2_control/gazebo_ros2_control_demos) by extension 'ignore_ament_install'
[3.944s] Level 1:colcon.colcon_core.package_identification:_identify(src/gazebo_ros2_control/gazebo_ros2_control_demos) by extensions ['colcon_pkg']
[3.944s] Level 1:colcon.colcon_core.package_identification:_identify(src/gazebo_ros2_control/gazebo_ros2_control_demos) by extension 'colcon_pkg'
[3.944s] Level 1:colcon.colcon_core.package_identification:_identify(src/gazebo_ros2_control/gazebo_ros2_control_demos) by extensions ['colcon_meta']
[3.944s] Level 1:colcon.colcon_core.package_identification:_identify(src/gazebo_ros2_control/gazebo_ros2_control_demos) by extension 'colcon_meta'
[3.944s] Level 1:colcon.colcon_core.package_identification:_identify(src/gazebo_ros2_control/gazebo_ros2_control_demos) by extensions ['ros']
[3.944s] Level 1:colcon.colcon_core.package_identification:_identify(src/gazebo_ros2_control/gazebo_ros2_control_demos) by extension 'ros'
[3.950s] DEBUG:colcon.colcon_core.package_identification:Package 'src/gazebo_ros2_control/gazebo_ros2_control_demos' with type 'ros.ament_cmake' and name 'gazebo_ros2_control_demos'
[3.977s] Level 1:colcon.colcon_core.package_identification:_identify(src/my_bot) by extensions ['ignore', 'ignore_ament_install']
[3.977s] Level 1:colcon.colcon_core.package_identification:_identify(src/my_bot) by extension 'ignore'
[3.977s] Level 1:colcon.colcon_core.package_identification:_identify(src/my_bot) by extension 'ignore_ament_install'
[3.977s] Level 1:colcon.colcon_core.package_identification:_identify(src/my_bot) by extensions ['colcon_pkg']
[3.977s] Level 1:colcon.colcon_core.package_identification:_identify(src/my_bot) by extension 'colcon_pkg'
[3.978s] Level 1:colcon.colcon_core.package_identification:_identify(src/my_bot) by extensions ['colcon_meta']
[3.978s] Level 1:colcon.colcon_core.package_identification:_identify(src/my_bot) by extension 'colcon_meta'
[3.978s] Level 1:colcon.colcon_core.package_identification:_identify(src/my_bot) by extensions ['ros']
[3.978s] Level 1:colcon.colcon_core.package_identification:_identify(src/my_bot) by extension 'ros'
[3.998s] DEBUG:colcon.colcon_core.package_identification:Package 'src/my_bot' with type 'ros.ament_cmake' and name 'my_bot'
[4.000s] Level 1:colcon.colcon_core.package_identification:_identify(src/q_bot) by extensions ['ignore', 'ignore_ament_install']
[4.000s] Level 1:colcon.colcon_core.package_identification:_identify(src/q_bot) by extension 'ignore'
[4.000s] Level 1:colcon.colcon_core.package_identification:_identify(src/q_bot) by extension 'ignore_ament_install'
[4.000s] Level 1:colcon.colcon_core.package_identification:_identify(src/q_bot) by extensions ['colcon_pkg']
[4.000s] Level 1:colcon.colcon_core.package_identification:_identify(src/q_bot) by extension 'colcon_pkg'
[4.000s] Level 1:colcon.colcon_core.package_identification:_identify(src/q_bot) by extensions ['colcon_meta']
[4.000s] Level 1:colcon.colcon_core.package_identification:_identify(src/q_bot) by extension 'colcon_meta'
[4.000s] Level 1:colcon.colcon_core.package_identification:_identify(src/q_bot) by extensions ['ros']
[4.000s] Level 1:colcon.colcon_core.package_identification:_identify(src/q_bot) by extension 'ros'
[4.001s] DEBUG:colcon.colcon_core.package_identification:Package 'src/q_bot' with type 'ros.ament_cmake' and name 'q_bot'
[4.001s] Level 1:colcon.colcon_core.package_discovery:discover_packages(recursive) using defaults
[4.001s] Level 1:colcon.colcon_core.package_discovery:discover_packages(ignore) discover
[4.001s] Level 1:colcon.colcon_core.package_discovery:discover_packages(ignore) using defaults
[4.001s] Level 1:colcon.colcon_core.package_discovery:discover_packages(path) discover
[4.001s] Level 1:colcon.colcon_core.package_discovery:discover_packages(path) using defaults
[4.141s] Level 1:colcon.colcon_core.package_discovery:discover_packages(prefix_path) check parameters
[4.141s] Level 1:colcon.colcon_core.package_discovery:discover_packages(prefix_path) discover
[4.280s] DEBUG:colcon.colcon_installed_package_information.package_discovery:Found 4 installed packages in /home/sidubuntu/install
[4.291s] DEBUG:colcon.colcon_installed_package_information.package_discovery:Found 399 installed packages in /opt/ros/humble
[4.294s] Level 1:colcon.colcon_core.package_discovery:discover_packages(prefix_path) using defaults
[5.407s] Level 5:colcon.colcon_core.verb:set package 'gazebo_ros2_control' build argument 'cmake_args' from command line to 'None'
[5.407s] Level 5:colcon.colcon_core.verb:set package 'gazebo_ros2_control' build argument 'cmake_target' from command line to 'None'
[5.407s] Level 5:colcon.colcon_core.verb:set package 'gazebo_ros2_control' build argument 'cmake_target_skip_unavailable' from command line to 'False'
[5.407s] Level 5:colcon.colcon_core.verb:set package 'gazebo_ros2_control' build argument 'cmake_clean_cache' from command line to 'False'
[5.407s] Level 5:colcon.colcon_core.verb:set package 'gazebo_ros2_control' build argument 'cmake_clean_first' from command line to 'False'
[5.407s] Level 5:colcon.colcon_core.verb:set package 'gazebo_ros2_control' build argument 'cmake_force_configure' from command line to 'False'
[5.407s] Level 5:colcon.colcon_core.verb:set package 'gazebo_ros2_control' build argument 'ament_cmake_args' from command line to 'None'
[5.407s] Level 5:colcon.colcon_core.verb:set package 'gazebo_ros2_control' build argument 'catkin_cmake_args' from command line to 'None'
[5.407s] Level 5:colcon.colcon_core.verb:set package 'gazebo_ros2_control' build argument 'catkin_skip_building_tests' from command line to 'False'
[5.407s] DEBUG:colcon.colcon_core.verb:Building package 'gazebo_ros2_control' with the following arguments: {'ament_cmake_args': None, 'build_base': '/home/sidubuntu/dev_ws/build/gazebo_ros2_control', 'catkin_cmake_args': None, 'catkin_skip_building_tests': False, 'cmake_args': None, 'cmake_clean_cache': False, 'cmake_clean_first': False, 'cmake_force_configure': False, 'cmake_target': None, 'cmake_target_skip_unavailable': False, 'install_base': '/home/sidubuntu/dev_ws/install/gazebo_ros2_control', 'merge_install': False, 'path': '/home/sidubuntu/dev_ws/src/gazebo_ros2_control/gazebo_ros2_control', 'symlink_install': True, 'test_result_base': None}
[5.408s] Level 5:colcon.colcon_core.verb:set package 'my_bot' build argument 'cmake_args' from command line to 'None'
[5.408s] Level 5:colcon.colcon_core.verb:set package 'my_bot' build argument 'cmake_target' from command line to 'None'
[5.408s] Level 5:colcon.colcon_core.verb:set package 'my_bot' build argument 'cmake_target_skip_unavailable' from command line to 'False'
[5.408s] Level 5:colcon.colcon_core.verb:set package 'my_bot' build argument 'cmake_clean_cache' from command line to 'False'
[5.408s] Level 5:colcon.colcon_core.verb:set package 'my_bot' build argument 'cmake_clean_first' from command line to 'False'
[5.408s] Level 5:colcon.colcon_core.verb:set package 'my_bot' build argument 'cmake_force_configure' from command line to 'False'
[5.408s] Level 5:colcon.colcon_core.verb:set package 'my_bot' build argument 'ament_cmake_args' from command line to 'None'
[5.408s] Level 5:colcon.colcon_core.verb:set package 'my_bot' build argument 'catkin_cmake_args' from command line to 'None'
[5.408s] Level 5:colcon.colcon_core.verb:set package 'my_bot' build argument 'catkin_skip_building_tests' from command line to 'False'
[5.408s] DEBUG:colcon.colcon_core.verb:Building package 'my_bot' with the following arguments: {'ament_cmake_args': None, 'build_base': '/home/sidubuntu/dev_ws/build/my_bot', 'catkin_cmake_args': None, 'catkin_skip_building_tests': False, 'cmake_args': None, 'cmake_clean_cache': False, 'cmake_clean_first': False, 'cmake_force_configure': False, 'cmake_target': None, 'cmake_target_skip_unavailable': False, 'install_base': '/home/sidubuntu/dev_ws/install/my_bot', 'merge_install': False, 'path': '/home/sidubuntu/dev_ws/src/my_bot', 'symlink_install': True, 'test_result_base': None}
[5.408s] Level 5:colcon.colcon_core.verb:set package 'q_bot' build argument 'cmake_args' from command line to 'None'
[5.408s] Level 5:colcon.colcon_core.verb:set package 'q_bot' build argument 'cmake_target' from command line to 'None'
[5.408s] Level 5:colcon.colcon_core.verb:set package 'q_bot' build argument 'cmake_target_skip_unavailable' from command line to 'False'
[5.408s] Level 5:colcon.colcon_core.verb:set package 'q_bot' build argument 'cmake_clean_cache' from command line to 'False'
[5.408s] Level 5:colcon.colcon_core.verb:set package 'q_bot' build argument 'cmake_clean_first' from command line to 'False'
[5.408s] Level 5:colcon.colcon_core.verb:set package 'q_bot' build argument 'cmake_force_configure' from command line to 'False'
[5.408s] Level 5:colcon.colcon_core.verb:set package 'q_bot' build argument 'ament_cmake_args' from command line to 'None'
[5.408s] Level 5:colcon.colcon_core.verb:set package 'q_bot' build argument 'catkin_cmake_args' from command line to 'None'
[5.408s] Level 5:colcon.colcon_core.verb:set package 'q_bot' build argument 'catkin_skip_building_tests' from command line to 'False'
[5.408s] DEBUG:colcon.colcon_core.verb:Building package 'q_bot' with the following arguments: {'ament_cmake_args': None, 'build_base': '/home/sidubuntu/dev_ws/build/q_bot', 'catkin_cmake_args': None, 'catkin_skip_building_tests': False, 'cmake_args': None, 'cmake_clean_cache': False, 'cmake_clean_first': False, 'cmake_force_configure': False, 'cmake_target': None, 'cmake_target_skip_unavailable': False, 'install_base': '/home/sidubuntu/dev_ws/install/q_bot', 'merge_install': False, 'path': '/home/sidubuntu/dev_ws/src/q_bot', 'symlink_install': True, 'test_result_base': None}
[5.409s] Level 5:colcon.colcon_core.verb:set package 'gazebo_ros2_control_demos' build argument 'cmake_args' from command line to 'None'
[5.409s] Level 5:colcon.colcon_core.verb:set package 'gazebo_ros2_control_demos' build argument 'cmake_target' from command line to 'None'
[5.409s] Level 5:colcon.colcon_core.verb:set package 'gazebo_ros2_control_demos' build argument 'cmake_target_skip_unavailable' from command line to 'False'
[5.409s] Level 5:colcon.colcon_core.verb:set package 'gazebo_ros2_control_demos' build argument 'cmake_clean_cache' from command line to 'False'
[5.409s] Level 5:colcon.colcon_core.verb:set package 'gazebo_ros2_control_demos' build argument 'cmake_clean_first' from command line to 'False'
[5.409s] Level 5:colcon.colcon_core.verb:set package 'gazebo_ros2_control_demos' build argument 'cmake_force_configure' from command line to 'False'
[5.409s] Level 5:colcon.colcon_core.verb:set package 'gazebo_ros2_control_demos' build argument 'ament_cmake_args' from command line to 'None'
[5.409s] Level 5:colcon.colcon_core.verb:set package 'gazebo_ros2_control_demos' build argument 'catkin_cmake_args' from command line to 'None'
[5.409s] Level 5:colcon.colcon_core.verb:set package 'gazebo_ros2_control_demos' build argument 'catkin_skip_building_tests' from command line to 'False'
[5.409s] DEBUG:colcon.colcon_core.verb:Building package 'gazebo_ros2_control_demos' with the following arguments: {'ament_cmake_args': None, 'build_base': '/home/sidubuntu/dev_ws/build/gazebo_ros2_control_demos', 'catkin_cmake_args': None, 'catkin_skip_building_tests': False, 'cmake_args': None, 'cmake_clean_cache': False, 'cmake_clean_first': False, 'cmake_force_configure': False, 'cmake_target': None, 'cmake_target_skip_unavailable': False, 'install_base': '/home/sidubuntu/dev_ws/install/gazebo_ros2_control_demos', 'merge_install': False, 'path': '/home/sidubuntu/dev_ws/src/gazebo_ros2_control/gazebo_ros2_control_demos', 'symlink_install': True, 'test_result_base': None}
[5.409s] INFO:colcon.colcon_core.executor:Executing jobs using 'parallel' executor
[5.411s] DEBUG:colcon.colcon_parallel_executor.executor.parallel:run_until_complete
[5.411s] INFO:colcon.colcon_ros.task.ament_cmake.build:Building ROS package in '/home/sidubuntu/dev_ws/src/gazebo_ros2_control/gazebo_ros2_control' with build type 'ament_cmake'
[5.412s] INFO:colcon.colcon_cmake.task.cmake.build:Building CMake package in '/home/sidubuntu/dev_ws/src/gazebo_ros2_control/gazebo_ros2_control'
[5.448s] INFO:colcon.colcon_core.plugin_system:Skipping extension 'colcon_core.shell.bat': Not used on non-Windows systems
[5.448s] INFO:colcon.colcon_core.shell:Skip shell extension 'powershell' for command environment: Not usable outside of PowerShell
[5.448s] DEBUG:colcon.colcon_core.shell:Skip shell extension 'dsv' for command environment
[5.495s] INFO:colcon.colcon_ros.task.ament_cmake.build:Building ROS package in '/home/sidubuntu/dev_ws/src/my_bot' with build type 'ament_cmake'
[5.495s] INFO:colcon.colcon_cmake.task.cmake.build:Building CMake package in '/home/sidubuntu/dev_ws/src/my_bot'
[5.496s] INFO:colcon.colcon_core.shell:Skip shell extension 'powershell' for command environment: Not usable outside of PowerShell
[5.496s] DEBUG:colcon.colcon_core.shell:Skip shell extension 'dsv' for command environment
[5.546s] INFO:colcon.colcon_ros.task.ament_cmake.build:Building ROS package in '/home/sidubuntu/dev_ws/src/q_bot' with build type 'ament_cmake'
[5.547s] INFO:colcon.colcon_cmake.task.cmake.build:Building CMake package in '/home/sidubuntu/dev_ws/src/q_bot'
[5.547s] INFO:colcon.colcon_core.shell:Skip shell extension 'powershell' for command environment: Not usable outside of PowerShell
[5.547s] DEBUG:colcon.colcon_core.shell:Skip shell extension 'dsv' for command environment
[5.587s] DEBUG:colcon.colcon_core.event_handler.log_command:Invoking command in '/home/sidubuntu/dev_ws/build/gazebo_ros2_control': CMAKE_PREFIX_PATH=${CMAKE_PREFIX_PATH}:/opt/ros/humble /usr/bin/cmake --build /home/sidubuntu/dev_ws/build/gazebo_ros2_control -- -j8 -l8
[5.813s] DEBUG:colcon.colcon_core.event_handler.log_command:Invoking command in '/home/sidubuntu/dev_ws/build/my_bot': CMAKE_PREFIX_PATH=${CMAKE_PREFIX_PATH}:/opt/ros/humble /usr/bin/cmake --build /home/sidubuntu/dev_ws/build/my_bot -- -j8 -l8
[5.844s] DEBUG:colcon.colcon_core.event_handler.log_command:Invoking command in '/home/sidubuntu/dev_ws/build/q_bot': CMAKE_PREFIX_PATH=${CMAKE_PREFIX_PATH}:/opt/ros/humble /usr/bin/cmake --build /home/sidubuntu/dev_ws/build/q_bot -- -j8 -l8
[8.274s] DEBUG:colcon.colcon_core.event_handler.log_command:Invoked command in '/home/sidubuntu/dev_ws/build/my_bot' returned '0': CMAKE_PREFIX_PATH=${CMAKE_PREFIX_PATH}:/opt/ros/humble /usr/bin/cmake --build /home/sidubuntu/dev_ws/build/my_bot -- -j8 -l8
[8.337s] DEBUG:colcon.colcon_core.event_handler.log_command:Invoking command in '/home/sidubuntu/dev_ws/build/my_bot': CMAKE_PREFIX_PATH=${CMAKE_PREFIX_PATH}:/opt/ros/humble /usr/bin/cmake --install /home/sidubuntu/dev_ws/build/my_bot
[8.458s] DEBUG:colcon.colcon_core.event_handler.log_command:Invoked command in '/home/sidubuntu/dev_ws/build/q_bot' returned '0': CMAKE_PREFIX_PATH=${CMAKE_PREFIX_PATH}:/opt/ros/humble /usr/bin/cmake --build /home/sidubuntu/dev_ws/build/q_bot -- -j8 -l8
[8.498s] DEBUG:colcon.colcon_core.event_handler.log_command:Invoking command in '/home/sidubuntu/dev_ws/build/q_bot': CMAKE_PREFIX_PATH=${CMAKE_PREFIX_PATH}:/opt/ros/humble /usr/bin/cmake --install /home/sidubuntu/dev_ws/build/q_bot
[8.798s] Level 1:colcon.colcon_core.environment:create_environment_scripts_only(q_bot)
[8.798s] DEBUG:colcon.colcon_core.event_handler.log_command:Invoked command in '/home/sidubuntu/dev_ws/build/q_bot' returned '0': CMAKE_PREFIX_PATH=${CMAKE_PREFIX_PATH}:/opt/ros/humble /usr/bin/cmake --install /home/sidubuntu/dev_ws/build/q_bot
[8.814s] Level 1:colcon.colcon_core.environment:checking '/home/sidubuntu/dev_ws/install/q_bot' for CMake module files
[8.815s] Level 1:colcon.colcon_core.environment:checking '/home/sidubuntu/dev_ws/install/q_bot' for CMake config files
[8.821s] Level 1:colcon.colcon_core.shell:create_environment_hook('q_bot', 'cmake_prefix_path')
[8.821s] INFO:colcon.colcon_core.shell:Creating environment hook '/home/sidubuntu/dev_ws/install/q_bot/share/q_bot/hook/cmake_prefix_path.ps1'
[8.823s] INFO:colcon.colcon_core.shell:Creating environment descriptor '/home/sidubuntu/dev_ws/install/q_bot/share/q_bot/hook/cmake_prefix_path.dsv'
[8.824s] INFO:colcon.colcon_core.shell:Creating environment hook '/home/sidubuntu/dev_ws/install/q_bot/share/q_bot/hook/cmake_prefix_path.sh'
[8.826s] Level 1:colcon.colcon_core.environment:checking '/home/sidubuntu/dev_ws/install/q_bot/bin'
[8.873s] Level 1:colcon.colcon_core.environment:checking '/home/sidubuntu/dev_ws/install/q_bot/lib/pkgconfig/q_bot.pc'
[8.873s] Level 1:colcon.colcon_core.environment:checking '/home/sidubuntu/dev_ws/install/q_bot/lib/python3.10/site-packages'
[8.873s] Level 1:colcon.colcon_core.environment:checking '/home/sidubuntu/dev_ws/install/q_bot/bin'
[8.874s] INFO:colcon.colcon_core.shell:Creating package script '/home/sidubuntu/dev_ws/install/q_bot/share/q_bot/package.ps1'
[8.875s] INFO:colcon.colcon_core.shell:Creating package descriptor '/home/sidubuntu/dev_ws/install/q_bot/share/q_bot/package.dsv'
[8.877s] INFO:colcon.colcon_core.shell:Creating package script '/home/sidubuntu/dev_ws/install/q_bot/share/q_bot/package.sh'
[8.878s] INFO:colcon.colcon_core.shell:Creating package script '/home/sidubuntu/dev_ws/install/q_bot/share/q_bot/package.bash'
[8.880s] INFO:colcon.colcon_core.shell:Creating package script '/home/sidubuntu/dev_ws/install/q_bot/share/q_bot/package.zsh'
[8.881s] Level 1:colcon.colcon_core.environment:create_file_with_runtime_dependencies(/home/sidubuntu/dev_ws/install/q_bot/share/colcon-core/packages/q_bot)
[8.882s] Level 1:colcon.colcon_core.environment:create_environment_scripts_only(q_bot)
[8.882s] Level 1:colcon.colcon_core.environment:checking '/home/sidubuntu/dev_ws/install/q_bot' for CMake module files
[8.882s] Level 1:colcon.colcon_core.environment:checking '/home/sidubuntu/dev_ws/install/q_bot' for CMake config files
[8.883s] Level 1:colcon.colcon_core.shell:create_environment_hook('q_bot', 'cmake_prefix_path')
[8.883s] INFO:colcon.colcon_core.shell:Creating environment hook '/home/sidubuntu/dev_ws/install/q_bot/share/q_bot/hook/cmake_prefix_path.ps1'
[8.883s] INFO:colcon.colcon_core.shell:Creating environment descriptor '/home/sidubuntu/dev_ws/install/q_bot/share/q_bot/hook/cmake_prefix_path.dsv'
[8.884s] INFO:colcon.colcon_core.shell:Creating environment hook '/home/sidubuntu/dev_ws/install/q_bot/share/q_bot/hook/cmake_prefix_path.sh'
[8.884s] Level 1:colcon.colcon_core.environment:checking '/home/sidubuntu/dev_ws/install/q_bot/bin'
[8.884s] Level 1:colcon.colcon_core.environment:checking '/home/sidubuntu/dev_ws/install/q_bot/lib/pkgconfig/q_bot.pc'
[8.885s] Level 1:colcon.colcon_core.environment:checking '/home/sidubuntu/dev_ws/install/q_bot/lib/python3.10/site-packages'
[8.885s] Level 1:colcon.colcon_core.environment:checking '/home/sidubuntu/dev_ws/install/q_bot/bin'
[8.885s] INFO:colcon.colcon_core.shell:Creating package script '/home/sidubuntu/dev_ws/install/q_bot/share/q_bot/package.ps1'
[8.886s] INFO:colcon.colcon_core.shell:Creating package descriptor '/home/sidubuntu/dev_ws/install/q_bot/share/q_bot/package.dsv'
[8.886s] INFO:colcon.colcon_core.shell:Creating package script '/home/sidubuntu/dev_ws/install/q_bot/share/q_bot/package.sh'
[8.887s] INFO:colcon.colcon_core.shell:Creating package script '/home/sidubuntu/dev_ws/install/q_bot/share/q_bot/package.bash'
[8.887s] INFO:colcon.colcon_core.shell:Creating package script '/home/sidubuntu/dev_ws/install/q_bot/share/q_bot/package.zsh'
[8.888s] Level 1:colcon.colcon_core.environment:create_file_with_runtime_dependencies(/home/sidubuntu/dev_ws/install/q_bot/share/colcon-core/packages/q_bot)
[8.891s] Level 1:colcon.colcon_core.environment:create_environment_scripts_only(my_bot)
[8.891s] Level 1:colcon.colcon_core.environment:checking '/home/sidubuntu/dev_ws/install/my_bot' for CMake module files
[8.926s] Level 1:colcon.colcon_core.environment:checking '/home/sidubuntu/dev_ws/install/my_bot' for CMake config files
[8.927s] DEBUG:colcon.colcon_core.event_handler.log_command:Invoked command in '/home/sidubuntu/dev_ws/build/my_bot' returned '0': CMAKE_PREFIX_PATH=${CMAKE_PREFIX_PATH}:/opt/ros/humble /usr/bin/cmake --install /home/sidubuntu/dev_ws/build/my_bot
[8.934s] Level 1:colcon.colcon_core.shell:create_environment_hook('my_bot', 'cmake_prefix_path')
[8.935s] INFO:colcon.colcon_core.shell:Creating environment hook '/home/sidubuntu/dev_ws/install/my_bot/share/my_bot/hook/cmake_prefix_path.ps1'
[8.935s] INFO:colcon.colcon_core.shell:Creating environment descriptor '/home/sidubuntu/dev_ws/install/my_bot/share/my_bot/hook/cmake_prefix_path.dsv'
[8.936s] INFO:colcon.colcon_core.shell:Creating environment hook '/home/sidubuntu/dev_ws/install/my_bot/share/my_bot/hook/cmake_prefix_path.sh'
[8.937s] Level 1:colcon.colcon_core.environment:checking '/home/sidubuntu/dev_ws/install/my_bot/bin'
[8.953s] Level 1:colcon.colcon_core.environment:checking '/home/sidubuntu/dev_ws/install/my_bot/lib/pkgconfig/my_bot.pc'
[8.953s] Level 1:colcon.colcon_core.environment:checking '/home/sidubuntu/dev_ws/install/my_bot/lib/python3.10/site-packages'
[8.953s] Level 1:colcon.colcon_core.environment:checking '/home/sidubuntu/dev_ws/install/my_bot/bin'
[8.954s] INFO:colcon.colcon_core.shell:Creating package script '/home/sidubuntu/dev_ws/install/my_bot/share/my_bot/package.ps1'
[8.954s] INFO:colcon.colcon_core.shell:Creating package descriptor '/home/sidubuntu/dev_ws/install/my_bot/share/my_bot/package.dsv'
[8.955s] INFO:colcon.colcon_core.shell:Creating package script '/home/sidubuntu/dev_ws/install/my_bot/share/my_bot/package.sh'
[8.955s] INFO:colcon.colcon_core.shell:Creating package script '/home/sidubuntu/dev_ws/install/my_bot/share/my_bot/package.bash'
[8.955s] INFO:colcon.colcon_core.shell:Creating package script '/home/sidubuntu/dev_ws/install/my_bot/share/my_bot/package.zsh'
[8.956s] Level 1:colcon.colcon_core.environment:create_file_with_runtime_dependencies(/home/sidubuntu/dev_ws/install/my_bot/share/colcon-core/packages/my_bot)
[8.956s] Level 1:colcon.colcon_core.environment:create_environment_scripts_only(my_bot)
[8.956s] Level 1:colcon.colcon_core.environment:checking '/home/sidubuntu/dev_ws/install/my_bot' for CMake module files
[8.957s] Level 1:colcon.colcon_core.environment:checking '/home/sidubuntu/dev_ws/install/my_bot' for CMake config files
[8.957s] Level 1:colcon.colcon_core.shell:create_environment_hook('my_bot', 'cmake_prefix_path')
[8.957s] INFO:colcon.colcon_core.shell:Creating environment hook '/home/sidubuntu/dev_ws/install/my_bot/share/my_bot/hook/cmake_prefix_path.ps1'
[8.957s] INFO:colcon.colcon_core.shell:Creating environment descriptor '/home/sidubuntu/dev_ws/install/my_bot/share/my_bot/hook/cmake_prefix_path.dsv'
[8.958s] INFO:colcon.colcon_core.shell:Creating environment hook '/home/sidubuntu/dev_ws/install/my_bot/share/my_bot/hook/cmake_prefix_path.sh'
[8.959s] Level 1:colcon.colcon_core.environment:checking '/home/sidubuntu/dev_ws/install/my_bot/bin'
[8.960s] Level 1:colcon.colcon_core.environment:checking '/home/sidubuntu/dev_ws/install/my_bot/lib/pkgconfig/my_bot.pc'
[8.960s] Level 1:colcon.colcon_core.environment:checking '/home/sidubuntu/dev_ws/install/my_bot/lib/python3.10/site-packages'
[8.961s] Level 1:colcon.colcon_core.environment:checking '/home/sidubuntu/dev_ws/install/my_bot/bin'
[8.962s] INFO:colcon.colcon_core.shell:Creating package script '/home/sidubuntu/dev_ws/install/my_bot/share/my_bot/package.ps1'
[8.966s] INFO:colcon.colcon_core.shell:Creating package descriptor '/home/sidubuntu/dev_ws/install/my_bot/share/my_bot/package.dsv'
[8.968s] INFO:colcon.colcon_core.shell:Creating package script '/home/sidubuntu/dev_ws/install/my_bot/share/my_bot/package.sh'
[8.972s] INFO:colcon.colcon_core.shell:Creating package script '/home/sidubuntu/dev_ws/install/my_bot/share/my_bot/package.bash'
[8.974s] INFO:colcon.colcon_core.shell:Creating package script '/home/sidubuntu/dev_ws/install/my_bot/share/my_bot/package.zsh'
[8.976s] Level 1:colcon.colcon_core.environment:create_file_with_runtime_dependencies(/home/sidubuntu/dev_ws/install/my_bot/share/colcon-core/packages/my_bot)
[9.843s] DEBUG:colcon.colcon_core.event_handler.log_command:Invoked command in '/home/sidubuntu/dev_ws/build/gazebo_ros2_control' returned '0': CMAKE_PREFIX_PATH=${CMAKE_PREFIX_PATH}:/opt/ros/humble /usr/bin/cmake --build /home/sidubuntu/dev_ws/build/gazebo_ros2_control -- -j8 -l8
[9.848s] DEBUG:colcon.colcon_core.event_handler.log_command:Invoking command in '/home/sidubuntu/dev_ws/build/gazebo_ros2_control': CMAKE_PREFIX_PATH=${CMAKE_PREFIX_PATH}:/opt/ros/humble /usr/bin/cmake --install /home/sidubuntu/dev_ws/build/gazebo_ros2_control
[9.897s] Level 1:colcon.colcon_core.environment:create_environment_scripts_only(gazebo_ros2_control)
[9.897s] Level 1:colcon.colcon_core.environment:checking '/home/sidubuntu/dev_ws/install/gazebo_ros2_control' for CMake module files
[9.898s] DEBUG:colcon.colcon_core.event_handler.log_command:Invoked command in '/home/sidubuntu/dev_ws/build/gazebo_ros2_control' returned '0': CMAKE_PREFIX_PATH=${CMAKE_PREFIX_PATH}:/opt/ros/humble /usr/bin/cmake --install /home/sidubuntu/dev_ws/build/gazebo_ros2_control
[9.899s] Level 1:colcon.colcon_core.environment:checking '/home/sidubuntu/dev_ws/install/gazebo_ros2_control' for CMake config files
[9.905s] Level 1:colcon.colcon_core.shell:create_environment_hook('gazebo_ros2_control', 'cmake_prefix_path')
[9.906s] INFO:colcon.colcon_core.shell:Creating environment hook '/home/sidubuntu/dev_ws/install/gazebo_ros2_control/share/gazebo_ros2_control/hook/cmake_prefix_path.ps1'
[9.906s] INFO:colcon.colcon_core.shell:Creating environment descriptor '/home/sidubuntu/dev_ws/install/gazebo_ros2_control/share/gazebo_ros2_control/hook/cmake_prefix_path.dsv'
[9.906s] INFO:colcon.colcon_core.shell:Creating environment hook '/home/sidubuntu/dev_ws/install/gazebo_ros2_control/share/gazebo_ros2_control/hook/cmake_prefix_path.sh'
[9.907s] Level 1:colcon.colcon_core.environment:checking '/home/sidubuntu/dev_ws/install/gazebo_ros2_control/lib'
[9.907s] Level 1:colcon.colcon_core.shell:create_environment_hook('gazebo_ros2_control', 'ld_library_path_lib')
[9.908s] INFO:colcon.colcon_core.shell:Creating environment hook '/home/sidubuntu/dev_ws/install/gazebo_ros2_control/share/gazebo_ros2_control/hook/ld_library_path_lib.ps1'
[9.908s] INFO:colcon.colcon_core.shell:Creating environment descriptor '/home/sidubuntu/dev_ws/install/gazebo_ros2_control/share/gazebo_ros2_control/hook/ld_library_path_lib.dsv'
[9.908s] INFO:colcon.colcon_core.shell:Creating environment hook '/home/sidubuntu/dev_ws/install/gazebo_ros2_control/share/gazebo_ros2_control/hook/ld_library_path_lib.sh'
[9.909s] Level 1:colcon.colcon_core.environment:checking '/home/sidubuntu/dev_ws/install/gazebo_ros2_control/bin'
[9.909s] Level 1:colcon.colcon_core.environment:checking '/home/sidubuntu/dev_ws/install/gazebo_ros2_control/lib/pkgconfig/gazebo_ros2_control.pc'
[9.909s] Level 1:colcon.colcon_core.environment:checking '/home/sidubuntu/dev_ws/install/gazebo_ros2_control/lib/python3.10/site-packages'
[9.909s] Level 1:colcon.colcon_core.environment:checking '/home/sidubuntu/dev_ws/install/gazebo_ros2_control/bin'
[9.910s] INFO:colcon.colcon_core.shell:Creating package script '/home/sidubuntu/dev_ws/install/gazebo_ros2_control/share/gazebo_ros2_control/package.ps1'
[9.910s] INFO:colcon.colcon_core.shell:Creating package descriptor '/home/sidubuntu/dev_ws/install/gazebo_ros2_control/share/gazebo_ros2_control/package.dsv'
[9.911s] INFO:colcon.colcon_core.shell:Creating package script '/home/sidubuntu/dev_ws/install/gazebo_ros2_control/share/gazebo_ros2_control/package.sh'
[9.911s] INFO:colcon.colcon_core.shell:Creating package script '/home/sidubuntu/dev_ws/install/gazebo_ros2_control/share/gazebo_ros2_control/package.bash'
[9.911s] INFO:colcon.colcon_core.shell:Creating package script '/home/sidubuntu/dev_ws/install/gazebo_ros2_control/share/gazebo_ros2_control/package.zsh'
[9.912s] Level 1:colcon.colcon_core.environment:create_file_with_runtime_dependencies(/home/sidubuntu/dev_ws/install/gazebo_ros2_control/share/colcon-core/packages/gazebo_ros2_control)
[9.912s] Level 1:colcon.colcon_core.environment:create_environment_scripts_only(gazebo_ros2_control)
[9.913s] Level 1:colcon.colcon_core.environment:checking '/home/sidubuntu/dev_ws/install/gazebo_ros2_control' for CMake module files
[9.913s] Level 1:colcon.colcon_core.environment:checking '/home/sidubuntu/dev_ws/install/gazebo_ros2_control' for CMake config files
[9.913s] Level 1:colcon.colcon_core.shell:create_environment_hook('gazebo_ros2_control', 'cmake_prefix_path')
[9.913s] INFO:colcon.colcon_core.shell:Creating environment hook '/home/sidubuntu/dev_ws/install/gazebo_ros2_control/share/gazebo_ros2_control/hook/cmake_prefix_path.ps1'
[9.914s] INFO:colcon.colcon_core.shell:Creating environment descriptor '/home/sidubuntu/dev_ws/install/gazebo_ros2_control/share/gazebo_ros2_control/hook/cmake_prefix_path.dsv'
[9.914s] INFO:colcon.colcon_core.shell:Creating environment hook '/home/sidubuntu/dev_ws/install/gazebo_ros2_control/share/gazebo_ros2_control/hook/cmake_prefix_path.sh'
[9.915s] Level 1:colcon.colcon_core.environment:checking '/home/sidubuntu/dev_ws/install/gazebo_ros2_control/lib'
[9.915s] Level 1:colcon.colcon_core.shell:create_environment_hook('gazebo_ros2_control', 'ld_library_path_lib')
[9.915s] INFO:colcon.colcon_core.shell:Creating environment hook '/home/sidubuntu/dev_ws/install/gazebo_ros2_control/share/gazebo_ros2_control/hook/ld_library_path_lib.ps1'
[9.916s] INFO:colcon.colcon_core.shell:Creating environment descriptor '/home/sidubuntu/dev_ws/install/gazebo_ros2_control/share/gazebo_ros2_control/hook/ld_library_path_lib.dsv'
[9.916s] INFO:colcon.colcon_core.shell:Creating environment hook '/home/sidubuntu/dev_ws/install/gazebo_ros2_control/share/gazebo_ros2_control/hook/ld_library_path_lib.sh'
[9.916s] Level 1:colcon.colcon_core.environment:checking '/home/sidubuntu/dev_ws/install/gazebo_ros2_control/bin'
[9.916s] Level 1:colcon.colcon_core.environment:checking '/home/sidubuntu/dev_ws/install/gazebo_ros2_control/lib/pkgconfig/gazebo_ros2_control.pc'
[9.916s] Level 1:colcon.colcon_core.environment:checking '/home/sidubuntu/dev_ws/install/gazebo_ros2_control/lib/python3.10/site-packages'
[9.917s] Level 1:colcon.colcon_core.environment:checking '/home/sidubuntu/dev_ws/install/gazebo_ros2_control/bin'
[9.917s] INFO:colcon.colcon_core.shell:Creating package script '/home/sidubuntu/dev_ws/install/gazebo_ros2_control/share/gazebo_ros2_control/package.ps1'
[9.917s] INFO:colcon.colcon_core.shell:Creating package descriptor '/home/sidubuntu/dev_ws/install/gazebo_ros2_control/share/gazebo_ros2_control/package.dsv'
[9.918s] INFO:colcon.colcon_core.shell:Creating package script '/home/sidubuntu/dev_ws/install/gazebo_ros2_control/share/gazebo_ros2_control/package.sh'
[9.918s] INFO:colcon.colcon_core.shell:Creating package script '/home/sidubuntu/dev_ws/install/gazebo_ros2_control/share/gazebo_ros2_control/package.bash'
[9.919s] INFO:colcon.colcon_core.shell:Creating package script '/home/sidubuntu/dev_ws/install/gazebo_ros2_control/share/gazebo_ros2_control/package.zsh'
[9.919s] Level 1:colcon.colcon_core.environment:create_file_with_runtime_dependencies(/home/sidubuntu/dev_ws/install/gazebo_ros2_control/share/colcon-core/packages/gazebo_ros2_control)
[9.920s] INFO:colcon.colcon_ros.task.ament_cmake.build:Building ROS package in '/home/sidubuntu/dev_ws/src/gazebo_ros2_control/gazebo_ros2_control_demos' with build type 'ament_cmake'
[9.920s] INFO:colcon.colcon_cmake.task.cmake.build:Building CMake package in '/home/sidubuntu/dev_ws/src/gazebo_ros2_control/gazebo_ros2_control_demos'
[9.921s] INFO:colcon.colcon_core.shell:Skip shell extension 'powershell' for command environment: Not usable outside of PowerShell
[9.921s] DEBUG:colcon.colcon_core.shell:Skip shell extension 'dsv' for command environment
[10.275s] DEBUG:colcon.colcon_core.event_handler.log_command:Invoking command in '/home/sidubuntu/dev_ws/build/gazebo_ros2_control_demos': AMENT_PREFIX_PATH=/home/sidubuntu/dev_ws/install/gazebo_ros2_control:${AMENT_PREFIX_PATH} CMAKE_PREFIX_PATH=/home/sidubuntu/dev_ws/install/gazebo_ros2_control:/home/sidubuntu/install/q_bot:/home/sidubuntu/install/my_bot:/home/sidubuntu/install/gazebo_ros2_control_demos:/home/sidubuntu/install/gazebo_ros2_control:/opt/ros/humble LD_LIBRARY_PATH=/home/sidubuntu/dev_ws/install/gazebo_ros2_control/lib:${LD_LIBRARY_PATH} /usr/bin/cmake --build /home/sidubuntu/dev_ws/build/gazebo_ros2_control_demos -- -j8 -l8
[10.629s] DEBUG:colcon.colcon_core.event_handler.log_command:Invoked command in '/home/sidubuntu/dev_ws/build/gazebo_ros2_control_demos' returned '0': AMENT_PREFIX_PATH=/home/sidubuntu/dev_ws/install/gazebo_ros2_control:${AMENT_PREFIX_PATH} CMAKE_PREFIX_PATH=/home/sidubuntu/dev_ws/install/gazebo_ros2_control:/home/sidubuntu/install/q_bot:/home/sidubuntu/install/my_bot:/home/sidubuntu/install/gazebo_ros2_control_demos:/home/sidubuntu/install/gazebo_ros2_control:/opt/ros/humble LD_LIBRARY_PATH=/home/sidubuntu/dev_ws/install/gazebo_ros2_control/lib:${LD_LIBRARY_PATH} /usr/bin/cmake --build /home/sidubuntu/dev_ws/build/gazebo_ros2_control_demos -- -j8 -l8
[10.634s] DEBUG:colcon.colcon_core.event_handler.log_command:Invoking command in '/home/sidubuntu/dev_ws/build/gazebo_ros2_control_demos': AMENT_PREFIX_PATH=/home/sidubuntu/dev_ws/install/gazebo_ros2_control:${AMENT_PREFIX_PATH} CMAKE_PREFIX_PATH=/home/sidubuntu/dev_ws/install/gazebo_ros2_control:/home/sidubuntu/install/q_bot:/home/sidubuntu/install/my_bot:/home/sidubuntu/install/gazebo_ros2_control_demos:/home/sidubuntu/install/gazebo_ros2_control:/opt/ros/humble LD_LIBRARY_PATH=/home/sidubuntu/dev_ws/install/gazebo_ros2_control/lib:${LD_LIBRARY_PATH} /usr/bin/cmake --install /home/sidubuntu/dev_ws/build/gazebo_ros2_control_demos
[10.719s] Level 1:colcon.colcon_core.environment:create_environment_scripts_only(gazebo_ros2_control_demos)
[10.719s] Level 1:colcon.colcon_core.environment:checking '/home/sidubuntu/dev_ws/install/gazebo_ros2_control_demos' for CMake module files
[10.720s] DEBUG:colcon.colcon_core.event_handler.log_command:Invoked command in '/home/sidubuntu/dev_ws/build/gazebo_ros2_control_demos' returned '0': AMENT_PREFIX_PATH=/home/sidubuntu/dev_ws/install/gazebo_ros2_control:${AMENT_PREFIX_PATH} CMAKE_PREFIX_PATH=/home/sidubuntu/dev_ws/install/gazebo_ros2_control:/home/sidubuntu/install/q_bot:/home/sidubuntu/install/my_bot:/home/sidubuntu/install/gazebo_ros2_control_demos:/home/sidubuntu/install/gazebo_ros2_control:/opt/ros/humble LD_LIBRARY_PATH=/home/sidubuntu/dev_ws/install/gazebo_ros2_control/lib:${LD_LIBRARY_PATH} /usr/bin/cmake --install /home/sidubuntu/dev_ws/build/gazebo_ros2_control_demos
[10.721s] Level 1:colcon.colcon_core.environment:checking '/home/sidubuntu/dev_ws/install/gazebo_ros2_control_demos' for CMake config files
[10.727s] Level 1:colcon.colcon_core.shell:create_environment_hook('gazebo_ros2_control_demos', 'cmake_prefix_path')
[10.727s] INFO:colcon.colcon_core.shell:Creating environment hook '/home/sidubuntu/dev_ws/install/gazebo_ros2_control_demos/share/gazebo_ros2_control_demos/hook/cmake_prefix_path.ps1'
[10.728s] INFO:colcon.colcon_core.shell:Creating environment descriptor '/home/sidubuntu/dev_ws/install/gazebo_ros2_control_demos/share/gazebo_ros2_control_demos/hook/cmake_prefix_path.dsv'
[10.728s] INFO:colcon.colcon_core.shell:Creating environment hook '/home/sidubuntu/dev_ws/install/gazebo_ros2_control_demos/share/gazebo_ros2_control_demos/hook/cmake_prefix_path.sh'
[10.729s] Level 1:colcon.colcon_core.environment:checking '/home/sidubuntu/dev_ws/install/gazebo_ros2_control_demos/lib'
[10.729s] Level 1:colcon.colcon_core.environment:checking '/home/sidubuntu/dev_ws/install/gazebo_ros2_control_demos/bin'
[10.729s] Level 1:colcon.colcon_core.environment:checking '/home/sidubuntu/dev_ws/install/gazebo_ros2_control_demos/lib/pkgconfig/gazebo_ros2_control_demos.pc'
[10.729s] Level 1:colcon.colcon_core.environment:checking '/home/sidubuntu/dev_ws/install/gazebo_ros2_control_demos/lib/python3.10/site-packages'
[10.730s] Level 1:colcon.colcon_core.environment:checking '/home/sidubuntu/dev_ws/install/gazebo_ros2_control_demos/bin'
[10.730s] INFO:colcon.colcon_core.shell:Creating package script '/home/sidubuntu/dev_ws/install/gazebo_ros2_control_demos/share/gazebo_ros2_control_demos/package.ps1'
[10.731s] INFO:colcon.colcon_core.shell:Creating package descriptor '/home/sidubuntu/dev_ws/install/gazebo_ros2_control_demos/share/gazebo_ros2_control_demos/package.dsv'
[10.731s] INFO:colcon.colcon_core.shell:Creating package script '/home/sidubuntu/dev_ws/install/gazebo_ros2_control_demos/share/gazebo_ros2_control_demos/package.sh'
[10.732s] INFO:colcon.colcon_core.shell:Creating package script '/home/sidubuntu/dev_ws/install/gazebo_ros2_control_demos/share/gazebo_ros2_control_demos/package.bash'
[10.733s] INFO:colcon.colcon_core.shell:Creating package script '/home/sidubuntu/dev_ws/install/gazebo_ros2_control_demos/share/gazebo_ros2_control_demos/package.zsh'
[10.733s] Level 1:colcon.colcon_core.environment:create_file_with_runtime_dependencies(/home/sidubuntu/dev_ws/install/gazebo_ros2_control_demos/share/colcon-core/packages/gazebo_ros2_control_demos)
[10.734s] Level 1:colcon.colcon_core.environment:create_environment_scripts_only(gazebo_ros2_control_demos)
[10.734s] Level 1:colcon.colcon_core.environment:checking '/home/sidubuntu/dev_ws/install/gazebo_ros2_control_demos' for CMake module files
[10.735s] Level 1:colcon.colcon_core.environment:checking '/home/sidubuntu/dev_ws/install/gazebo_ros2_control_demos' for CMake config files
[10.735s] Level 1:colcon.colcon_core.shell:create_environment_hook('gazebo_ros2_control_demos', 'cmake_prefix_path')
[10.735s] INFO:colcon.colcon_core.shell:Creating environment hook '/home/sidubuntu/dev_ws/install/gazebo_ros2_control_demos/share/gazebo_ros2_control_demos/hook/cmake_prefix_path.ps1'
[10.736s] INFO:colcon.colcon_core.shell:Creating environment descriptor '/home/sidubuntu/dev_ws/install/gazebo_ros2_control_demos/share/gazebo_ros2_control_demos/hook/cmake_prefix_path.dsv'
[10.736s] INFO:colcon.colcon_core.shell:Creating environment hook '/home/sidubuntu/dev_ws/install/gazebo_ros2_control_demos/share/gazebo_ros2_control_demos/hook/cmake_prefix_path.sh'
[10.736s] Level 1:colcon.colcon_core.environment:checking '/home/sidubuntu/dev_ws/install/gazebo_ros2_control_demos/lib'
[10.736s] Level 1:colcon.colcon_core.environment:checking '/home/sidubuntu/dev_ws/install/gazebo_ros2_control_demos/bin'
[10.736s] Level 1:colcon.colcon_core.environment:checking '/home/sidubuntu/dev_ws/install/gazebo_ros2_control_demos/lib/pkgconfig/gazebo_ros2_control_demos.pc'
[10.737s] Level 1:colcon.colcon_core.environment:checking '/home/sidubuntu/dev_ws/install/gazebo_ros2_control_demos/lib/python3.10/site-packages'
[10.737s] Level 1:colcon.colcon_core.environment:checking '/home/sidubuntu/dev_ws/install/gazebo_ros2_control_demos/bin'
[10.737s] INFO:colcon.colcon_core.shell:Creating package script '/home/sidubuntu/dev_ws/install/gazebo_ros2_control_demos/share/gazebo_ros2_control_demos/package.ps1'
[10.737s] INFO:colcon.colcon_core.shell:Creating package descriptor '/home/sidubuntu/dev_ws/install/gazebo_ros2_control_demos/share/gazebo_ros2_control_demos/package.dsv'
[10.738s] INFO:colcon.colcon_core.shell:Creating package script '/home/sidubuntu/dev_ws/install/gazebo_ros2_control_demos/share/gazebo_ros2_control_demos/package.sh'
[10.738s] INFO:colcon.colcon_core.shell:Creating package script '/home/sidubuntu/dev_ws/install/gazebo_ros2_control_demos/share/gazebo_ros2_control_demos/package.bash'
[10.739s] INFO:colcon.colcon_core.shell:Creating package script '/home/sidubuntu/dev_ws/install/gazebo_ros2_control_demos/share/gazebo_ros2_control_demos/package.zsh'
[10.739s] Level 1:colcon.colcon_core.environment:create_file_with_runtime_dependencies(/home/sidubuntu/dev_ws/install/gazebo_ros2_control_demos/share/colcon-core/packages/gazebo_ros2_control_demos)
[10.740s] DEBUG:colcon.colcon_parallel_executor.executor.parallel:closing loop
[10.740s] DEBUG:colcon.colcon_parallel_executor.executor.parallel:loop closed
[10.741s] DEBUG:colcon.colcon_parallel_executor.executor.parallel:run_until_complete finished with '0'
[10.741s] DEBUG:colcon.colcon_core.event_reactor:joining thread
[11.188s] INFO:colcon.colcon_core.plugin_system:Skipping extension 'colcon_notification.desktop_notification.notify_send': Could not find 'notify-send'
[11.188s] INFO:colcon.colcon_core.plugin_system:Skipping extension 'colcon_notification.desktop_notification.terminal_notifier': Not used on non-Darwin systems
[11.189s] INFO:colcon.colcon_core.plugin_system:Skipping extension 'colcon_notification.desktop_notification.win32': Not used on non-Windows systems
[11.189s] INFO:colcon.colcon_notification.desktop_notification:Sending desktop notification using 'notify2'
[12.193s] DEBUG:colcon.colcon_notification.desktop_notification.notify2:Failed to initialize notify2: org.freedesktop.DBus.Error.ServiceUnknown: The name org.freedesktop.Notifications was not provided by any .service files
[12.194s] DEBUG:colcon.colcon_core.event_reactor:joined thread
[12.194s] INFO:colcon.colcon_core.shell:Creating prefix script '/home/sidubuntu/dev_ws/install/local_setup.ps1'
[12.196s] INFO:colcon.colcon_core.shell:Creating prefix util module '/home/sidubuntu/dev_ws/install/_local_setup_util_ps1.py'
[12.197s] INFO:colcon.colcon_core.shell:Creating prefix chain script '/home/sidubuntu/dev_ws/install/setup.ps1'
[12.199s] INFO:colcon.colcon_core.shell:Creating prefix script '/home/sidubuntu/dev_ws/install/local_setup.sh'
[12.200s] INFO:colcon.colcon_core.shell:Creating prefix util module '/home/sidubuntu/dev_ws/install/_local_setup_util_sh.py'
[12.201s] INFO:colcon.colcon_core.shell:Creating prefix chain script '/home/sidubuntu/dev_ws/install/setup.sh'
[12.203s] INFO:colcon.colcon_core.shell:Creating prefix script '/home/sidubuntu/dev_ws/install/local_setup.bash'
[12.204s] INFO:colcon.colcon_core.shell:Creating prefix chain script '/home/sidubuntu/dev_ws/install/setup.bash'
[12.206s] INFO:colcon.colcon_core.shell:Creating prefix script '/home/sidubuntu/dev_ws/install/local_setup.zsh'
[12.207s] INFO:colcon.colcon_core.shell:Creating prefix chain script '/home/sidubuntu/dev_ws/install/setup.zsh'
