[0.046s] Invoking command in '/home/sidubuntu/dev_ws/build/gazebo_ros2_control': CMAKE_PREFIX_PATH=${CMAKE_PREFIX_PATH}:/opt/ros/humble /usr/bin/cmake --build /home/sidubuntu/dev_ws/build/gazebo_ros2_control -- -j8 -l8
[0.199s] [ 50%] Built target gazebo_hardware_plugins
[0.200s] [100%] Built target gazebo_ros2_control
[0.280s] Invoked command in '/home/sidubuntu/dev_ws/build/gazebo_ros2_control' returned '0': CMAKE_PREFIX_PATH=${CMAKE_PREFIX_PATH}:/opt/ros/humble /usr/bin/cmake --build /home/sidubuntu/dev_ws/build/gazebo_ros2_control -- -j8 -l8
[0.281s] Invoking command in '/home/sidubuntu/dev_ws/build/gazebo_ros2_control': CMAKE_PREFIX_PATH=${CMAKE_PREFIX_PATH}:/opt/ros/humble /usr/bin/cmake --install /home/sidubuntu/dev_ws/build/gazebo_ros2_control
[0.290s] -- Install configuration: ""
[0.291s] -- Execute custom install script
[0.291s] -- Up-to-date symlink: /home/sidubuntu/dev_ws/install/gazebo_ros2_control/lib/libgazebo_ros2_control.so
[0.292s] -- Up-to-date symlink: /home/sidubuntu/dev_ws/install/gazebo_ros2_control/lib/libgazebo_hardware_plugins.so
[0.293s] -- Up-to-date symlink: /home/sidubuntu/dev_ws/install/gazebo_ros2_control/share/gazebo_ros2_control/environment/library_path.sh
[0.294s] -- Up-to-date symlink: /home/sidubuntu/dev_ws/install/gazebo_ros2_control/share/gazebo_ros2_control/environment/library_path.dsv
[0.294s] -- Up-to-date symlink: /home/sidubuntu/dev_ws/install/gazebo_ros2_control/include/gazebo_ros2_control/gazebo_ros2_control_plugin.hpp
[0.295s] -- Up-to-date symlink: /home/sidubuntu/dev_ws/install/gazebo_ros2_control/include/gazebo_ros2_control/gazebo_system.hpp
[0.295s] -- Up-to-date symlink: /home/sidubuntu/dev_ws/install/gazebo_ros2_control/include/gazebo_ros2_control/gazebo_system_interface.hpp
[0.295s] -- Up-to-date symlink: /home/sidubuntu/dev_ws/install/gazebo_ros2_control/share/gazebo_ros2_control//gazebo_hardware_plugins.xml
[0.296s] -- Up-to-date symlink: /home/sidubuntu/dev_ws/install/gazebo_ros2_control/share/ament_index/resource_index/package_run_dependencies/gazebo_ros2_control
[0.296s] -- Up-to-date symlink: /home/sidubuntu/dev_ws/install/gazebo_ros2_control/share/ament_index/resource_index/parent_prefix_path/gazebo_ros2_control
[0.296s] -- Up-to-date symlink: /home/sidubuntu/dev_ws/install/gazebo_ros2_control/share/gazebo_ros2_control/environment/ament_prefix_path.sh
[0.296s] -- Up-to-date symlink: /home/sidubuntu/dev_ws/install/gazebo_ros2_control/share/gazebo_ros2_control/environment/ament_prefix_path.dsv
[0.297s] -- Up-to-date symlink: /home/sidubuntu/dev_ws/install/gazebo_ros2_control/share/gazebo_ros2_control/environment/path.sh
[0.297s] -- Up-to-date symlink: /home/sidubuntu/dev_ws/install/gazebo_ros2_control/share/gazebo_ros2_control/environment/path.dsv
[0.298s] -- Up-to-date symlink: /home/sidubuntu/dev_ws/install/gazebo_ros2_control/share/gazebo_ros2_control/local_setup.bash
[0.298s] -- Up-to-date symlink: /home/sidubuntu/dev_ws/install/gazebo_ros2_control/share/gazebo_ros2_control/local_setup.sh
[0.298s] -- Up-to-date symlink: /home/sidubuntu/dev_ws/install/gazebo_ros2_control/share/gazebo_ros2_control/local_setup.zsh
[0.298s] -- Up-to-date symlink: /home/sidubuntu/dev_ws/install/gazebo_ros2_control/share/gazebo_ros2_control/local_setup.dsv
[0.299s] -- Symlinking: /home/sidubuntu/dev_ws/install/gazebo_ros2_control/share/gazebo_ros2_control/package.dsv
[0.311s] -- Up-to-date symlink: /home/sidubuntu/dev_ws/install/gazebo_ros2_control/share/ament_index/resource_index/packages/gazebo_ros2_control
[0.311s] -- Up-to-date symlink: /home/sidubuntu/dev_ws/install/gazebo_ros2_control/share/ament_index/resource_index/gazebo_ros2_control__pluginlib__plugin/gazebo_ros2_control
[0.311s] -- Up-to-date symlink: /home/sidubuntu/dev_ws/install/gazebo_ros2_control/share/gazebo_ros2_control/cmake/ament_cmake_export_include_directories-extras.cmake
[0.312s] -- Up-to-date symlink: /home/sidubuntu/dev_ws/install/gazebo_ros2_control/share/gazebo_ros2_control/cmake/ament_cmake_export_dependencies-extras.cmake
[0.312s] -- Up-to-date symlink: /home/sidubuntu/dev_ws/install/gazebo_ros2_control/share/gazebo_ros2_control/cmake/ament_cmake_export_libraries-extras.cmake
[0.312s] -- Up-to-date symlink: /home/sidubuntu/dev_ws/install/gazebo_ros2_control/share/gazebo_ros2_control/cmake/gazebo_ros2_controlConfig.cmake
[0.313s] -- Up-to-date symlink: /home/sidubuntu/dev_ws/install/gazebo_ros2_control/share/gazebo_ros2_control/cmake/gazebo_ros2_controlConfig-version.cmake
[0.313s] -- Up-to-date symlink: /home/sidubuntu/dev_ws/install/gazebo_ros2_control/share/gazebo_ros2_control/package.xml
[0.316s] Invoked command in '/home/sidubuntu/dev_ws/build/gazebo_ros2_control' returned '0': CMAKE_PREFIX_PATH=${CMAKE_PREFIX_PATH}:/opt/ros/humble /usr/bin/cmake --install /home/sidubuntu/dev_ws/build/gazebo_ros2_control
