[0.040s] Invoking command in '/home/sidubuntu/dev_ws/build/q_bot': CMAKE_PREFIX_PATH=/opt/ros/humble /usr/bin/cmake --build /home/sidubuntu/dev_ws/build/q_bot -- -j8 -l8
[0.215s] Invoked command in '/home/sidubuntu/dev_ws/build/q_bot' returned '0': CMAKE_PREFIX_PATH=/opt/ros/humble /usr/bin/cmake --build /home/sidubuntu/dev_ws/build/q_bot -- -j8 -l8
[0.231s] Invoking command in '/home/sidubuntu/dev_ws/build/q_bot': CMAKE_PREFIX_PATH=/opt/ros/humble /usr/bin/cmake --install /home/sidubuntu/dev_ws/build/q_bot
[0.241s] -- Install configuration: ""
[0.243s] -- Execute custom install script
[0.245s] -- Up-to-date symlink: /home/sidubuntu/dev_ws/install/q_bot/share/q_bot/config/drive_bot.rviz
[0.245s] -- Up-to-date symlink: /home/sidubuntu/dev_ws/install/q_bot/share/q_bot/config/empty.yaml
[0.246s] -- Up-to-date symlink: /home/sidubuntu/dev_ws/install/q_bot/share/q_bot/config/mapper_params_online_async.yaml
[0.246s] -- Up-to-date symlink: /home/sidubuntu/dev_ws/install/q_bot/share/q_bot/config/nav2_params.yaml
[0.247s] -- Symlinking: /home/sidubuntu/dev_ws/install/q_bot/share/q_bot/config/skid_control.yaml
[0.257s] -- Up-to-date symlink: /home/sidubuntu/dev_ws/install/q_bot/share/q_bot/config/twist_mux.yaml
[0.257s] -- Up-to-date symlink: /home/sidubuntu/dev_ws/install/q_bot/share/q_bot/config/view_bot.rviz
[0.257s] -- Up-to-date symlink: /home/sidubuntu/dev_ws/install/q_bot/share/q_bot/description/camera.xacro
[0.258s] -- Up-to-date symlink: /home/sidubuntu/dev_ws/install/q_bot/share/q_bot/description/gazebo_control.xacro
[0.259s] -- Up-to-date symlink: /home/sidubuntu/dev_ws/install/q_bot/share/q_bot/description/inertial_macros.xacro
[0.259s] -- Up-to-date symlink: /home/sidubuntu/dev_ws/install/q_bot/share/q_bot/description/lidar.xacro
[0.260s] -- Up-to-date symlink: /home/sidubuntu/dev_ws/install/q_bot/share/q_bot/description/robot.urdf.xacro
[0.261s] -- Up-to-date symlink: /home/sidubuntu/dev_ws/install/q_bot/share/q_bot/description/robot_core.xacro
[0.261s] -- Symlinking: /home/sidubuntu/dev_ws/install/q_bot/share/q_bot/description/ros2_control.xacro
[0.275s] -- Up-to-date symlink: /home/sidubuntu/dev_ws/install/q_bot/share/q_bot/description/skid_control.xacro
[0.276s] -- Up-to-date symlink: /home/sidubuntu/dev_ws/install/q_bot/share/q_bot/description/skid_controller.xacro
[0.276s] -- Up-to-date symlink: /home/sidubuntu/dev_ws/install/q_bot/share/q_bot/launch/launch_sim.launch.py
[0.277s] -- Up-to-date symlink: /home/sidubuntu/dev_ws/install/q_bot/share/q_bot/launch/localization_launch.py
[0.278s] -- Up-to-date symlink: /home/sidubuntu/dev_ws/install/q_bot/share/q_bot/launch/navigation_launch.py
[0.278s] -- Up-to-date symlink: /home/sidubuntu/dev_ws/install/q_bot/share/q_bot/launch/rsp.launch.py
[0.278s] -- Up-to-date symlink: /home/sidubuntu/dev_ws/install/q_bot/share/q_bot/worlds/empty.world
[0.279s] -- Up-to-date symlink: /home/sidubuntu/dev_ws/install/q_bot/share/q_bot/worlds/obstacle_course_1
[0.279s] -- Up-to-date symlink: /home/sidubuntu/dev_ws/install/q_bot/share/q_bot/worlds/obstacles.world
[0.280s] -- Up-to-date symlink: /home/sidubuntu/dev_ws/install/q_bot/share/ament_index/resource_index/package_run_dependencies/q_bot
[0.280s] -- Up-to-date symlink: /home/sidubuntu/dev_ws/install/q_bot/share/ament_index/resource_index/parent_prefix_path/q_bot
[0.281s] -- Up-to-date symlink: /home/sidubuntu/dev_ws/install/q_bot/share/q_bot/environment/ament_prefix_path.sh
[0.282s] -- Up-to-date symlink: /home/sidubuntu/dev_ws/install/q_bot/share/q_bot/environment/ament_prefix_path.dsv
[0.283s] -- Up-to-date symlink: /home/sidubuntu/dev_ws/install/q_bot/share/q_bot/environment/path.sh
[0.283s] -- Up-to-date symlink: /home/sidubuntu/dev_ws/install/q_bot/share/q_bot/environment/path.dsv
[0.284s] -- Up-to-date symlink: /home/sidubuntu/dev_ws/install/q_bot/share/q_bot/local_setup.bash
[0.285s] -- Up-to-date symlink: /home/sidubuntu/dev_ws/install/q_bot/share/q_bot/local_setup.sh
[0.285s] -- Up-to-date symlink: /home/sidubuntu/dev_ws/install/q_bot/share/q_bot/local_setup.zsh
[0.286s] -- Up-to-date symlink: /home/sidubuntu/dev_ws/install/q_bot/share/q_bot/local_setup.dsv
[0.287s] -- Symlinking: /home/sidubuntu/dev_ws/install/q_bot/share/q_bot/package.dsv
[0.301s] -- Up-to-date symlink: /home/sidubuntu/dev_ws/install/q_bot/share/ament_index/resource_index/packages/q_bot
[0.301s] -- Up-to-date symlink: /home/sidubuntu/dev_ws/install/q_bot/share/q_bot/cmake/q_botConfig.cmake
[0.302s] -- Up-to-date symlink: /home/sidubuntu/dev_ws/install/q_bot/share/q_bot/cmake/q_botConfig-version.cmake
[0.302s] -- Up-to-date symlink: /home/sidubuntu/dev_ws/install/q_bot/share/q_bot/package.xml
[0.345s] Invoked command in '/home/sidubuntu/dev_ws/build/q_bot' returned '0': CMAKE_PREFIX_PATH=/opt/ros/humble /usr/bin/cmake --install /home/sidubuntu/dev_ws/build/q_bot
