[0.016s] Invoking command in '/home/sidubuntu/dev_ws/build/my_bot': CMAKE_PREFIX_PATH=/opt/ros/humble /usr/bin/cmake /home/sidubuntu/dev_ws/src/my_bot -DAMENT_CMAKE_SYMLINK_INSTALL=1 -DCMAKE_INSTALL_PREFIX=/home/sidubuntu/dev_ws/install/my_bot
[0.561s] -- The C compiler identification is GNU 11.4.0
[1.131s] -- The CXX compiler identification is GNU 11.4.0
[1.389s] -- Detecting C compiler ABI info
[1.620s] -- Detecting C compiler ABI info - done
[1.631s] -- Check for working C compiler: /usr/bin/cc - skipped
[1.632s] -- Detecting C compile features
[1.634s] -- Detecting C compile features - done
[1.642s] -- Detecting CXX compiler ABI info
[2.089s] -- Detecting CXX compiler ABI info - done
[2.104s] -- Check for working CXX compiler: /usr/bin/c++ - skipped
[2.105s] -- Detecting CXX compile features
[2.107s] -- Detecting CXX compile features - done
[2.146s] -- Found ament_cmake: 1.3.11 (/opt/ros/humble/share/ament_cmake/cmake)
[2.389s] -- Found Python3: /usr/bin/python3 (found version "3.10.12") found components: Interpreter 
[2.636s] -- Override CMake install command with custom implementation using symlinks instead of copying resources
[2.703s] -- Found ament_lint_auto: 0.12.12 (/opt/ros/humble/share/ament_lint_auto/cmake)
[2.850s] -- Added test 'copyright' to check source files copyright and LICENSE
[2.864s] -- Added test 'flake8' to check Python code syntax and style conventions
[2.866s] -- Added test 'lint_cmake' to check CMake code style
[2.868s] -- Added test 'pep257' to check Python code against some of the docstring style conventions in PEP 257
[2.874s] -- Added test 'xmllint' to check XML markup files
[2.882s] -- Configuring done
[2.888s] -- Generating done
[2.892s] -- Build files have been written to: /home/sidubuntu/dev_ws/build/my_bot
[2.900s] Invoked command in '/home/sidubuntu/dev_ws/build/my_bot' returned '0': CMAKE_PREFIX_PATH=/opt/ros/humble /usr/bin/cmake /home/sidubuntu/dev_ws/src/my_bot -DAMENT_CMAKE_SYMLINK_INSTALL=1 -DCMAKE_INSTALL_PREFIX=/home/sidubuntu/dev_ws/install/my_bot
[2.901s] Invoking command in '/home/sidubuntu/dev_ws/build/my_bot': CMAKE_PREFIX_PATH=/opt/ros/humble /usr/bin/cmake --build /home/sidubuntu/dev_ws/build/my_bot -- -j8 -l8
[2.945s] Invoked command in '/home/sidubuntu/dev_ws/build/my_bot' returned '0': CMAKE_PREFIX_PATH=/opt/ros/humble /usr/bin/cmake --build /home/sidubuntu/dev_ws/build/my_bot -- -j8 -l8
[2.956s] Invoking command in '/home/sidubuntu/dev_ws/build/my_bot': CMAKE_PREFIX_PATH=/opt/ros/humble /usr/bin/cmake --install /home/sidubuntu/dev_ws/build/my_bot
[2.963s] -- Install configuration: ""
[2.963s] -- Execute custom install script
[2.964s] -- Symlinking: /home/sidubuntu/dev_ws/install/my_bot/share/my_bot/config/empty.yaml
[2.973s] -- Symlinking: /home/sidubuntu/dev_ws/install/my_bot/share/my_bot/description/robot.urdf.xacro
[2.983s] -- Symlinking: /home/sidubuntu/dev_ws/install/my_bot/share/my_bot/launch/rsp.launch.py
[2.996s] -- Symlinking: /home/sidubuntu/dev_ws/install/my_bot/share/my_bot/worlds/empty.world
[3.007s] -- Symlinking: /home/sidubuntu/dev_ws/install/my_bot/share/ament_index/resource_index/package_run_dependencies/my_bot
[3.023s] -- Symlinking: /home/sidubuntu/dev_ws/install/my_bot/share/ament_index/resource_index/parent_prefix_path/my_bot
[3.040s] -- Symlinking: /home/sidubuntu/dev_ws/install/my_bot/share/my_bot/environment/ament_prefix_path.sh
[3.055s] -- Symlinking: /home/sidubuntu/dev_ws/install/my_bot/share/my_bot/environment/ament_prefix_path.dsv
[3.072s] -- Symlinking: /home/sidubuntu/dev_ws/install/my_bot/share/my_bot/environment/path.sh
[3.089s] -- Symlinking: /home/sidubuntu/dev_ws/install/my_bot/share/my_bot/environment/path.dsv
[3.103s] -- Symlinking: /home/sidubuntu/dev_ws/install/my_bot/share/my_bot/local_setup.bash
[3.122s] -- Symlinking: /home/sidubuntu/dev_ws/install/my_bot/share/my_bot/local_setup.sh
[3.139s] -- Symlinking: /home/sidubuntu/dev_ws/install/my_bot/share/my_bot/local_setup.zsh
[3.157s] -- Symlinking: /home/sidubuntu/dev_ws/install/my_bot/share/my_bot/local_setup.dsv
[3.170s] -- Symlinking: /home/sidubuntu/dev_ws/install/my_bot/share/my_bot/package.dsv
[3.187s] -- Symlinking: /home/sidubuntu/dev_ws/install/my_bot/share/ament_index/resource_index/packages/my_bot
[3.206s] -- Symlinking: /home/sidubuntu/dev_ws/install/my_bot/share/my_bot/cmake/my_botConfig.cmake
[3.227s] -- Symlinking: /home/sidubuntu/dev_ws/install/my_bot/share/my_bot/cmake/my_botConfig-version.cmake
[3.243s] -- Symlinking: /home/sidubuntu/dev_ws/install/my_bot/share/my_bot/package.xml
[3.261s] Invoked command in '/home/sidubuntu/dev_ws/build/my_bot' returned '0': CMAKE_PREFIX_PATH=/opt/ros/humble /usr/bin/cmake --install /home/sidubuntu/dev_ws/build/my_bot
