[0.039s] Invoking command in '/home/sidubuntu/dev_ws/build/gazebo_ros2_control': CMAKE_PREFIX_PATH=/opt/ros/humble /usr/bin/cmake --build /home/sidubuntu/dev_ws/build/gazebo_ros2_control -- -j8 -l8
[0.230s] [ 75%] Built target gazebo_hardware_plugins
[0.230s] [100%] Built target gazebo_ros2_control
[0.299s] Invoked command in '/home/sidubuntu/dev_ws/build/gazebo_ros2_control' returned '0': CMAKE_PREFIX_PATH=/opt/ros/humble /usr/bin/cmake --build /home/sidubuntu/dev_ws/build/gazebo_ros2_control -- -j8 -l8
[0.304s] Invoking command in '/home/sidubuntu/dev_ws/build/gazebo_ros2_control': CMAKE_PREFIX_PATH=/opt/ros/humble /usr/bin/cmake --install /home/sidubuntu/dev_ws/build/gazebo_ros2_control
[0.314s] -- Install configuration: ""
[0.315s] -- Execute custom install script
[0.316s] -- Up-to-date symlink: /home/sidubuntu/dev_ws/install/gazebo_ros2_control/lib/libgazebo_ros2_control.so
[0.317s] -- Up-to-date symlink: /home/sidubuntu/dev_ws/install/gazebo_ros2_control/lib/libgazebo_hardware_plugins.so
[0.318s] -- Up-to-date symlink: /home/sidubuntu/dev_ws/install/gazebo_ros2_control/share/gazebo_ros2_control/environment/library_path.sh
[0.319s] -- Up-to-date symlink: /home/sidubuntu/dev_ws/install/gazebo_ros2_control/share/gazebo_ros2_control/environment/library_path.dsv
[0.320s] -- Up-to-date symlink: /home/sidubuntu/dev_ws/install/gazebo_ros2_control/include/gazebo_ros2_control/gazebo_ros2_control_plugin.hpp
[0.321s] -- Up-to-date symlink: /home/sidubuntu/dev_ws/install/gazebo_ros2_control/include/gazebo_ros2_control/gazebo_system.hpp
[0.322s] -- Up-to-date symlink: /home/sidubuntu/dev_ws/install/gazebo_ros2_control/include/gazebo_ros2_control/gazebo_system_interface.hpp
[0.323s] -- Up-to-date symlink: /home/sidubuntu/dev_ws/install/gazebo_ros2_control/share/gazebo_ros2_control//gazebo_hardware_plugins.xml
[0.324s] -- Up-to-date symlink: /home/sidubuntu/dev_ws/install/gazebo_ros2_control/share/ament_index/resource_index/package_run_dependencies/gazebo_ros2_control
[0.325s] -- Up-to-date symlink: /home/sidubuntu/dev_ws/install/gazebo_ros2_control/share/ament_index/resource_index/parent_prefix_path/gazebo_ros2_control
[0.326s] -- Up-to-date symlink: /home/sidubuntu/dev_ws/install/gazebo_ros2_control/share/gazebo_ros2_control/environment/ament_prefix_path.sh
[0.327s] -- Up-to-date symlink: /home/sidubuntu/dev_ws/install/gazebo_ros2_control/share/gazebo_ros2_control/environment/ament_prefix_path.dsv
[0.328s] -- Up-to-date symlink: /home/sidubuntu/dev_ws/install/gazebo_ros2_control/share/gazebo_ros2_control/environment/path.sh
[0.328s] -- Up-to-date symlink: /home/sidubuntu/dev_ws/install/gazebo_ros2_control/share/gazebo_ros2_control/environment/path.dsv
[0.329s] -- Up-to-date symlink: /home/sidubuntu/dev_ws/install/gazebo_ros2_control/share/gazebo_ros2_control/local_setup.bash
[0.330s] -- Up-to-date symlink: /home/sidubuntu/dev_ws/install/gazebo_ros2_control/share/gazebo_ros2_control/local_setup.sh
[0.331s] -- Up-to-date symlink: /home/sidubuntu/dev_ws/install/gazebo_ros2_control/share/gazebo_ros2_control/local_setup.zsh
[0.332s] -- Up-to-date symlink: /home/sidubuntu/dev_ws/install/gazebo_ros2_control/share/gazebo_ros2_control/local_setup.dsv
[0.332s] -- Symlinking: /home/sidubuntu/dev_ws/install/gazebo_ros2_control/share/gazebo_ros2_control/package.dsv
[0.343s] -- Up-to-date symlink: /home/sidubuntu/dev_ws/install/gazebo_ros2_control/share/ament_index/resource_index/packages/gazebo_ros2_control
[0.343s] -- Up-to-date symlink: /home/sidubuntu/dev_ws/install/gazebo_ros2_control/share/ament_index/resource_index/gazebo_ros2_control__pluginlib__plugin/gazebo_ros2_control
[0.344s] -- Up-to-date symlink: /home/sidubuntu/dev_ws/install/gazebo_ros2_control/share/gazebo_ros2_control/cmake/ament_cmake_export_include_directories-extras.cmake
[0.345s] -- Up-to-date symlink: /home/sidubuntu/dev_ws/install/gazebo_ros2_control/share/gazebo_ros2_control/cmake/ament_cmake_export_dependencies-extras.cmake
[0.346s] -- Up-to-date symlink: /home/sidubuntu/dev_ws/install/gazebo_ros2_control/share/gazebo_ros2_control/cmake/ament_cmake_export_libraries-extras.cmake
[0.346s] -- Up-to-date symlink: /home/sidubuntu/dev_ws/install/gazebo_ros2_control/share/gazebo_ros2_control/cmake/gazebo_ros2_controlConfig.cmake
[0.347s] -- Up-to-date symlink: /home/sidubuntu/dev_ws/install/gazebo_ros2_control/share/gazebo_ros2_control/cmake/gazebo_ros2_controlConfig-version.cmake
[0.348s] -- Up-to-date symlink: /home/sidubuntu/dev_ws/install/gazebo_ros2_control/share/gazebo_ros2_control/package.xml
[0.351s] Invoked command in '/home/sidubuntu/dev_ws/build/gazebo_ros2_control' returned '0': CMAKE_PREFIX_PATH=/opt/ros/humble /usr/bin/cmake --install /home/sidubuntu/dev_ws/build/gazebo_ros2_control
