[0.022s] Invoking command in '/home/sidubuntu/dev_ws/build/my_bot': CMAKE_PREFIX_PATH=/opt/ros/humble /usr/bin/cmake --build /home/sidubuntu/dev_ws/build/my_bot -- -j8 -l8
[0.135s] Invoked command in '/home/sidubuntu/dev_ws/build/my_bot' returned '0': CMAKE_PREFIX_PATH=/opt/ros/humble /usr/bin/cmake --build /home/sidubuntu/dev_ws/build/my_bot -- -j8 -l8
[0.147s] Invoking command in '/home/sidubuntu/dev_ws/build/my_bot': CMAKE_PREFIX_PATH=/opt/ros/humble /usr/bin/cmake --install /home/sidubuntu/dev_ws/build/my_bot
[0.153s] -- Install configuration: ""
[0.154s] -- Execute custom install script
[0.157s] -- Up-to-date symlink: /home/sidubuntu/dev_ws/install/my_bot/share/my_bot/config/drive_bot.rviz
[0.157s] -- Up-to-date symlink: /home/sidubuntu/dev_ws/install/my_bot/share/my_bot/config/empty.yaml
[0.158s] -- Up-to-date symlink: /home/sidubuntu/dev_ws/install/my_bot/share/my_bot/config/mapper_params_online_async.yaml
[0.158s] -- Symlinking: /home/sidubuntu/dev_ws/install/my_bot/share/my_bot/config/twist_mux.yaml
[0.164s] -- Up-to-date symlink: /home/sidubuntu/dev_ws/install/my_bot/share/my_bot/config/view_bot.rviz
[0.165s] -- Up-to-date symlink: /home/sidubuntu/dev_ws/install/my_bot/share/my_bot/description/camera.xacro
[0.166s] -- Up-to-date symlink: /home/sidubuntu/dev_ws/install/my_bot/share/my_bot/description/gazebo_control.xacro
[0.167s] -- Up-to-date symlink: /home/sidubuntu/dev_ws/install/my_bot/share/my_bot/description/inertial_macros.xacro
[0.167s] -- Up-to-date symlink: /home/sidubuntu/dev_ws/install/my_bot/share/my_bot/description/lidar.xacro
[0.168s] -- Up-to-date symlink: /home/sidubuntu/dev_ws/install/my_bot/share/my_bot/description/robot.urdf.xacro
[0.168s] -- Up-to-date symlink: /home/sidubuntu/dev_ws/install/my_bot/share/my_bot/description/robot_core.xacro
[0.170s] -- Up-to-date symlink: /home/sidubuntu/dev_ws/install/my_bot/share/my_bot/launch/launch_sim.launch.py
[0.171s] -- Up-to-date symlink: /home/sidubuntu/dev_ws/install/my_bot/share/my_bot/launch/rsp.launch.py
[0.172s] -- Up-to-date symlink: /home/sidubuntu/dev_ws/install/my_bot/share/my_bot/worlds/empty.world
[0.172s] -- Up-to-date symlink: /home/sidubuntu/dev_ws/install/my_bot/share/my_bot/worlds/obstacle_course_1
[0.172s] -- Up-to-date symlink: /home/sidubuntu/dev_ws/install/my_bot/share/my_bot/worlds/obstacles.world
[0.174s] -- Up-to-date symlink: /home/sidubuntu/dev_ws/install/my_bot/share/ament_index/resource_index/package_run_dependencies/my_bot
[0.176s] -- Up-to-date symlink: /home/sidubuntu/dev_ws/install/my_bot/share/ament_index/resource_index/parent_prefix_path/my_bot
[0.177s] -- Up-to-date symlink: /home/sidubuntu/dev_ws/install/my_bot/share/my_bot/environment/ament_prefix_path.sh
[0.177s] -- Up-to-date symlink: /home/sidubuntu/dev_ws/install/my_bot/share/my_bot/environment/ament_prefix_path.dsv
[0.178s] -- Up-to-date symlink: /home/sidubuntu/dev_ws/install/my_bot/share/my_bot/environment/path.sh
[0.179s] -- Up-to-date symlink: /home/sidubuntu/dev_ws/install/my_bot/share/my_bot/environment/path.dsv
[0.180s] -- Up-to-date symlink: /home/sidubuntu/dev_ws/install/my_bot/share/my_bot/local_setup.bash
[0.180s] -- Up-to-date symlink: /home/sidubuntu/dev_ws/install/my_bot/share/my_bot/local_setup.sh
[0.181s] -- Up-to-date symlink: /home/sidubuntu/dev_ws/install/my_bot/share/my_bot/local_setup.zsh
[0.182s] -- Up-to-date symlink: /home/sidubuntu/dev_ws/install/my_bot/share/my_bot/local_setup.dsv
[0.182s] -- Symlinking: /home/sidubuntu/dev_ws/install/my_bot/share/my_bot/package.dsv
[0.191s] -- Up-to-date symlink: /home/sidubuntu/dev_ws/install/my_bot/share/ament_index/resource_index/packages/my_bot
[0.192s] -- Up-to-date symlink: /home/sidubuntu/dev_ws/install/my_bot/share/my_bot/cmake/my_botConfig.cmake
[0.192s] -- Up-to-date symlink: /home/sidubuntu/dev_ws/install/my_bot/share/my_bot/cmake/my_botConfig-version.cmake
[0.193s] -- Up-to-date symlink: /home/sidubuntu/dev_ws/install/my_bot/share/my_bot/package.xml
[0.195s] Invoked command in '/home/sidubuntu/dev_ws/build/my_bot' returned '0': CMAKE_PREFIX_PATH=/opt/ros/humble /usr/bin/cmake --install /home/sidubuntu/dev_ws/build/my_bot
