[0.044s] Invoking command in '/home/sidubuntu/dev_ws/build/gazebo_ros2_control': CMAKE_PREFIX_PATH=${CMAKE_PREFIX_PATH}:/opt/ros/humble /usr/bin/cmake --build /home/sidubuntu/dev_ws/build/gazebo_ros2_control -- -j8 -l8
[0.322s] [ 50%] Built target gazebo_hardware_plugins
[0.323s] [100%] Built target gazebo_ros2_control
[0.385s] Invoked command in '/home/sidubuntu/dev_ws/build/gazebo_ros2_control' returned '0': CMAKE_PREFIX_PATH=${CMAKE_PREFIX_PATH}:/opt/ros/humble /usr/bin/cmake --build /home/sidubuntu/dev_ws/build/gazebo_ros2_control -- -j8 -l8
[0.388s] Invoking command in '/home/sidubuntu/dev_ws/build/gazebo_ros2_control': CMAKE_PREFIX_PATH=${CMAKE_PREFIX_PATH}:/opt/ros/humble /usr/bin/cmake --install /home/sidubuntu/dev_ws/build/gazebo_ros2_control
[0.398s] -- Install configuration: ""
[0.399s] -- Execute custom install script
[0.401s] -- Up-to-date symlink: /home/sidubuntu/dev_ws/install/gazebo_ros2_control/lib/libgazebo_ros2_control.so
[0.401s] -- Up-to-date symlink: /home/sidubuntu/dev_ws/install/gazebo_ros2_control/lib/libgazebo_hardware_plugins.so
[0.402s] -- Up-to-date symlink: /home/sidubuntu/dev_ws/install/gazebo_ros2_control/share/gazebo_ros2_control/environment/library_path.sh
[0.403s] -- Up-to-date symlink: /home/sidubuntu/dev_ws/install/gazebo_ros2_control/share/gazebo_ros2_control/environment/library_path.dsv
[0.404s] -- Up-to-date symlink: /home/sidubuntu/dev_ws/install/gazebo_ros2_control/include/gazebo_ros2_control/gazebo_ros2_control_plugin.hpp
[0.404s] -- Up-to-date symlink: /home/sidubuntu/dev_ws/install/gazebo_ros2_control/include/gazebo_ros2_control/gazebo_system.hpp
[0.405s] -- Up-to-date symlink: /home/sidubuntu/dev_ws/install/gazebo_ros2_control/include/gazebo_ros2_control/gazebo_system_interface.hpp
[0.405s] -- Up-to-date symlink: /home/sidubuntu/dev_ws/install/gazebo_ros2_control/share/gazebo_ros2_control//gazebo_hardware_plugins.xml
[0.406s] -- Up-to-date symlink: /home/sidubuntu/dev_ws/install/gazebo_ros2_control/share/ament_index/resource_index/package_run_dependencies/gazebo_ros2_control
[0.406s] -- Up-to-date symlink: /home/sidubuntu/dev_ws/install/gazebo_ros2_control/share/ament_index/resource_index/parent_prefix_path/gazebo_ros2_control
[0.407s] -- Up-to-date symlink: /home/sidubuntu/dev_ws/install/gazebo_ros2_control/share/gazebo_ros2_control/environment/ament_prefix_path.sh
[0.407s] -- Up-to-date symlink: /home/sidubuntu/dev_ws/install/gazebo_ros2_control/share/gazebo_ros2_control/environment/ament_prefix_path.dsv
[0.408s] -- Up-to-date symlink: /home/sidubuntu/dev_ws/install/gazebo_ros2_control/share/gazebo_ros2_control/environment/path.sh
[0.408s] -- Up-to-date symlink: /home/sidubuntu/dev_ws/install/gazebo_ros2_control/share/gazebo_ros2_control/environment/path.dsv
[0.409s] -- Up-to-date symlink: /home/sidubuntu/dev_ws/install/gazebo_ros2_control/share/gazebo_ros2_control/local_setup.bash
[0.410s] -- Up-to-date symlink: /home/sidubuntu/dev_ws/install/gazebo_ros2_control/share/gazebo_ros2_control/local_setup.sh
[0.411s] -- Up-to-date symlink: /home/sidubuntu/dev_ws/install/gazebo_ros2_control/share/gazebo_ros2_control/local_setup.zsh
[0.412s] -- Up-to-date symlink: /home/sidubuntu/dev_ws/install/gazebo_ros2_control/share/gazebo_ros2_control/local_setup.dsv
[0.412s] -- Symlinking: /home/sidubuntu/dev_ws/install/gazebo_ros2_control/share/gazebo_ros2_control/package.dsv
[0.423s] -- Up-to-date symlink: /home/sidubuntu/dev_ws/install/gazebo_ros2_control/share/ament_index/resource_index/packages/gazebo_ros2_control
[0.423s] -- Up-to-date symlink: /home/sidubuntu/dev_ws/install/gazebo_ros2_control/share/ament_index/resource_index/gazebo_ros2_control__pluginlib__plugin/gazebo_ros2_control
[0.424s] -- Up-to-date symlink: /home/sidubuntu/dev_ws/install/gazebo_ros2_control/share/gazebo_ros2_control/cmake/ament_cmake_export_include_directories-extras.cmake
[0.425s] -- Up-to-date symlink: /home/sidubuntu/dev_ws/install/gazebo_ros2_control/share/gazebo_ros2_control/cmake/ament_cmake_export_dependencies-extras.cmake
[0.426s] -- Up-to-date symlink: /home/sidubuntu/dev_ws/install/gazebo_ros2_control/share/gazebo_ros2_control/cmake/ament_cmake_export_libraries-extras.cmake
[0.427s] -- Up-to-date symlink: /home/sidubuntu/dev_ws/install/gazebo_ros2_control/share/gazebo_ros2_control/cmake/gazebo_ros2_controlConfig.cmake
[0.427s] -- Up-to-date symlink: /home/sidubuntu/dev_ws/install/gazebo_ros2_control/share/gazebo_ros2_control/cmake/gazebo_ros2_controlConfig-version.cmake
[0.429s] -- Up-to-date symlink: /home/sidubuntu/dev_ws/install/gazebo_ros2_control/share/gazebo_ros2_control/package.xml
[0.432s] Invoked command in '/home/sidubuntu/dev_ws/build/gazebo_ros2_control' returned '0': CMAKE_PREFIX_PATH=${CMAKE_PREFIX_PATH}:/opt/ros/humble /usr/bin/cmake --install /home/sidubuntu/dev_ws/build/gazebo_ros2_control
