[0.028s] Invoking command in '/home/sidubuntu/dev_ws/build/my_bot': CMAKE_PREFIX_PATH=/opt/ros/humble /usr/bin/cmake --build /home/sidubuntu/dev_ws/build/my_bot -- -j8 -l8
[0.149s] Invoked command in '/home/sidubuntu/dev_ws/build/my_bot' returned '0': CMAKE_PREFIX_PATH=/opt/ros/humble /usr/bin/cmake --build /home/sidubuntu/dev_ws/build/my_bot -- -j8 -l8
[0.161s] Invoking command in '/home/sidubuntu/dev_ws/build/my_bot': CMAKE_PREFIX_PATH=/opt/ros/humble /usr/bin/cmake --install /home/sidubuntu/dev_ws/build/my_bot
[0.170s] -- Install configuration: ""
[0.174s] -- Execute custom install script
[0.177s] -- Up-to-date symlink: /home/sidubuntu/dev_ws/install/my_bot/share/my_bot/config/empty.yaml
[0.178s] -- Up-to-date symlink: /home/sidubuntu/dev_ws/install/my_bot/share/my_bot/config/view_bot.rviz
[0.178s] -- Up-to-date symlink: /home/sidubuntu/dev_ws/install/my_bot/share/my_bot/description/gazebo_control.xacro
[0.179s] -- Up-to-date symlink: /home/sidubuntu/dev_ws/install/my_bot/share/my_bot/description/inertial_macros.xacro
[0.179s] -- Up-to-date symlink: /home/sidubuntu/dev_ws/install/my_bot/share/my_bot/description/robot.urdf.xacro
[0.180s] -- Up-to-date symlink: /home/sidubuntu/dev_ws/install/my_bot/share/my_bot/description/robot_core.xacro
[0.181s] -- Up-to-date symlink: /home/sidubuntu/dev_ws/install/my_bot/share/my_bot/launch/launch_sim.launch.py
[0.181s] -- Up-to-date symlink: /home/sidubuntu/dev_ws/install/my_bot/share/my_bot/launch/rsp.launch.py
[0.181s] -- Up-to-date symlink: /home/sidubuntu/dev_ws/install/my_bot/share/my_bot/worlds/empty.world
[0.182s] -- Up-to-date symlink: /home/sidubuntu/dev_ws/install/my_bot/share/ament_index/resource_index/package_run_dependencies/my_bot
[0.183s] -- Up-to-date symlink: /home/sidubuntu/dev_ws/install/my_bot/share/ament_index/resource_index/parent_prefix_path/my_bot
[0.183s] -- Up-to-date symlink: /home/sidubuntu/dev_ws/install/my_bot/share/my_bot/environment/ament_prefix_path.sh
[0.184s] -- Up-to-date symlink: /home/sidubuntu/dev_ws/install/my_bot/share/my_bot/environment/ament_prefix_path.dsv
[0.184s] -- Up-to-date symlink: /home/sidubuntu/dev_ws/install/my_bot/share/my_bot/environment/path.sh
[0.185s] -- Up-to-date symlink: /home/sidubuntu/dev_ws/install/my_bot/share/my_bot/environment/path.dsv
[0.185s] -- Up-to-date symlink: /home/sidubuntu/dev_ws/install/my_bot/share/my_bot/local_setup.bash
[0.186s] -- Up-to-date symlink: /home/sidubuntu/dev_ws/install/my_bot/share/my_bot/local_setup.sh
[0.186s] -- Up-to-date symlink: /home/sidubuntu/dev_ws/install/my_bot/share/my_bot/local_setup.zsh
[0.187s] -- Up-to-date symlink: /home/sidubuntu/dev_ws/install/my_bot/share/my_bot/local_setup.dsv
[0.187s] -- Symlinking: /home/sidubuntu/dev_ws/install/my_bot/share/my_bot/package.dsv
[0.196s] -- Up-to-date symlink: /home/sidubuntu/dev_ws/install/my_bot/share/ament_index/resource_index/packages/my_bot
[0.197s] -- Up-to-date symlink: /home/sidubuntu/dev_ws/install/my_bot/share/my_bot/cmake/my_botConfig.cmake
[0.198s] -- Up-to-date symlink: /home/sidubuntu/dev_ws/install/my_bot/share/my_bot/cmake/my_botConfig-version.cmake
[0.198s] -- Up-to-date symlink: /home/sidubuntu/dev_ws/install/my_bot/share/my_bot/package.xml
[0.201s] Invoked command in '/home/sidubuntu/dev_ws/build/my_bot' returned '0': CMAKE_PREFIX_PATH=/opt/ros/humble /usr/bin/cmake --install /home/sidubuntu/dev_ws/build/my_bot
