[0.034s] Invoking command in '/home/sidubuntu/dev_ws/build/my_bot': CMAKE_PREFIX_PATH=/opt/ros/humble /usr/bin/cmake --build /home/sidubuntu/dev_ws/build/my_bot -- -j8 -l8
[0.104s] Invoked command in '/home/sidubuntu/dev_ws/build/my_bot' returned '0': CMAKE_PREFIX_PATH=/opt/ros/humble /usr/bin/cmake --build /home/sidubuntu/dev_ws/build/my_bot -- -j8 -l8
[0.125s] Invoking command in '/home/sidubuntu/dev_ws/build/my_bot': CMAKE_PREFIX_PATH=/opt/ros/humble /usr/bin/cmake --install /home/sidubuntu/dev_ws/build/my_bot
[0.137s] -- Install configuration: ""
[0.137s] -- Execute custom install script
[0.138s] -- Up-to-date symlink: /home/sidubuntu/dev_ws/install/my_bot/share/my_bot/config/empty.yaml
[0.138s] -- Up-to-date symlink: /home/sidubuntu/dev_ws/install/my_bot/share/my_bot/config/view_bot.rviz
[0.139s] -- Up-to-date symlink: /home/sidubuntu/dev_ws/install/my_bot/share/my_bot/description/gazebo_control.xacro
[0.139s] -- Up-to-date symlink: /home/sidubuntu/dev_ws/install/my_bot/share/my_bot/description/inertial_macros.xacro
[0.139s] -- Up-to-date symlink: /home/sidubuntu/dev_ws/install/my_bot/share/my_bot/description/robot.urdf.xacro
[0.139s] -- Up-to-date symlink: /home/sidubuntu/dev_ws/install/my_bot/share/my_bot/description/robot_core.xacro
[0.139s] -- Up-to-date symlink: /home/sidubuntu/dev_ws/install/my_bot/share/my_bot/launch/launch_sim.launch.py
[0.140s] -- Up-to-date symlink: /home/sidubuntu/dev_ws/install/my_bot/share/my_bot/launch/rsp.launch.py
[0.140s] -- Up-to-date symlink: /home/sidubuntu/dev_ws/install/my_bot/share/my_bot/worlds/empty.world
[0.140s] -- Up-to-date symlink: /home/sidubuntu/dev_ws/install/my_bot/share/ament_index/resource_index/package_run_dependencies/my_bot
[0.142s] -- Up-to-date symlink: /home/sidubuntu/dev_ws/install/my_bot/share/ament_index/resource_index/parent_prefix_path/my_bot
[0.142s] -- Up-to-date symlink: /home/sidubuntu/dev_ws/install/my_bot/share/my_bot/environment/ament_prefix_path.sh
[0.145s] -- Up-to-date symlink: /home/sidubuntu/dev_ws/install/my_bot/share/my_bot/environment/ament_prefix_path.dsv
[0.146s] -- Up-to-date symlink: /home/sidubuntu/dev_ws/install/my_bot/share/my_bot/environment/path.sh
[0.147s] -- Up-to-date symlink: /home/sidubuntu/dev_ws/install/my_bot/share/my_bot/environment/path.dsv
[0.148s] -- Up-to-date symlink: /home/sidubuntu/dev_ws/install/my_bot/share/my_bot/local_setup.bash
[0.149s] -- Up-to-date symlink: /home/sidubuntu/dev_ws/install/my_bot/share/my_bot/local_setup.sh
[0.149s] -- Up-to-date symlink: /home/sidubuntu/dev_ws/install/my_bot/share/my_bot/local_setup.zsh
[0.150s] -- Up-to-date symlink: /home/sidubuntu/dev_ws/install/my_bot/share/my_bot/local_setup.dsv
[0.150s] -- Symlinking: /home/sidubuntu/dev_ws/install/my_bot/share/my_bot/package.dsv
[0.167s] -- Up-to-date symlink: /home/sidubuntu/dev_ws/install/my_bot/share/ament_index/resource_index/packages/my_bot
[0.167s] -- Up-to-date symlink: /home/sidubuntu/dev_ws/install/my_bot/share/my_bot/cmake/my_botConfig.cmake
[0.168s] -- Up-to-date symlink: /home/sidubuntu/dev_ws/install/my_bot/share/my_bot/cmake/my_botConfig-version.cmake
[0.168s] -- Up-to-date symlink: /home/sidubuntu/dev_ws/install/my_bot/share/my_bot/package.xml
[0.171s] Invoked command in '/home/sidubuntu/dev_ws/build/my_bot' returned '0': CMAKE_PREFIX_PATH=/opt/ros/humble /usr/bin/cmake --install /home/sidubuntu/dev_ws/build/my_bot
