[0.194s] DEBUG:colcon:Command line arguments: ['/usr/bin/colcon', 'build', '--symlink-install']
[0.194s] DEBUG:colcon:Parsed command line arguments: Namespace(log_base=None, log_level=None, verb_name='build', build_base='build', install_base='install', merge_install=False, symlink_install=True, test_result_base=None, continue_on_error=False, executor='parallel', parallel_workers=8, event_handlers=None, ignore_user_meta=False, metas=['./colcon.meta'], base_paths=['.'], packages_ignore=None, packages_ignore_regex=None, paths=None, packages_up_to=None, packages_up_to_regex=None, packages_above=None, packages_above_and_dependencies=None, packages_above_depth=None, packages_select_by_dep=None, packages_skip_by_dep=None, packages_skip_up_to=None, packages_select_build_failed=False, packages_skip_build_finished=False, packages_select_test_failures=False, packages_skip_test_passed=False, packages_select=None, packages_skip=None, packages_select_regex=None, packages_skip_regex=None, packages_start=None, packages_end=None, allow_overriding=[], cmake_args=None, cmake_target=None, cmake_target_skip_unavailable=False, cmake_clean_cache=False, cmake_clean_first=False, cmake_force_configure=False, ament_cmake_args=None, catkin_cmake_args=None, catkin_skip_building_tests=False, verb_parser=<colcon_defaults.argument_parser.defaults.DefaultArgumentsDecorator object at 0x79e912333f40>, verb_extension=<colcon_core.verb.build.BuildVerb object at 0x79e9124792d0>, main=<bound method BuildVerb.main of <colcon_core.verb.build.BuildVerb object at 0x79e9124792d0>>)
[0.367s] Level 1:colcon.colcon_core.package_discovery:discover_packages(colcon_meta) check parameters
[0.368s] Level 1:colcon.colcon_core.package_discovery:discover_packages(recursive) check parameters
[0.368s] Level 1:colcon.colcon_core.package_discovery:discover_packages(ignore) check parameters
[0.368s] Level 1:colcon.colcon_core.package_discovery:discover_packages(path) check parameters
[0.368s] Level 1:colcon.colcon_core.package_discovery:discover_packages(colcon_meta) discover
[0.368s] Level 1:colcon.colcon_core.package_discovery:discover_packages(recursive) discover
[0.368s] INFO:colcon.colcon_core.package_discovery:Crawling recursively for packages in '/home/sidubuntu/dev_ws'
[0.368s] Level 1:colcon.colcon_core.package_identification:_identify(.) by extensions ['ignore', 'ignore_ament_install']
[0.368s] Level 1:colcon.colcon_core.package_identification:_identify(.) by extension 'ignore'
[0.368s] Level 1:colcon.colcon_core.package_identification:_identify(.) by extension 'ignore_ament_install'
[0.368s] Level 1:colcon.colcon_core.package_identification:_identify(.) by extensions ['colcon_pkg']
[0.368s] Level 1:colcon.colcon_core.package_identification:_identify(.) by extension 'colcon_pkg'
[0.368s] Level 1:colcon.colcon_core.package_identification:_identify(.) by extensions ['colcon_meta']
[0.369s] Level 1:colcon.colcon_core.package_identification:_identify(.) by extension 'colcon_meta'
[0.369s] Level 1:colcon.colcon_core.package_identification:_identify(.) by extensions ['ros']
[0.369s] Level 1:colcon.colcon_core.package_identification:_identify(.) by extension 'ros'
[0.381s] Level 1:colcon.colcon_core.package_identification:_identify(.) by extensions ['cmake', 'python']
[0.381s] Level 1:colcon.colcon_core.package_identification:_identify(.) by extension 'cmake'
[0.381s] Level 1:colcon.colcon_core.package_identification:_identify(.) by extension 'python'
[0.381s] Level 1:colcon.colcon_core.package_identification:_identify(.) by extensions ['python_setup_py']
[0.381s] Level 1:colcon.colcon_core.package_identification:_identify(.) by extension 'python_setup_py'
[0.381s] Level 1:colcon.colcon_core.package_identification:_identify(build) by extensions ['ignore', 'ignore_ament_install']
[0.381s] Level 1:colcon.colcon_core.package_identification:_identify(build) by extension 'ignore'
[0.381s] Level 1:colcon.colcon_core.package_identification:_identify(build) ignored
[0.382s] Level 1:colcon.colcon_core.package_identification:_identify(install) by extensions ['ignore', 'ignore_ament_install']
[0.382s] Level 1:colcon.colcon_core.package_identification:_identify(install) by extension 'ignore'
[0.382s] Level 1:colcon.colcon_core.package_identification:_identify(install) ignored
[0.382s] Level 1:colcon.colcon_core.package_identification:_identify(log) by extensions ['ignore', 'ignore_ament_install']
[0.382s] Level 1:colcon.colcon_core.package_identification:_identify(log) by extension 'ignore'
[0.382s] Level 1:colcon.colcon_core.package_identification:_identify(log) ignored
[0.382s] Level 1:colcon.colcon_core.package_identification:_identify(src) by extensions ['ignore', 'ignore_ament_install']
[0.382s] Level 1:colcon.colcon_core.package_identification:_identify(src) by extension 'ignore'
[0.382s] Level 1:colcon.colcon_core.package_identification:_identify(src) by extension 'ignore_ament_install'
[0.382s] Level 1:colcon.colcon_core.package_identification:_identify(src) by extensions ['colcon_pkg']
[0.382s] Level 1:colcon.colcon_core.package_identification:_identify(src) by extension 'colcon_pkg'
[0.382s] Level 1:colcon.colcon_core.package_identification:_identify(src) by extensions ['colcon_meta']
[0.382s] Level 1:colcon.colcon_core.package_identification:_identify(src) by extension 'colcon_meta'
[0.382s] Level 1:colcon.colcon_core.package_identification:_identify(src) by extensions ['ros']
[0.382s] Level 1:colcon.colcon_core.package_identification:_identify(src) by extension 'ros'
[0.382s] Level 1:colcon.colcon_core.package_identification:_identify(src) by extensions ['cmake', 'python']
[0.382s] Level 1:colcon.colcon_core.package_identification:_identify(src) by extension 'cmake'
[0.382s] Level 1:colcon.colcon_core.package_identification:_identify(src) by extension 'python'
[0.383s] Level 1:colcon.colcon_core.package_identification:_identify(src) by extensions ['python_setup_py']
[0.383s] Level 1:colcon.colcon_core.package_identification:_identify(src) by extension 'python_setup_py'
[0.383s] Level 1:colcon.colcon_core.package_identification:_identify(src/gazebo_ros2_control) by extensions ['ignore', 'ignore_ament_install']
[0.383s] Level 1:colcon.colcon_core.package_identification:_identify(src/gazebo_ros2_control) by extension 'ignore'
[0.383s] Level 1:colcon.colcon_core.package_identification:_identify(src/gazebo_ros2_control) by extension 'ignore_ament_install'
[0.383s] Level 1:colcon.colcon_core.package_identification:_identify(src/gazebo_ros2_control) by extensions ['colcon_pkg']
[0.383s] Level 1:colcon.colcon_core.package_identification:_identify(src/gazebo_ros2_control) by extension 'colcon_pkg'
[0.383s] Level 1:colcon.colcon_core.package_identification:_identify(src/gazebo_ros2_control) by extensions ['colcon_meta']
[0.383s] Level 1:colcon.colcon_core.package_identification:_identify(src/gazebo_ros2_control) by extension 'colcon_meta'
[0.383s] Level 1:colcon.colcon_core.package_identification:_identify(src/gazebo_ros2_control) by extensions ['ros']
[0.383s] Level 1:colcon.colcon_core.package_identification:_identify(src/gazebo_ros2_control) by extension 'ros'
[0.383s] Level 1:colcon.colcon_core.package_identification:_identify(src/gazebo_ros2_control) by extensions ['cmake', 'python']
[0.383s] Level 1:colcon.colcon_core.package_identification:_identify(src/gazebo_ros2_control) by extension 'cmake'
[0.383s] Level 1:colcon.colcon_core.package_identification:_identify(src/gazebo_ros2_control) by extension 'python'
[0.383s] Level 1:colcon.colcon_core.package_identification:_identify(src/gazebo_ros2_control) by extensions ['python_setup_py']
[0.383s] Level 1:colcon.colcon_core.package_identification:_identify(src/gazebo_ros2_control) by extension 'python_setup_py'
[0.383s] Level 1:colcon.colcon_core.package_identification:_identify(src/gazebo_ros2_control/Docker) by extensions ['ignore', 'ignore_ament_install']
[0.383s] Level 1:colcon.colcon_core.package_identification:_identify(src/gazebo_ros2_control/Docker) by extension 'ignore'
[0.383s] Level 1:colcon.colcon_core.package_identification:_identify(src/gazebo_ros2_control/Docker) by extension 'ignore_ament_install'
[0.383s] Level 1:colcon.colcon_core.package_identification:_identify(src/gazebo_ros2_control/Docker) by extensions ['colcon_pkg']
[0.384s] Level 1:colcon.colcon_core.package_identification:_identify(src/gazebo_ros2_control/Docker) by extension 'colcon_pkg'
[0.384s] Level 1:colcon.colcon_core.package_identification:_identify(src/gazebo_ros2_control/Docker) by extensions ['colcon_meta']
[0.384s] Level 1:colcon.colcon_core.package_identification:_identify(src/gazebo_ros2_control/Docker) by extension 'colcon_meta'
[0.384s] Level 1:colcon.colcon_core.package_identification:_identify(src/gazebo_ros2_control/Docker) by extensions ['ros']
[0.384s] Level 1:colcon.colcon_core.package_identification:_identify(src/gazebo_ros2_control/Docker) by extension 'ros'
[0.384s] Level 1:colcon.colcon_core.package_identification:_identify(src/gazebo_ros2_control/Docker) by extensions ['cmake', 'python']
[0.384s] Level 1:colcon.colcon_core.package_identification:_identify(src/gazebo_ros2_control/Docker) by extension 'cmake'
[0.384s] Level 1:colcon.colcon_core.package_identification:_identify(src/gazebo_ros2_control/Docker) by extension 'python'
[0.384s] Level 1:colcon.colcon_core.package_identification:_identify(src/gazebo_ros2_control/Docker) by extensions ['python_setup_py']
[0.384s] Level 1:colcon.colcon_core.package_identification:_identify(src/gazebo_ros2_control/Docker) by extension 'python_setup_py'
[0.384s] Level 1:colcon.colcon_core.package_identification:_identify(src/gazebo_ros2_control/doc) by extensions ['ignore', 'ignore_ament_install']
[0.384s] Level 1:colcon.colcon_core.package_identification:_identify(src/gazebo_ros2_control/doc) by extension 'ignore'
[0.384s] Level 1:colcon.colcon_core.package_identification:_identify(src/gazebo_ros2_control/doc) by extension 'ignore_ament_install'
[0.384s] Level 1:colcon.colcon_core.package_identification:_identify(src/gazebo_ros2_control/doc) by extensions ['colcon_pkg']
[0.384s] Level 1:colcon.colcon_core.package_identification:_identify(src/gazebo_ros2_control/doc) by extension 'colcon_pkg'
[0.384s] Level 1:colcon.colcon_core.package_identification:_identify(src/gazebo_ros2_control/doc) by extensions ['colcon_meta']
[0.384s] Level 1:colcon.colcon_core.package_identification:_identify(src/gazebo_ros2_control/doc) by extension 'colcon_meta'
[0.384s] Level 1:colcon.colcon_core.package_identification:_identify(src/gazebo_ros2_control/doc) by extensions ['ros']
[0.384s] Level 1:colcon.colcon_core.package_identification:_identify(src/gazebo_ros2_control/doc) by extension 'ros'
[0.384s] Level 1:colcon.colcon_core.package_identification:_identify(src/gazebo_ros2_control/doc) by extensions ['cmake', 'python']
[0.384s] Level 1:colcon.colcon_core.package_identification:_identify(src/gazebo_ros2_control/doc) by extension 'cmake'
[0.384s] Level 1:colcon.colcon_core.package_identification:_identify(src/gazebo_ros2_control/doc) by extension 'python'
[0.384s] Level 1:colcon.colcon_core.package_identification:_identify(src/gazebo_ros2_control/doc) by extensions ['python_setup_py']
[0.384s] Level 1:colcon.colcon_core.package_identification:_identify(src/gazebo_ros2_control/doc) by extension 'python_setup_py'
[0.385s] Level 1:colcon.colcon_core.package_identification:_identify(src/gazebo_ros2_control/doc/img) by extensions ['ignore', 'ignore_ament_install']
[0.385s] Level 1:colcon.colcon_core.package_identification:_identify(src/gazebo_ros2_control/doc/img) by extension 'ignore'
[0.385s] Level 1:colcon.colcon_core.package_identification:_identify(src/gazebo_ros2_control/doc/img) by extension 'ignore_ament_install'
[0.385s] Level 1:colcon.colcon_core.package_identification:_identify(src/gazebo_ros2_control/doc/img) by extensions ['colcon_pkg']
[0.385s] Level 1:colcon.colcon_core.package_identification:_identify(src/gazebo_ros2_control/doc/img) by extension 'colcon_pkg'
[0.385s] Level 1:colcon.colcon_core.package_identification:_identify(src/gazebo_ros2_control/doc/img) by extensions ['colcon_meta']
[0.385s] Level 1:colcon.colcon_core.package_identification:_identify(src/gazebo_ros2_control/doc/img) by extension 'colcon_meta'
[0.385s] Level 1:colcon.colcon_core.package_identification:_identify(src/gazebo_ros2_control/doc/img) by extensions ['ros']
[0.385s] Level 1:colcon.colcon_core.package_identification:_identify(src/gazebo_ros2_control/doc/img) by extension 'ros'
[0.385s] Level 1:colcon.colcon_core.package_identification:_identify(src/gazebo_ros2_control/doc/img) by extensions ['cmake', 'python']
[0.385s] Level 1:colcon.colcon_core.package_identification:_identify(src/gazebo_ros2_control/doc/img) by extension 'cmake'
[0.385s] Level 1:colcon.colcon_core.package_identification:_identify(src/gazebo_ros2_control/doc/img) by extension 'python'
[0.385s] Level 1:colcon.colcon_core.package_identification:_identify(src/gazebo_ros2_control/doc/img) by extensions ['python_setup_py']
[0.385s] Level 1:colcon.colcon_core.package_identification:_identify(src/gazebo_ros2_control/doc/img) by extension 'python_setup_py'
[0.385s] Level 1:colcon.colcon_core.package_identification:_identify(src/gazebo_ros2_control/gazebo_ros2_control) by extensions ['ignore', 'ignore_ament_install']
[0.385s] Level 1:colcon.colcon_core.package_identification:_identify(src/gazebo_ros2_control/gazebo_ros2_control) by extension 'ignore'
[0.385s] Level 1:colcon.colcon_core.package_identification:_identify(src/gazebo_ros2_control/gazebo_ros2_control) by extension 'ignore_ament_install'
[0.385s] Level 1:colcon.colcon_core.package_identification:_identify(src/gazebo_ros2_control/gazebo_ros2_control) by extensions ['colcon_pkg']
[0.385s] Level 1:colcon.colcon_core.package_identification:_identify(src/gazebo_ros2_control/gazebo_ros2_control) by extension 'colcon_pkg'
[0.385s] Level 1:colcon.colcon_core.package_identification:_identify(src/gazebo_ros2_control/gazebo_ros2_control) by extensions ['colcon_meta']
[0.385s] Level 1:colcon.colcon_core.package_identification:_identify(src/gazebo_ros2_control/gazebo_ros2_control) by extension 'colcon_meta'
[0.386s] Level 1:colcon.colcon_core.package_identification:_identify(src/gazebo_ros2_control/gazebo_ros2_control) by extensions ['ros']
[0.386s] Level 1:colcon.colcon_core.package_identification:_identify(src/gazebo_ros2_control/gazebo_ros2_control) by extension 'ros'
[0.389s] DEBUG:colcon.colcon_core.package_identification:Package 'src/gazebo_ros2_control/gazebo_ros2_control' with type 'ros.ament_cmake' and name 'gazebo_ros2_control'
[0.389s] Level 1:colcon.colcon_core.package_identification:_identify(src/gazebo_ros2_control/gazebo_ros2_control_demos) by extensions ['ignore', 'ignore_ament_install']
[0.389s] Level 1:colcon.colcon_core.package_identification:_identify(src/gazebo_ros2_control/gazebo_ros2_control_demos) by extension 'ignore'
[0.390s] Level 1:colcon.colcon_core.package_identification:_identify(src/gazebo_ros2_control/gazebo_ros2_control_demos) by extension 'ignore_ament_install'
[0.390s] Level 1:colcon.colcon_core.package_identification:_identify(src/gazebo_ros2_control/gazebo_ros2_control_demos) by extensions ['colcon_pkg']
[0.390s] Level 1:colcon.colcon_core.package_identification:_identify(src/gazebo_ros2_control/gazebo_ros2_control_demos) by extension 'colcon_pkg'
[0.390s] Level 1:colcon.colcon_core.package_identification:_identify(src/gazebo_ros2_control/gazebo_ros2_control_demos) by extensions ['colcon_meta']
[0.390s] Level 1:colcon.colcon_core.package_identification:_identify(src/gazebo_ros2_control/gazebo_ros2_control_demos) by extension 'colcon_meta'
[0.390s] Level 1:colcon.colcon_core.package_identification:_identify(src/gazebo_ros2_control/gazebo_ros2_control_demos) by extensions ['ros']
[0.390s] Level 1:colcon.colcon_core.package_identification:_identify(src/gazebo_ros2_control/gazebo_ros2_control_demos) by extension 'ros'
[0.391s] DEBUG:colcon.colcon_core.package_identification:Package 'src/gazebo_ros2_control/gazebo_ros2_control_demos' with type 'ros.ament_cmake' and name 'gazebo_ros2_control_demos'
[0.391s] Level 1:colcon.colcon_core.package_identification:_identify(src/my_bot) by extensions ['ignore', 'ignore_ament_install']
[0.391s] Level 1:colcon.colcon_core.package_identification:_identify(src/my_bot) by extension 'ignore'
[0.391s] Level 1:colcon.colcon_core.package_identification:_identify(src/my_bot) by extension 'ignore_ament_install'
[0.391s] Level 1:colcon.colcon_core.package_identification:_identify(src/my_bot) by extensions ['colcon_pkg']
[0.391s] Level 1:colcon.colcon_core.package_identification:_identify(src/my_bot) by extension 'colcon_pkg'
[0.391s] Level 1:colcon.colcon_core.package_identification:_identify(src/my_bot) by extensions ['colcon_meta']
[0.391s] Level 1:colcon.colcon_core.package_identification:_identify(src/my_bot) by extension 'colcon_meta'
[0.391s] Level 1:colcon.colcon_core.package_identification:_identify(src/my_bot) by extensions ['ros']
[0.391s] Level 1:colcon.colcon_core.package_identification:_identify(src/my_bot) by extension 'ros'
[0.392s] DEBUG:colcon.colcon_core.package_identification:Package 'src/my_bot' with type 'ros.ament_cmake' and name 'my_bot'
[0.392s] Level 1:colcon.colcon_core.package_identification:_identify(src/q_bot) by extensions ['ignore', 'ignore_ament_install']
[0.392s] Level 1:colcon.colcon_core.package_identification:_identify(src/q_bot) by extension 'ignore'
[0.392s] Level 1:colcon.colcon_core.package_identification:_identify(src/q_bot) by extension 'ignore_ament_install'
[0.392s] Level 1:colcon.colcon_core.package_identification:_identify(src/q_bot) by extensions ['colcon_pkg']
[0.392s] Level 1:colcon.colcon_core.package_identification:_identify(src/q_bot) by extension 'colcon_pkg'
[0.392s] Level 1:colcon.colcon_core.package_identification:_identify(src/q_bot) by extensions ['colcon_meta']
[0.392s] Level 1:colcon.colcon_core.package_identification:_identify(src/q_bot) by extension 'colcon_meta'
[0.392s] Level 1:colcon.colcon_core.package_identification:_identify(src/q_bot) by extensions ['ros']
[0.392s] Level 1:colcon.colcon_core.package_identification:_identify(src/q_bot) by extension 'ros'
[0.393s] DEBUG:colcon.colcon_core.package_identification:Package 'src/q_bot' with type 'ros.ament_cmake' and name 'q_bot'
[0.393s] Level 1:colcon.colcon_core.package_identification:_identify(src/qubot) by extensions ['ignore', 'ignore_ament_install']
[0.393s] Level 1:colcon.colcon_core.package_identification:_identify(src/qubot) by extension 'ignore'
[0.393s] Level 1:colcon.colcon_core.package_identification:_identify(src/qubot) by extension 'ignore_ament_install'
[0.393s] Level 1:colcon.colcon_core.package_identification:_identify(src/qubot) by extensions ['colcon_pkg']
[0.393s] Level 1:colcon.colcon_core.package_identification:_identify(src/qubot) by extension 'colcon_pkg'
[0.393s] Level 1:colcon.colcon_core.package_identification:_identify(src/qubot) by extensions ['colcon_meta']
[0.393s] Level 1:colcon.colcon_core.package_identification:_identify(src/qubot) by extension 'colcon_meta'
[0.393s] Level 1:colcon.colcon_core.package_identification:_identify(src/qubot) by extensions ['ros']
[0.393s] Level 1:colcon.colcon_core.package_identification:_identify(src/qubot) by extension 'ros'
[0.394s] DEBUG:colcon.colcon_core.package_identification:Package 'src/qubot' with type 'ros.ament_cmake' and name 'qubot'
[0.394s] Level 1:colcon.colcon_core.package_discovery:discover_packages(recursive) using defaults
[0.394s] Level 1:colcon.colcon_core.package_discovery:discover_packages(ignore) discover
[0.394s] Level 1:colcon.colcon_core.package_discovery:discover_packages(ignore) using defaults
[0.394s] Level 1:colcon.colcon_core.package_discovery:discover_packages(path) discover
[0.394s] Level 1:colcon.colcon_core.package_discovery:discover_packages(path) using defaults
[0.429s] Level 1:colcon.colcon_core.package_discovery:discover_packages(prefix_path) check parameters
[0.429s] Level 1:colcon.colcon_core.package_discovery:discover_packages(prefix_path) discover
[0.431s] DEBUG:colcon.colcon_installed_package_information.package_discovery:Found 5 installed packages in /home/sidubuntu/dev_ws/install
[0.434s] DEBUG:colcon.colcon_installed_package_information.package_discovery:Found 399 installed packages in /opt/ros/humble
[0.436s] Level 1:colcon.colcon_core.package_discovery:discover_packages(prefix_path) using defaults
[0.490s] Level 5:colcon.colcon_core.verb:set package 'gazebo_ros2_control' build argument 'cmake_args' from command line to 'None'
[0.490s] Level 5:colcon.colcon_core.verb:set package 'gazebo_ros2_control' build argument 'cmake_target' from command line to 'None'
[0.490s] Level 5:colcon.colcon_core.verb:set package 'gazebo_ros2_control' build argument 'cmake_target_skip_unavailable' from command line to 'False'
[0.490s] Level 5:colcon.colcon_core.verb:set package 'gazebo_ros2_control' build argument 'cmake_clean_cache' from command line to 'False'
[0.490s] Level 5:colcon.colcon_core.verb:set package 'gazebo_ros2_control' build argument 'cmake_clean_first' from command line to 'False'
[0.490s] Level 5:colcon.colcon_core.verb:set package 'gazebo_ros2_control' build argument 'cmake_force_configure' from command line to 'False'
[0.490s] Level 5:colcon.colcon_core.verb:set package 'gazebo_ros2_control' build argument 'ament_cmake_args' from command line to 'None'
[0.490s] Level 5:colcon.colcon_core.verb:set package 'gazebo_ros2_control' build argument 'catkin_cmake_args' from command line to 'None'
[0.491s] Level 5:colcon.colcon_core.verb:set package 'gazebo_ros2_control' build argument 'catkin_skip_building_tests' from command line to 'False'
[0.491s] DEBUG:colcon.colcon_core.verb:Building package 'gazebo_ros2_control' with the following arguments: {'ament_cmake_args': None, 'build_base': '/home/sidubuntu/dev_ws/build/gazebo_ros2_control', 'catkin_cmake_args': None, 'catkin_skip_building_tests': False, 'cmake_args': None, 'cmake_clean_cache': False, 'cmake_clean_first': False, 'cmake_force_configure': False, 'cmake_target': None, 'cmake_target_skip_unavailable': False, 'install_base': '/home/sidubuntu/dev_ws/install/gazebo_ros2_control', 'merge_install': False, 'path': '/home/sidubuntu/dev_ws/src/gazebo_ros2_control/gazebo_ros2_control', 'symlink_install': True, 'test_result_base': None}
[0.491s] Level 5:colcon.colcon_core.verb:set package 'my_bot' build argument 'cmake_args' from command line to 'None'
[0.491s] Level 5:colcon.colcon_core.verb:set package 'my_bot' build argument 'cmake_target' from command line to 'None'
[0.491s] Level 5:colcon.colcon_core.verb:set package 'my_bot' build argument 'cmake_target_skip_unavailable' from command line to 'False'
[0.491s] Level 5:colcon.colcon_core.verb:set package 'my_bot' build argument 'cmake_clean_cache' from command line to 'False'
[0.491s] Level 5:colcon.colcon_core.verb:set package 'my_bot' build argument 'cmake_clean_first' from command line to 'False'
[0.491s] Level 5:colcon.colcon_core.verb:set package 'my_bot' build argument 'cmake_force_configure' from command line to 'False'
[0.491s] Level 5:colcon.colcon_core.verb:set package 'my_bot' build argument 'ament_cmake_args' from command line to 'None'
[0.491s] Level 5:colcon.colcon_core.verb:set package 'my_bot' build argument 'catkin_cmake_args' from command line to 'None'
[0.491s] Level 5:colcon.colcon_core.verb:set package 'my_bot' build argument 'catkin_skip_building_tests' from command line to 'False'
[0.491s] DEBUG:colcon.colcon_core.verb:Building package 'my_bot' with the following arguments: {'ament_cmake_args': None, 'build_base': '/home/sidubuntu/dev_ws/build/my_bot', 'catkin_cmake_args': None, 'catkin_skip_building_tests': False, 'cmake_args': None, 'cmake_clean_cache': False, 'cmake_clean_first': False, 'cmake_force_configure': False, 'cmake_target': None, 'cmake_target_skip_unavailable': False, 'install_base': '/home/sidubuntu/dev_ws/install/my_bot', 'merge_install': False, 'path': '/home/sidubuntu/dev_ws/src/my_bot', 'symlink_install': True, 'test_result_base': None}
[0.491s] Level 5:colcon.colcon_core.verb:set package 'q_bot' build argument 'cmake_args' from command line to 'None'
[0.491s] Level 5:colcon.colcon_core.verb:set package 'q_bot' build argument 'cmake_target' from command line to 'None'
[0.491s] Level 5:colcon.colcon_core.verb:set package 'q_bot' build argument 'cmake_target_skip_unavailable' from command line to 'False'
[0.491s] Level 5:colcon.colcon_core.verb:set package 'q_bot' build argument 'cmake_clean_cache' from command line to 'False'
[0.491s] Level 5:colcon.colcon_core.verb:set package 'q_bot' build argument 'cmake_clean_first' from command line to 'False'
[0.491s] Level 5:colcon.colcon_core.verb:set package 'q_bot' build argument 'cmake_force_configure' from command line to 'False'
[0.491s] Level 5:colcon.colcon_core.verb:set package 'q_bot' build argument 'ament_cmake_args' from command line to 'None'
[0.492s] Level 5:colcon.colcon_core.verb:set package 'q_bot' build argument 'catkin_cmake_args' from command line to 'None'
[0.492s] Level 5:colcon.colcon_core.verb:set package 'q_bot' build argument 'catkin_skip_building_tests' from command line to 'False'
[0.492s] DEBUG:colcon.colcon_core.verb:Building package 'q_bot' with the following arguments: {'ament_cmake_args': None, 'build_base': '/home/sidubuntu/dev_ws/build/q_bot', 'catkin_cmake_args': None, 'catkin_skip_building_tests': False, 'cmake_args': None, 'cmake_clean_cache': False, 'cmake_clean_first': False, 'cmake_force_configure': False, 'cmake_target': None, 'cmake_target_skip_unavailable': False, 'install_base': '/home/sidubuntu/dev_ws/install/q_bot', 'merge_install': False, 'path': '/home/sidubuntu/dev_ws/src/q_bot', 'symlink_install': True, 'test_result_base': None}
[0.492s] Level 5:colcon.colcon_core.verb:set package 'qubot' build argument 'cmake_args' from command line to 'None'
[0.492s] Level 5:colcon.colcon_core.verb:set package 'qubot' build argument 'cmake_target' from command line to 'None'
[0.492s] Level 5:colcon.colcon_core.verb:set package 'qubot' build argument 'cmake_target_skip_unavailable' from command line to 'False'
[0.492s] Level 5:colcon.colcon_core.verb:set package 'qubot' build argument 'cmake_clean_cache' from command line to 'False'
[0.492s] Level 5:colcon.colcon_core.verb:set package 'qubot' build argument 'cmake_clean_first' from command line to 'False'
[0.492s] Level 5:colcon.colcon_core.verb:set package 'qubot' build argument 'cmake_force_configure' from command line to 'False'
[0.492s] Level 5:colcon.colcon_core.verb:set package 'qubot' build argument 'ament_cmake_args' from command line to 'None'
[0.492s] Level 5:colcon.colcon_core.verb:set package 'qubot' build argument 'catkin_cmake_args' from command line to 'None'
[0.492s] Level 5:colcon.colcon_core.verb:set package 'qubot' build argument 'catkin_skip_building_tests' from command line to 'False'
[0.492s] DEBUG:colcon.colcon_core.verb:Building package 'qubot' with the following arguments: {'ament_cmake_args': None, 'build_base': '/home/sidubuntu/dev_ws/build/qubot', 'catkin_cmake_args': None, 'catkin_skip_building_tests': False, 'cmake_args': None, 'cmake_clean_cache': False, 'cmake_clean_first': False, 'cmake_force_configure': False, 'cmake_target': None, 'cmake_target_skip_unavailable': False, 'install_base': '/home/sidubuntu/dev_ws/install/qubot', 'merge_install': False, 'path': '/home/sidubuntu/dev_ws/src/qubot', 'symlink_install': True, 'test_result_base': None}
[0.492s] Level 5:colcon.colcon_core.verb:set package 'gazebo_ros2_control_demos' build argument 'cmake_args' from command line to 'None'
[0.492s] Level 5:colcon.colcon_core.verb:set package 'gazebo_ros2_control_demos' build argument 'cmake_target' from command line to 'None'
[0.492s] Level 5:colcon.colcon_core.verb:set package 'gazebo_ros2_control_demos' build argument 'cmake_target_skip_unavailable' from command line to 'False'
[0.492s] Level 5:colcon.colcon_core.verb:set package 'gazebo_ros2_control_demos' build argument 'cmake_clean_cache' from command line to 'False'
[0.493s] Level 5:colcon.colcon_core.verb:set package 'gazebo_ros2_control_demos' build argument 'cmake_clean_first' from command line to 'False'
[0.493s] Level 5:colcon.colcon_core.verb:set package 'gazebo_ros2_control_demos' build argument 'cmake_force_configure' from command line to 'False'
[0.493s] Level 5:colcon.colcon_core.verb:set package 'gazebo_ros2_control_demos' build argument 'ament_cmake_args' from command line to 'None'
[0.493s] Level 5:colcon.colcon_core.verb:set package 'gazebo_ros2_control_demos' build argument 'catkin_cmake_args' from command line to 'None'
[0.493s] Level 5:colcon.colcon_core.verb:set package 'gazebo_ros2_control_demos' build argument 'catkin_skip_building_tests' from command line to 'False'
[0.493s] DEBUG:colcon.colcon_core.verb:Building package 'gazebo_ros2_control_demos' with the following arguments: {'ament_cmake_args': None, 'build_base': '/home/sidubuntu/dev_ws/build/gazebo_ros2_control_demos', 'catkin_cmake_args': None, 'catkin_skip_building_tests': False, 'cmake_args': None, 'cmake_clean_cache': False, 'cmake_clean_first': False, 'cmake_force_configure': False, 'cmake_target': None, 'cmake_target_skip_unavailable': False, 'install_base': '/home/sidubuntu/dev_ws/install/gazebo_ros2_control_demos', 'merge_install': False, 'path': '/home/sidubuntu/dev_ws/src/gazebo_ros2_control/gazebo_ros2_control_demos', 'symlink_install': True, 'test_result_base': None}
[0.493s] INFO:colcon.colcon_core.executor:Executing jobs using 'parallel' executor
[0.494s] DEBUG:colcon.colcon_parallel_executor.executor.parallel:run_until_complete
[0.495s] INFO:colcon.colcon_ros.task.ament_cmake.build:Building ROS package in '/home/sidubuntu/dev_ws/src/gazebo_ros2_control/gazebo_ros2_control' with build type 'ament_cmake'
[0.495s] INFO:colcon.colcon_cmake.task.cmake.build:Building CMake package in '/home/sidubuntu/dev_ws/src/gazebo_ros2_control/gazebo_ros2_control'
[0.499s] INFO:colcon.colcon_core.plugin_system:Skipping extension 'colcon_core.shell.bat': Not used on non-Windows systems
[0.499s] INFO:colcon.colcon_core.shell:Skip shell extension 'powershell' for command environment: Not usable outside of PowerShell
[0.499s] DEBUG:colcon.colcon_core.shell:Skip shell extension 'dsv' for command environment
[0.504s] INFO:colcon.colcon_ros.task.ament_cmake.build:Building ROS package in '/home/sidubuntu/dev_ws/src/my_bot' with build type 'ament_cmake'
[0.504s] INFO:colcon.colcon_cmake.task.cmake.build:Building CMake package in '/home/sidubuntu/dev_ws/src/my_bot'
[0.504s] INFO:colcon.colcon_core.shell:Skip shell extension 'powershell' for command environment: Not usable outside of PowerShell
[0.505s] DEBUG:colcon.colcon_core.shell:Skip shell extension 'dsv' for command environment
[0.512s] INFO:colcon.colcon_ros.task.ament_cmake.build:Building ROS package in '/home/sidubuntu/dev_ws/src/q_bot' with build type 'ament_cmake'
[0.513s] INFO:colcon.colcon_cmake.task.cmake.build:Building CMake package in '/home/sidubuntu/dev_ws/src/q_bot'
[0.513s] INFO:colcon.colcon_core.shell:Skip shell extension 'powershell' for command environment: Not usable outside of PowerShell
[0.513s] DEBUG:colcon.colcon_core.shell:Skip shell extension 'dsv' for command environment
[0.518s] INFO:colcon.colcon_ros.task.ament_cmake.build:Building ROS package in '/home/sidubuntu/dev_ws/src/qubot' with build type 'ament_cmake'
[0.518s] INFO:colcon.colcon_cmake.task.cmake.build:Building CMake package in '/home/sidubuntu/dev_ws/src/qubot'
[0.519s] INFO:colcon.colcon_core.shell:Skip shell extension 'powershell' for command environment: Not usable outside of PowerShell
[0.519s] DEBUG:colcon.colcon_core.shell:Skip shell extension 'dsv' for command environment
[0.654s] DEBUG:colcon.colcon_core.event_handler.log_command:Invoking command in '/home/sidubuntu/dev_ws/build/gazebo_ros2_control': CMAKE_PREFIX_PATH=${CMAKE_PREFIX_PATH}:/opt/ros/humble /usr/bin/cmake --build /home/sidubuntu/dev_ws/build/gazebo_ros2_control -- -j8 -l8
[0.668s] DEBUG:colcon.colcon_core.event_handler.log_command:Invoking command in '/home/sidubuntu/dev_ws/build/my_bot': CMAKE_PREFIX_PATH=${CMAKE_PREFIX_PATH}:/opt/ros/humble /usr/bin/cmake --build /home/sidubuntu/dev_ws/build/my_bot -- -j8 -l8
[0.695s] DEBUG:colcon.colcon_core.event_handler.log_command:Invoking command in '/home/sidubuntu/dev_ws/build/q_bot': CMAKE_PREFIX_PATH=${CMAKE_PREFIX_PATH}:/opt/ros/humble /usr/bin/cmake --build /home/sidubuntu/dev_ws/build/q_bot -- -j8 -l8
[0.699s] DEBUG:colcon.colcon_core.event_handler.log_command:Invoking command in '/home/sidubuntu/dev_ws/build/qubot': CMAKE_PREFIX_PATH=${CMAKE_PREFIX_PATH}:/opt/ros/humble /usr/bin/cmake --build /home/sidubuntu/dev_ws/build/qubot -- -j8 -l8
[0.710s] DEBUG:colcon.colcon_core.event_handler.log_command:Invoked command in '/home/sidubuntu/dev_ws/build/my_bot' returned '0': CMAKE_PREFIX_PATH=${CMAKE_PREFIX_PATH}:/opt/ros/humble /usr/bin/cmake --build /home/sidubuntu/dev_ws/build/my_bot -- -j8 -l8
[0.758s] DEBUG:colcon.colcon_core.event_handler.log_command:Invoking command in '/home/sidubuntu/dev_ws/build/my_bot': CMAKE_PREFIX_PATH=${CMAKE_PREFIX_PATH}:/opt/ros/humble /usr/bin/cmake --install /home/sidubuntu/dev_ws/build/my_bot
[0.763s] DEBUG:colcon.colcon_core.event_handler.log_command:Invoked command in '/home/sidubuntu/dev_ws/build/q_bot' returned '0': CMAKE_PREFIX_PATH=${CMAKE_PREFIX_PATH}:/opt/ros/humble /usr/bin/cmake --build /home/sidubuntu/dev_ws/build/q_bot -- -j8 -l8
[0.766s] DEBUG:colcon.colcon_core.event_handler.log_command:Invoking command in '/home/sidubuntu/dev_ws/build/q_bot': CMAKE_PREFIX_PATH=${CMAKE_PREFIX_PATH}:/opt/ros/humble /usr/bin/cmake --install /home/sidubuntu/dev_ws/build/q_bot
[0.769s] DEBUG:colcon.colcon_core.event_handler.log_command:Invoked command in '/home/sidubuntu/dev_ws/build/qubot' returned '0': CMAKE_PREFIX_PATH=${CMAKE_PREFIX_PATH}:/opt/ros/humble /usr/bin/cmake --build /home/sidubuntu/dev_ws/build/qubot -- -j8 -l8
[0.789s] DEBUG:colcon.colcon_core.event_handler.log_command:Invoking command in '/home/sidubuntu/dev_ws/build/qubot': CMAKE_PREFIX_PATH=${CMAKE_PREFIX_PATH}:/opt/ros/humble /usr/bin/cmake --install /home/sidubuntu/dev_ws/build/qubot
[0.806s] DEBUG:colcon.colcon_core.event_handler.log_command:Invoked command in '/home/sidubuntu/dev_ws/build/gazebo_ros2_control' returned '0': CMAKE_PREFIX_PATH=${CMAKE_PREFIX_PATH}:/opt/ros/humble /usr/bin/cmake --build /home/sidubuntu/dev_ws/build/gazebo_ros2_control -- -j8 -l8
[0.808s] Level 1:colcon.colcon_core.environment:create_environment_scripts_only(q_bot)
[0.817s] DEBUG:colcon.colcon_core.event_handler.log_command:Invoking command in '/home/sidubuntu/dev_ws/build/gazebo_ros2_control': CMAKE_PREFIX_PATH=${CMAKE_PREFIX_PATH}:/opt/ros/humble /usr/bin/cmake --install /home/sidubuntu/dev_ws/build/gazebo_ros2_control
[0.823s] DEBUG:colcon.colcon_core.event_handler.log_command:Invoked command in '/home/sidubuntu/dev_ws/build/q_bot' returned '0': CMAKE_PREFIX_PATH=${CMAKE_PREFIX_PATH}:/opt/ros/humble /usr/bin/cmake --install /home/sidubuntu/dev_ws/build/q_bot
[0.832s] Level 1:colcon.colcon_core.environment:checking '/home/sidubuntu/dev_ws/install/q_bot' for CMake module files
[0.832s] Level 1:colcon.colcon_core.environment:checking '/home/sidubuntu/dev_ws/install/q_bot' for CMake config files
[0.833s] Level 1:colcon.colcon_core.shell:create_environment_hook('q_bot', 'cmake_prefix_path')
[0.833s] INFO:colcon.colcon_core.shell:Creating environment hook '/home/sidubuntu/dev_ws/install/q_bot/share/q_bot/hook/cmake_prefix_path.ps1'
[0.834s] INFO:colcon.colcon_core.shell:Creating environment descriptor '/home/sidubuntu/dev_ws/install/q_bot/share/q_bot/hook/cmake_prefix_path.dsv'
[0.834s] INFO:colcon.colcon_core.shell:Creating environment hook '/home/sidubuntu/dev_ws/install/q_bot/share/q_bot/hook/cmake_prefix_path.sh'
[0.836s] Level 1:colcon.colcon_core.environment:checking '/home/sidubuntu/dev_ws/install/q_bot/bin'
[0.836s] Level 1:colcon.colcon_core.environment:checking '/home/sidubuntu/dev_ws/install/q_bot/lib/pkgconfig/q_bot.pc'
[0.836s] Level 1:colcon.colcon_core.environment:checking '/home/sidubuntu/dev_ws/install/q_bot/lib/python3.10/site-packages'
[0.836s] Level 1:colcon.colcon_core.environment:checking '/home/sidubuntu/dev_ws/install/q_bot/bin'
[0.836s] INFO:colcon.colcon_core.shell:Creating package script '/home/sidubuntu/dev_ws/install/q_bot/share/q_bot/package.ps1'
[0.837s] INFO:colcon.colcon_core.shell:Creating package descriptor '/home/sidubuntu/dev_ws/install/q_bot/share/q_bot/package.dsv'
[0.838s] INFO:colcon.colcon_core.shell:Creating package script '/home/sidubuntu/dev_ws/install/q_bot/share/q_bot/package.sh'
[0.839s] INFO:colcon.colcon_core.shell:Creating package script '/home/sidubuntu/dev_ws/install/q_bot/share/q_bot/package.bash'
[0.840s] INFO:colcon.colcon_core.shell:Creating package script '/home/sidubuntu/dev_ws/install/q_bot/share/q_bot/package.zsh'
[0.840s] Level 1:colcon.colcon_core.environment:create_file_with_runtime_dependencies(/home/sidubuntu/dev_ws/install/q_bot/share/colcon-core/packages/q_bot)
[0.841s] Level 1:colcon.colcon_core.environment:create_environment_scripts_only(q_bot)
[0.841s] Level 1:colcon.colcon_core.environment:checking '/home/sidubuntu/dev_ws/install/q_bot' for CMake module files
[0.842s] Level 1:colcon.colcon_core.environment:checking '/home/sidubuntu/dev_ws/install/q_bot' for CMake config files
[0.842s] Level 1:colcon.colcon_core.shell:create_environment_hook('q_bot', 'cmake_prefix_path')
[0.842s] INFO:colcon.colcon_core.shell:Creating environment hook '/home/sidubuntu/dev_ws/install/q_bot/share/q_bot/hook/cmake_prefix_path.ps1'
[0.843s] INFO:colcon.colcon_core.shell:Creating environment descriptor '/home/sidubuntu/dev_ws/install/q_bot/share/q_bot/hook/cmake_prefix_path.dsv'
[0.843s] INFO:colcon.colcon_core.shell:Creating environment hook '/home/sidubuntu/dev_ws/install/q_bot/share/q_bot/hook/cmake_prefix_path.sh'
[0.844s] Level 1:colcon.colcon_core.environment:checking '/home/sidubuntu/dev_ws/install/q_bot/bin'
[0.844s] Level 1:colcon.colcon_core.environment:checking '/home/sidubuntu/dev_ws/install/q_bot/lib/pkgconfig/q_bot.pc'
[0.844s] Level 1:colcon.colcon_core.environment:checking '/home/sidubuntu/dev_ws/install/q_bot/lib/python3.10/site-packages'
[0.845s] Level 1:colcon.colcon_core.environment:checking '/home/sidubuntu/dev_ws/install/q_bot/bin'
[0.845s] INFO:colcon.colcon_core.shell:Creating package script '/home/sidubuntu/dev_ws/install/q_bot/share/q_bot/package.ps1'
[0.846s] INFO:colcon.colcon_core.shell:Creating package descriptor '/home/sidubuntu/dev_ws/install/q_bot/share/q_bot/package.dsv'
[0.846s] INFO:colcon.colcon_core.shell:Creating package script '/home/sidubuntu/dev_ws/install/q_bot/share/q_bot/package.sh'
[0.847s] INFO:colcon.colcon_core.shell:Creating package script '/home/sidubuntu/dev_ws/install/q_bot/share/q_bot/package.bash'
[0.847s] INFO:colcon.colcon_core.shell:Creating package script '/home/sidubuntu/dev_ws/install/q_bot/share/q_bot/package.zsh'
[0.847s] Level 1:colcon.colcon_core.environment:create_file_with_runtime_dependencies(/home/sidubuntu/dev_ws/install/q_bot/share/colcon-core/packages/q_bot)
[0.847s] Level 1:colcon.colcon_core.environment:create_environment_scripts_only(my_bot)
[0.848s] Level 1:colcon.colcon_core.environment:checking '/home/sidubuntu/dev_ws/install/my_bot' for CMake module files
[0.849s] Level 1:colcon.colcon_core.environment:checking '/home/sidubuntu/dev_ws/install/my_bot' for CMake config files
[0.850s] DEBUG:colcon.colcon_core.event_handler.log_command:Invoked command in '/home/sidubuntu/dev_ws/build/my_bot' returned '0': CMAKE_PREFIX_PATH=${CMAKE_PREFIX_PATH}:/opt/ros/humble /usr/bin/cmake --install /home/sidubuntu/dev_ws/build/my_bot
[0.851s] Level 1:colcon.colcon_core.shell:create_environment_hook('my_bot', 'cmake_prefix_path')
[0.851s] INFO:colcon.colcon_core.shell:Creating environment hook '/home/sidubuntu/dev_ws/install/my_bot/share/my_bot/hook/cmake_prefix_path.ps1'
[0.852s] INFO:colcon.colcon_core.shell:Creating environment descriptor '/home/sidubuntu/dev_ws/install/my_bot/share/my_bot/hook/cmake_prefix_path.dsv'
[0.852s] INFO:colcon.colcon_core.shell:Creating environment hook '/home/sidubuntu/dev_ws/install/my_bot/share/my_bot/hook/cmake_prefix_path.sh'
[0.853s] Level 1:colcon.colcon_core.environment:checking '/home/sidubuntu/dev_ws/install/my_bot/bin'
[0.853s] Level 1:colcon.colcon_core.environment:checking '/home/sidubuntu/dev_ws/install/my_bot/lib/pkgconfig/my_bot.pc'
[0.853s] Level 1:colcon.colcon_core.environment:checking '/home/sidubuntu/dev_ws/install/my_bot/lib/python3.10/site-packages'
[0.853s] Level 1:colcon.colcon_core.environment:checking '/home/sidubuntu/dev_ws/install/my_bot/bin'
[0.854s] INFO:colcon.colcon_core.shell:Creating package script '/home/sidubuntu/dev_ws/install/my_bot/share/my_bot/package.ps1'
[0.854s] INFO:colcon.colcon_core.shell:Creating package descriptor '/home/sidubuntu/dev_ws/install/my_bot/share/my_bot/package.dsv'
[0.855s] INFO:colcon.colcon_core.shell:Creating package script '/home/sidubuntu/dev_ws/install/my_bot/share/my_bot/package.sh'
[0.855s] INFO:colcon.colcon_core.shell:Creating package script '/home/sidubuntu/dev_ws/install/my_bot/share/my_bot/package.bash'
[0.855s] INFO:colcon.colcon_core.shell:Creating package script '/home/sidubuntu/dev_ws/install/my_bot/share/my_bot/package.zsh'
[0.856s] Level 1:colcon.colcon_core.environment:create_file_with_runtime_dependencies(/home/sidubuntu/dev_ws/install/my_bot/share/colcon-core/packages/my_bot)
[0.856s] Level 1:colcon.colcon_core.environment:create_environment_scripts_only(my_bot)
[0.856s] Level 1:colcon.colcon_core.environment:checking '/home/sidubuntu/dev_ws/install/my_bot' for CMake module files
[0.857s] Level 1:colcon.colcon_core.environment:checking '/home/sidubuntu/dev_ws/install/my_bot' for CMake config files
[0.857s] Level 1:colcon.colcon_core.shell:create_environment_hook('my_bot', 'cmake_prefix_path')
[0.857s] INFO:colcon.colcon_core.shell:Creating environment hook '/home/sidubuntu/dev_ws/install/my_bot/share/my_bot/hook/cmake_prefix_path.ps1'
[0.857s] INFO:colcon.colcon_core.shell:Creating environment descriptor '/home/sidubuntu/dev_ws/install/my_bot/share/my_bot/hook/cmake_prefix_path.dsv'
[0.858s] INFO:colcon.colcon_core.shell:Creating environment hook '/home/sidubuntu/dev_ws/install/my_bot/share/my_bot/hook/cmake_prefix_path.sh'
[0.858s] Level 1:colcon.colcon_core.environment:checking '/home/sidubuntu/dev_ws/install/my_bot/bin'
[0.859s] Level 1:colcon.colcon_core.environment:checking '/home/sidubuntu/dev_ws/install/my_bot/lib/pkgconfig/my_bot.pc'
[0.859s] Level 1:colcon.colcon_core.environment:checking '/home/sidubuntu/dev_ws/install/my_bot/lib/python3.10/site-packages'
[0.859s] Level 1:colcon.colcon_core.environment:checking '/home/sidubuntu/dev_ws/install/my_bot/bin'
[0.859s] INFO:colcon.colcon_core.shell:Creating package script '/home/sidubuntu/dev_ws/install/my_bot/share/my_bot/package.ps1'
[0.860s] INFO:colcon.colcon_core.shell:Creating package descriptor '/home/sidubuntu/dev_ws/install/my_bot/share/my_bot/package.dsv'
[0.861s] INFO:colcon.colcon_core.shell:Creating package script '/home/sidubuntu/dev_ws/install/my_bot/share/my_bot/package.sh'
[0.861s] INFO:colcon.colcon_core.shell:Creating package script '/home/sidubuntu/dev_ws/install/my_bot/share/my_bot/package.bash'
[0.862s] INFO:colcon.colcon_core.shell:Creating package script '/home/sidubuntu/dev_ws/install/my_bot/share/my_bot/package.zsh'
[0.863s] Level 1:colcon.colcon_core.environment:create_file_with_runtime_dependencies(/home/sidubuntu/dev_ws/install/my_bot/share/colcon-core/packages/my_bot)
[0.866s] Level 1:colcon.colcon_core.environment:create_environment_scripts_only(qubot)
[0.867s] DEBUG:colcon.colcon_core.event_handler.log_command:Invoked command in '/home/sidubuntu/dev_ws/build/qubot' returned '0': CMAKE_PREFIX_PATH=${CMAKE_PREFIX_PATH}:/opt/ros/humble /usr/bin/cmake --install /home/sidubuntu/dev_ws/build/qubot
[0.867s] Level 1:colcon.colcon_core.environment:checking '/home/sidubuntu/dev_ws/install/qubot' for CMake module files
[0.868s] Level 1:colcon.colcon_core.environment:checking '/home/sidubuntu/dev_ws/install/qubot' for CMake config files
[0.869s] Level 1:colcon.colcon_core.shell:create_environment_hook('qubot', 'cmake_prefix_path')
[0.869s] INFO:colcon.colcon_core.shell:Creating environment hook '/home/sidubuntu/dev_ws/install/qubot/share/qubot/hook/cmake_prefix_path.ps1'
[0.870s] INFO:colcon.colcon_core.shell:Creating environment descriptor '/home/sidubuntu/dev_ws/install/qubot/share/qubot/hook/cmake_prefix_path.dsv'
[0.870s] INFO:colcon.colcon_core.shell:Creating environment hook '/home/sidubuntu/dev_ws/install/qubot/share/qubot/hook/cmake_prefix_path.sh'
[0.871s] Level 1:colcon.colcon_core.environment:checking '/home/sidubuntu/dev_ws/install/qubot/bin'
[0.871s] Level 1:colcon.colcon_core.environment:checking '/home/sidubuntu/dev_ws/install/qubot/lib/pkgconfig/qubot.pc'
[0.871s] Level 1:colcon.colcon_core.environment:checking '/home/sidubuntu/dev_ws/install/qubot/lib/python3.10/site-packages'
[0.872s] Level 1:colcon.colcon_core.environment:checking '/home/sidubuntu/dev_ws/install/qubot/bin'
[0.872s] INFO:colcon.colcon_core.shell:Creating package script '/home/sidubuntu/dev_ws/install/qubot/share/qubot/package.ps1'
[0.873s] INFO:colcon.colcon_core.shell:Creating package descriptor '/home/sidubuntu/dev_ws/install/qubot/share/qubot/package.dsv'
[0.873s] INFO:colcon.colcon_core.shell:Creating package script '/home/sidubuntu/dev_ws/install/qubot/share/qubot/package.sh'
[0.873s] INFO:colcon.colcon_core.shell:Creating package script '/home/sidubuntu/dev_ws/install/qubot/share/qubot/package.bash'
[0.874s] INFO:colcon.colcon_core.shell:Creating package script '/home/sidubuntu/dev_ws/install/qubot/share/qubot/package.zsh'
[0.874s] Level 1:colcon.colcon_core.environment:create_file_with_runtime_dependencies(/home/sidubuntu/dev_ws/install/qubot/share/colcon-core/packages/qubot)
[0.874s] Level 1:colcon.colcon_core.environment:create_environment_scripts_only(qubot)
[0.875s] Level 1:colcon.colcon_core.environment:checking '/home/sidubuntu/dev_ws/install/qubot' for CMake module files
[0.875s] Level 1:colcon.colcon_core.environment:checking '/home/sidubuntu/dev_ws/install/qubot' for CMake config files
[0.875s] Level 1:colcon.colcon_core.shell:create_environment_hook('qubot', 'cmake_prefix_path')
[0.876s] INFO:colcon.colcon_core.shell:Creating environment hook '/home/sidubuntu/dev_ws/install/qubot/share/qubot/hook/cmake_prefix_path.ps1'
[0.876s] INFO:colcon.colcon_core.shell:Creating environment descriptor '/home/sidubuntu/dev_ws/install/qubot/share/qubot/hook/cmake_prefix_path.dsv'
[0.877s] INFO:colcon.colcon_core.shell:Creating environment hook '/home/sidubuntu/dev_ws/install/qubot/share/qubot/hook/cmake_prefix_path.sh'
[0.877s] Level 1:colcon.colcon_core.environment:checking '/home/sidubuntu/dev_ws/install/qubot/bin'
[0.878s] Level 1:colcon.colcon_core.environment:checking '/home/sidubuntu/dev_ws/install/qubot/lib/pkgconfig/qubot.pc'
[0.878s] Level 1:colcon.colcon_core.environment:checking '/home/sidubuntu/dev_ws/install/qubot/lib/python3.10/site-packages'
[0.878s] Level 1:colcon.colcon_core.environment:checking '/home/sidubuntu/dev_ws/install/qubot/bin'
[0.879s] INFO:colcon.colcon_core.shell:Creating package script '/home/sidubuntu/dev_ws/install/qubot/share/qubot/package.ps1'
[0.879s] INFO:colcon.colcon_core.shell:Creating package descriptor '/home/sidubuntu/dev_ws/install/qubot/share/qubot/package.dsv'
[0.880s] INFO:colcon.colcon_core.shell:Creating package script '/home/sidubuntu/dev_ws/install/qubot/share/qubot/package.sh'
[0.880s] INFO:colcon.colcon_core.shell:Creating package script '/home/sidubuntu/dev_ws/install/qubot/share/qubot/package.bash'
[0.880s] INFO:colcon.colcon_core.shell:Creating package script '/home/sidubuntu/dev_ws/install/qubot/share/qubot/package.zsh'
[0.881s] Level 1:colcon.colcon_core.environment:create_file_with_runtime_dependencies(/home/sidubuntu/dev_ws/install/qubot/share/colcon-core/packages/qubot)
[0.882s] Level 1:colcon.colcon_core.environment:create_environment_scripts_only(gazebo_ros2_control)
[0.882s] Level 1:colcon.colcon_core.environment:checking '/home/sidubuntu/dev_ws/install/gazebo_ros2_control' for CMake module files
[0.883s] DEBUG:colcon.colcon_core.event_handler.log_command:Invoked command in '/home/sidubuntu/dev_ws/build/gazebo_ros2_control' returned '0': CMAKE_PREFIX_PATH=${CMAKE_PREFIX_PATH}:/opt/ros/humble /usr/bin/cmake --install /home/sidubuntu/dev_ws/build/gazebo_ros2_control
[0.884s] Level 1:colcon.colcon_core.environment:checking '/home/sidubuntu/dev_ws/install/gazebo_ros2_control' for CMake config files
[0.884s] Level 1:colcon.colcon_core.shell:create_environment_hook('gazebo_ros2_control', 'cmake_prefix_path')
[0.884s] INFO:colcon.colcon_core.shell:Creating environment hook '/home/sidubuntu/dev_ws/install/gazebo_ros2_control/share/gazebo_ros2_control/hook/cmake_prefix_path.ps1'
[0.885s] INFO:colcon.colcon_core.shell:Creating environment descriptor '/home/sidubuntu/dev_ws/install/gazebo_ros2_control/share/gazebo_ros2_control/hook/cmake_prefix_path.dsv'
[0.885s] INFO:colcon.colcon_core.shell:Creating environment hook '/home/sidubuntu/dev_ws/install/gazebo_ros2_control/share/gazebo_ros2_control/hook/cmake_prefix_path.sh'
[0.886s] Level 1:colcon.colcon_core.environment:checking '/home/sidubuntu/dev_ws/install/gazebo_ros2_control/lib'
[0.886s] Level 1:colcon.colcon_core.shell:create_environment_hook('gazebo_ros2_control', 'ld_library_path_lib')
[0.887s] INFO:colcon.colcon_core.shell:Creating environment hook '/home/sidubuntu/dev_ws/install/gazebo_ros2_control/share/gazebo_ros2_control/hook/ld_library_path_lib.ps1'
[0.888s] INFO:colcon.colcon_core.shell:Creating environment descriptor '/home/sidubuntu/dev_ws/install/gazebo_ros2_control/share/gazebo_ros2_control/hook/ld_library_path_lib.dsv'
[0.889s] INFO:colcon.colcon_core.shell:Creating environment hook '/home/sidubuntu/dev_ws/install/gazebo_ros2_control/share/gazebo_ros2_control/hook/ld_library_path_lib.sh'
[0.889s] Level 1:colcon.colcon_core.environment:checking '/home/sidubuntu/dev_ws/install/gazebo_ros2_control/bin'
[0.889s] Level 1:colcon.colcon_core.environment:checking '/home/sidubuntu/dev_ws/install/gazebo_ros2_control/lib/pkgconfig/gazebo_ros2_control.pc'
[0.889s] Level 1:colcon.colcon_core.environment:checking '/home/sidubuntu/dev_ws/install/gazebo_ros2_control/lib/python3.10/site-packages'
[0.889s] Level 1:colcon.colcon_core.environment:checking '/home/sidubuntu/dev_ws/install/gazebo_ros2_control/bin'
[0.890s] INFO:colcon.colcon_core.shell:Creating package script '/home/sidubuntu/dev_ws/install/gazebo_ros2_control/share/gazebo_ros2_control/package.ps1'
[0.890s] INFO:colcon.colcon_core.shell:Creating package descriptor '/home/sidubuntu/dev_ws/install/gazebo_ros2_control/share/gazebo_ros2_control/package.dsv'
[0.891s] INFO:colcon.colcon_core.shell:Creating package script '/home/sidubuntu/dev_ws/install/gazebo_ros2_control/share/gazebo_ros2_control/package.sh'
[0.891s] INFO:colcon.colcon_core.shell:Creating package script '/home/sidubuntu/dev_ws/install/gazebo_ros2_control/share/gazebo_ros2_control/package.bash'
[0.891s] INFO:colcon.colcon_core.shell:Creating package script '/home/sidubuntu/dev_ws/install/gazebo_ros2_control/share/gazebo_ros2_control/package.zsh'
[0.892s] Level 1:colcon.colcon_core.environment:create_file_with_runtime_dependencies(/home/sidubuntu/dev_ws/install/gazebo_ros2_control/share/colcon-core/packages/gazebo_ros2_control)
[0.893s] Level 1:colcon.colcon_core.environment:create_environment_scripts_only(gazebo_ros2_control)
[0.893s] Level 1:colcon.colcon_core.environment:checking '/home/sidubuntu/dev_ws/install/gazebo_ros2_control' for CMake module files
[0.894s] Level 1:colcon.colcon_core.environment:checking '/home/sidubuntu/dev_ws/install/gazebo_ros2_control' for CMake config files
[0.895s] Level 1:colcon.colcon_core.shell:create_environment_hook('gazebo_ros2_control', 'cmake_prefix_path')
[0.895s] INFO:colcon.colcon_core.shell:Creating environment hook '/home/sidubuntu/dev_ws/install/gazebo_ros2_control/share/gazebo_ros2_control/hook/cmake_prefix_path.ps1'
[0.896s] INFO:colcon.colcon_core.shell:Creating environment descriptor '/home/sidubuntu/dev_ws/install/gazebo_ros2_control/share/gazebo_ros2_control/hook/cmake_prefix_path.dsv'
[0.896s] INFO:colcon.colcon_core.shell:Creating environment hook '/home/sidubuntu/dev_ws/install/gazebo_ros2_control/share/gazebo_ros2_control/hook/cmake_prefix_path.sh'
[0.897s] Level 1:colcon.colcon_core.environment:checking '/home/sidubuntu/dev_ws/install/gazebo_ros2_control/lib'
[0.897s] Level 1:colcon.colcon_core.shell:create_environment_hook('gazebo_ros2_control', 'ld_library_path_lib')
[0.897s] INFO:colcon.colcon_core.shell:Creating environment hook '/home/sidubuntu/dev_ws/install/gazebo_ros2_control/share/gazebo_ros2_control/hook/ld_library_path_lib.ps1'
[0.897s] INFO:colcon.colcon_core.shell:Creating environment descriptor '/home/sidubuntu/dev_ws/install/gazebo_ros2_control/share/gazebo_ros2_control/hook/ld_library_path_lib.dsv'
[0.898s] INFO:colcon.colcon_core.shell:Creating environment hook '/home/sidubuntu/dev_ws/install/gazebo_ros2_control/share/gazebo_ros2_control/hook/ld_library_path_lib.sh'
[0.898s] Level 1:colcon.colcon_core.environment:checking '/home/sidubuntu/dev_ws/install/gazebo_ros2_control/bin'
[0.898s] Level 1:colcon.colcon_core.environment:checking '/home/sidubuntu/dev_ws/install/gazebo_ros2_control/lib/pkgconfig/gazebo_ros2_control.pc'
[0.898s] Level 1:colcon.colcon_core.environment:checking '/home/sidubuntu/dev_ws/install/gazebo_ros2_control/lib/python3.10/site-packages'
[0.899s] Level 1:colcon.colcon_core.environment:checking '/home/sidubuntu/dev_ws/install/gazebo_ros2_control/bin'
[0.899s] INFO:colcon.colcon_core.shell:Creating package script '/home/sidubuntu/dev_ws/install/gazebo_ros2_control/share/gazebo_ros2_control/package.ps1'
[0.899s] INFO:colcon.colcon_core.shell:Creating package descriptor '/home/sidubuntu/dev_ws/install/gazebo_ros2_control/share/gazebo_ros2_control/package.dsv'
[0.900s] INFO:colcon.colcon_core.shell:Creating package script '/home/sidubuntu/dev_ws/install/gazebo_ros2_control/share/gazebo_ros2_control/package.sh'
[0.900s] INFO:colcon.colcon_core.shell:Creating package script '/home/sidubuntu/dev_ws/install/gazebo_ros2_control/share/gazebo_ros2_control/package.bash'
[0.901s] INFO:colcon.colcon_core.shell:Creating package script '/home/sidubuntu/dev_ws/install/gazebo_ros2_control/share/gazebo_ros2_control/package.zsh'
[0.901s] Level 1:colcon.colcon_core.environment:create_file_with_runtime_dependencies(/home/sidubuntu/dev_ws/install/gazebo_ros2_control/share/colcon-core/packages/gazebo_ros2_control)
[0.901s] INFO:colcon.colcon_ros.task.ament_cmake.build:Building ROS package in '/home/sidubuntu/dev_ws/src/gazebo_ros2_control/gazebo_ros2_control_demos' with build type 'ament_cmake'
[0.901s] INFO:colcon.colcon_cmake.task.cmake.build:Building CMake package in '/home/sidubuntu/dev_ws/src/gazebo_ros2_control/gazebo_ros2_control_demos'
[0.902s] INFO:colcon.colcon_core.shell:Skip shell extension 'powershell' for command environment: Not usable outside of PowerShell
[0.902s] DEBUG:colcon.colcon_core.shell:Skip shell extension 'dsv' for command environment
[1.022s] DEBUG:colcon.colcon_core.event_handler.log_command:Invoking command in '/home/sidubuntu/dev_ws/build/gazebo_ros2_control_demos': CMAKE_PREFIX_PATH=/home/sidubuntu/dev_ws/install/gazebo_ros2_control:/home/sidubuntu/dev_ws/install/qubot:/home/sidubuntu/dev_ws/install/q_bot:/home/sidubuntu/dev_ws/install/my_bot:/home/sidubuntu/dev_ws/install/gazebo_ros2_control_demos:/opt/ros/humble /usr/bin/cmake --build /home/sidubuntu/dev_ws/build/gazebo_ros2_control_demos -- -j8 -l8
[1.121s] DEBUG:colcon.colcon_core.event_handler.log_command:Invoked command in '/home/sidubuntu/dev_ws/build/gazebo_ros2_control_demos' returned '0': CMAKE_PREFIX_PATH=/home/sidubuntu/dev_ws/install/gazebo_ros2_control:/home/sidubuntu/dev_ws/install/qubot:/home/sidubuntu/dev_ws/install/q_bot:/home/sidubuntu/dev_ws/install/my_bot:/home/sidubuntu/dev_ws/install/gazebo_ros2_control_demos:/opt/ros/humble /usr/bin/cmake --build /home/sidubuntu/dev_ws/build/gazebo_ros2_control_demos -- -j8 -l8
[1.122s] DEBUG:colcon.colcon_core.event_handler.log_command:Invoking command in '/home/sidubuntu/dev_ws/build/gazebo_ros2_control_demos': CMAKE_PREFIX_PATH=/home/sidubuntu/dev_ws/install/gazebo_ros2_control:/home/sidubuntu/dev_ws/install/qubot:/home/sidubuntu/dev_ws/install/q_bot:/home/sidubuntu/dev_ws/install/my_bot:/home/sidubuntu/dev_ws/install/gazebo_ros2_control_demos:/opt/ros/humble /usr/bin/cmake --install /home/sidubuntu/dev_ws/build/gazebo_ros2_control_demos
[1.152s] Level 1:colcon.colcon_core.environment:create_environment_scripts_only(gazebo_ros2_control_demos)
[1.153s] Level 1:colcon.colcon_core.environment:checking '/home/sidubuntu/dev_ws/install/gazebo_ros2_control_demos' for CMake module files
[1.153s] DEBUG:colcon.colcon_core.event_handler.log_command:Invoked command in '/home/sidubuntu/dev_ws/build/gazebo_ros2_control_demos' returned '0': CMAKE_PREFIX_PATH=/home/sidubuntu/dev_ws/install/gazebo_ros2_control:/home/sidubuntu/dev_ws/install/qubot:/home/sidubuntu/dev_ws/install/q_bot:/home/sidubuntu/dev_ws/install/my_bot:/home/sidubuntu/dev_ws/install/gazebo_ros2_control_demos:/opt/ros/humble /usr/bin/cmake --install /home/sidubuntu/dev_ws/build/gazebo_ros2_control_demos
[1.154s] Level 1:colcon.colcon_core.environment:checking '/home/sidubuntu/dev_ws/install/gazebo_ros2_control_demos' for CMake config files
[1.155s] Level 1:colcon.colcon_core.shell:create_environment_hook('gazebo_ros2_control_demos', 'cmake_prefix_path')
[1.155s] INFO:colcon.colcon_core.shell:Creating environment hook '/home/sidubuntu/dev_ws/install/gazebo_ros2_control_demos/share/gazebo_ros2_control_demos/hook/cmake_prefix_path.ps1'
[1.156s] INFO:colcon.colcon_core.shell:Creating environment descriptor '/home/sidubuntu/dev_ws/install/gazebo_ros2_control_demos/share/gazebo_ros2_control_demos/hook/cmake_prefix_path.dsv'
[1.156s] INFO:colcon.colcon_core.shell:Creating environment hook '/home/sidubuntu/dev_ws/install/gazebo_ros2_control_demos/share/gazebo_ros2_control_demos/hook/cmake_prefix_path.sh'
[1.157s] Level 1:colcon.colcon_core.environment:checking '/home/sidubuntu/dev_ws/install/gazebo_ros2_control_demos/lib'
[1.157s] Level 1:colcon.colcon_core.environment:checking '/home/sidubuntu/dev_ws/install/gazebo_ros2_control_demos/bin'
[1.157s] Level 1:colcon.colcon_core.environment:checking '/home/sidubuntu/dev_ws/install/gazebo_ros2_control_demos/lib/pkgconfig/gazebo_ros2_control_demos.pc'
[1.157s] Level 1:colcon.colcon_core.environment:checking '/home/sidubuntu/dev_ws/install/gazebo_ros2_control_demos/lib/python3.10/site-packages'
[1.157s] Level 1:colcon.colcon_core.environment:checking '/home/sidubuntu/dev_ws/install/gazebo_ros2_control_demos/bin'
[1.157s] INFO:colcon.colcon_core.shell:Creating package script '/home/sidubuntu/dev_ws/install/gazebo_ros2_control_demos/share/gazebo_ros2_control_demos/package.ps1'
[1.158s] INFO:colcon.colcon_core.shell:Creating package descriptor '/home/sidubuntu/dev_ws/install/gazebo_ros2_control_demos/share/gazebo_ros2_control_demos/package.dsv'
[1.158s] INFO:colcon.colcon_core.shell:Creating package script '/home/sidubuntu/dev_ws/install/gazebo_ros2_control_demos/share/gazebo_ros2_control_demos/package.sh'
[1.159s] INFO:colcon.colcon_core.shell:Creating package script '/home/sidubuntu/dev_ws/install/gazebo_ros2_control_demos/share/gazebo_ros2_control_demos/package.bash'
[1.159s] INFO:colcon.colcon_core.shell:Creating package script '/home/sidubuntu/dev_ws/install/gazebo_ros2_control_demos/share/gazebo_ros2_control_demos/package.zsh'
[1.159s] Level 1:colcon.colcon_core.environment:create_file_with_runtime_dependencies(/home/sidubuntu/dev_ws/install/gazebo_ros2_control_demos/share/colcon-core/packages/gazebo_ros2_control_demos)
[1.160s] Level 1:colcon.colcon_core.environment:create_environment_scripts_only(gazebo_ros2_control_demos)
[1.160s] Level 1:colcon.colcon_core.environment:checking '/home/sidubuntu/dev_ws/install/gazebo_ros2_control_demos' for CMake module files
[1.161s] Level 1:colcon.colcon_core.environment:checking '/home/sidubuntu/dev_ws/install/gazebo_ros2_control_demos' for CMake config files
[1.162s] Level 1:colcon.colcon_core.shell:create_environment_hook('gazebo_ros2_control_demos', 'cmake_prefix_path')
[1.162s] INFO:colcon.colcon_core.shell:Creating environment hook '/home/sidubuntu/dev_ws/install/gazebo_ros2_control_demos/share/gazebo_ros2_control_demos/hook/cmake_prefix_path.ps1'
[1.163s] INFO:colcon.colcon_core.shell:Creating environment descriptor '/home/sidubuntu/dev_ws/install/gazebo_ros2_control_demos/share/gazebo_ros2_control_demos/hook/cmake_prefix_path.dsv'
[1.163s] INFO:colcon.colcon_core.shell:Creating environment hook '/home/sidubuntu/dev_ws/install/gazebo_ros2_control_demos/share/gazebo_ros2_control_demos/hook/cmake_prefix_path.sh'
[1.164s] Level 1:colcon.colcon_core.environment:checking '/home/sidubuntu/dev_ws/install/gazebo_ros2_control_demos/lib'
[1.164s] Level 1:colcon.colcon_core.environment:checking '/home/sidubuntu/dev_ws/install/gazebo_ros2_control_demos/bin'
[1.164s] Level 1:colcon.colcon_core.environment:checking '/home/sidubuntu/dev_ws/install/gazebo_ros2_control_demos/lib/pkgconfig/gazebo_ros2_control_demos.pc'
[1.164s] Level 1:colcon.colcon_core.environment:checking '/home/sidubuntu/dev_ws/install/gazebo_ros2_control_demos/lib/python3.10/site-packages'
[1.164s] Level 1:colcon.colcon_core.environment:checking '/home/sidubuntu/dev_ws/install/gazebo_ros2_control_demos/bin'
[1.165s] INFO:colcon.colcon_core.shell:Creating package script '/home/sidubuntu/dev_ws/install/gazebo_ros2_control_demos/share/gazebo_ros2_control_demos/package.ps1'
[1.165s] INFO:colcon.colcon_core.shell:Creating package descriptor '/home/sidubuntu/dev_ws/install/gazebo_ros2_control_demos/share/gazebo_ros2_control_demos/package.dsv'
[1.165s] INFO:colcon.colcon_core.shell:Creating package script '/home/sidubuntu/dev_ws/install/gazebo_ros2_control_demos/share/gazebo_ros2_control_demos/package.sh'
[1.166s] INFO:colcon.colcon_core.shell:Creating package script '/home/sidubuntu/dev_ws/install/gazebo_ros2_control_demos/share/gazebo_ros2_control_demos/package.bash'
[1.166s] INFO:colcon.colcon_core.shell:Creating package script '/home/sidubuntu/dev_ws/install/gazebo_ros2_control_demos/share/gazebo_ros2_control_demos/package.zsh'
[1.167s] Level 1:colcon.colcon_core.environment:create_file_with_runtime_dependencies(/home/sidubuntu/dev_ws/install/gazebo_ros2_control_demos/share/colcon-core/packages/gazebo_ros2_control_demos)
[1.167s] DEBUG:colcon.colcon_parallel_executor.executor.parallel:closing loop
[1.168s] DEBUG:colcon.colcon_parallel_executor.executor.parallel:loop closed
[1.168s] DEBUG:colcon.colcon_parallel_executor.executor.parallel:run_until_complete finished with '0'
[1.168s] DEBUG:colcon.colcon_core.event_reactor:joining thread
[1.219s] INFO:colcon.colcon_core.plugin_system:Skipping extension 'colcon_notification.desktop_notification.notify_send': Could not find 'notify-send'
[1.219s] INFO:colcon.colcon_core.plugin_system:Skipping extension 'colcon_notification.desktop_notification.terminal_notifier': Not used on non-Darwin systems
[1.219s] INFO:colcon.colcon_core.plugin_system:Skipping extension 'colcon_notification.desktop_notification.win32': Not used on non-Windows systems
[1.219s] INFO:colcon.colcon_notification.desktop_notification:Sending desktop notification using 'notify2'
[1.221s] DEBUG:colcon.colcon_notification.desktop_notification.notify2:Failed to initialize notify2: org.freedesktop.DBus.Error.ServiceUnknown: The name org.freedesktop.Notifications was not provided by any .service files
[1.221s] DEBUG:colcon.colcon_core.event_reactor:joined thread
[1.221s] INFO:colcon.colcon_core.shell:Creating prefix script '/home/sidubuntu/dev_ws/install/local_setup.ps1'
[1.222s] INFO:colcon.colcon_core.shell:Creating prefix util module '/home/sidubuntu/dev_ws/install/_local_setup_util_ps1.py'
[1.223s] INFO:colcon.colcon_core.shell:Creating prefix chain script '/home/sidubuntu/dev_ws/install/setup.ps1'
[1.224s] INFO:colcon.colcon_core.shell:Creating prefix script '/home/sidubuntu/dev_ws/install/local_setup.sh'
[1.226s] INFO:colcon.colcon_core.shell:Creating prefix util module '/home/sidubuntu/dev_ws/install/_local_setup_util_sh.py'
[1.227s] INFO:colcon.colcon_core.shell:Creating prefix chain script '/home/sidubuntu/dev_ws/install/setup.sh'
[1.228s] INFO:colcon.colcon_core.shell:Creating prefix script '/home/sidubuntu/dev_ws/install/local_setup.bash'
[1.228s] INFO:colcon.colcon_core.shell:Creating prefix chain script '/home/sidubuntu/dev_ws/install/setup.bash'
[1.229s] INFO:colcon.colcon_core.shell:Creating prefix script '/home/sidubuntu/dev_ws/install/local_setup.zsh'
[1.230s] INFO:colcon.colcon_core.shell:Creating prefix chain script '/home/sidubuntu/dev_ws/install/setup.zsh'
