[0.013s] Invoking command in '/home/sidubuntu/dev_ws/build/gazebo_ros2_control': CMAKE_PREFIX_PATH=${CMAKE_PREFIX_PATH}:/opt/ros/humble /usr/bin/cmake /home/sidubuntu/dev_ws/src/gazebo_ros2_control/gazebo_ros2_control -DCMAKE_INSTALL_PREFIX=/home/sidubuntu/dev_ws/install/gazebo_ros2_control
[0.341s] -- The C compiler identification is GNU 11.4.0
[1.001s] -- The CXX compiler identification is GNU 11.4.0
[1.469s] -- Detecting C compiler ABI info
[1.700s] -- Detecting C compiler ABI info - done
[1.712s] -- Check for working C compiler: /usr/bin/cc - skipped
[1.713s] -- Detecting C compile features
[1.715s] -- Detecting C compile features - done
[1.721s] -- Detecting CXX compiler ABI info
[1.938s] -- Detecting CXX compiler ABI info - done
[1.952s] -- Check for working CXX compiler: /usr/bin/c++ - skipped
[1.952s] -- Detecting CXX compile features
[1.953s] -- Detecting CXX compile features - done
[1.984s] -- Found ament_cmake: 1.3.11 (/opt/ros/humble/share/ament_cmake/cmake)
[2.224s] -- Found Python3: /usr/bin/python3 (found version "3.10.12") found components: Interpreter 
[2.401s] -- Found angles: 1.15.0 (/opt/ros/humble/share/angles/cmake)
[2.412s] -- Found controller_manager: 2.50.0 (/opt/ros/humble/share/controller_manager/cmake)
[2.710s] -- Found rosidl_generator_c: 3.1.6 (/opt/ros/humble/share/rosidl_generator_c/cmake)
[2.725s] -- Found rosidl_adapter: 3.1.6 (/opt/ros/humble/share/rosidl_adapter/cmake)
[2.755s] -- Found rosidl_generator_cpp: 3.1.6 (/opt/ros/humble/share/rosidl_generator_cpp/cmake)
[2.792s] -- Using all available rosidl_typesupport_c: rosidl_typesupport_fastrtps_c;rosidl_typesupport_introspection_c
[2.835s] -- Using all available rosidl_typesupport_cpp: rosidl_typesupport_fastrtps_cpp;rosidl_typesupport_introspection_cpp
[5.152s] -- Found rmw_implementation_cmake: 6.1.2 (/opt/ros/humble/share/rmw_implementation_cmake/cmake)
[5.159s] -- Found rmw_fastrtps_cpp: 6.2.7 (/opt/ros/humble/share/rmw_fastrtps_cpp/cmake)
[5.218s] -- Found TinyXML2 via Config file: TinyXML2_DIR-NOTFOUND
[5.281s] -- Found OpenSSL: /usr/lib/x86_64-linux-gnu/libcrypto.so (found version "3.0.2")  
[5.287s] -- Found TinyXML2 via Config file: TinyXML2_DIR-NOTFOUND
[5.493s] -- Found FastRTPS: /opt/ros/humble/include  
[5.498s] -- Found TinyXML2 via Config file: TinyXML2_DIR-NOTFOUND
[5.509s] -- Found TinyXML2 via Config file: TinyXML2_DIR-NOTFOUND
[5.615s] -- Using RMW implementation 'rmw_fastrtps_cpp' as default
[5.640s] -- Looking for pthread.h
[5.865s] -- Looking for pthread.h - found
[5.866s] -- Performing Test CMAKE_HAVE_LIBC_PTHREAD
[6.054s] -- Performing Test CMAKE_HAVE_LIBC_PTHREAD - Success
[6.055s] -- Found Threads: TRUE  
[6.315s] -- Found control_toolbox: 3.6.1 (/opt/ros/humble/share/control_toolbox/cmake)
[6.408s] -- Found gazebo_dev: 3.9.0 (/opt/ros/humble/share/gazebo_dev/cmake)
[6.422s] -- Found PkgConfig: /usr/bin/pkg-config (found version "0.29.2") 
[6.423s] -- Checking for module 'bullet>=2.82'
[6.438s] --   Found bullet, version 3.05
[6.618s] -- Found fcl: /usr/include (found suitable version "0.7.0", minimum required is "0.5.0") 
[6.676s] -- Found assimp: /usr/include (found version "5.2.0") 
[6.706s] -- Found DART: /usr/include (Required is at least version "6.6") found components: dart 
[6.762s] -- Found Boost: /usr/lib/x86_64-linux-gnu/cmake/Boost-1.74.0/BoostConfig.cmake (found suitable version "1.74.0", minimum required is "1.40.0") found components: thread system filesystem program_options regex iostreams date_time 
[7.367s] -- Found Protobuf: /usr/lib/x86_64-linux-gnu/libprotobuf.so (found version "3.12.4") 
[7.378s] -- Looking for ignition-math6 -- found version 6.15.1
[7.399s] -- Searching for dependencies of ignition-math6
[7.405s] -- Looking for OGRE...
[7.406s] -- OGRE_PREFIX_WATCH changed.
[7.412s] -- Checking for module 'OGRE'
[7.429s] --   Found OGRE, version 1.9.0
[7.472s] -- Found Ogre Ghadamon (1.9.0)
[8.049s] -- Found OGRE: optimized;/usr/lib/x86_64-linux-gnu/libOgreMain.so;debug;/usr/lib/x86_64-linux-gnu/libOgreMain.so
[8.062s] -- Looking for OGRE_Paging...
[8.616s] -- Found OGRE_Paging: optimized;/usr/lib/x86_64-linux-gnu/libOgrePaging.so;debug;/usr/lib/x86_64-linux-gnu/libOgrePaging.so
[8.616s] -- Looking for OGRE_Terrain...
[9.160s] -- Found OGRE_Terrain: optimized;/usr/lib/x86_64-linux-gnu/libOgreTerrain.so;debug;/usr/lib/x86_64-linux-gnu/libOgreTerrain.so
[9.160s] -- Looking for OGRE_Property...
[9.735s] -- Found OGRE_Property: optimized;/usr/lib/x86_64-linux-gnu/libOgreProperty.so;debug;/usr/lib/x86_64-linux-gnu/libOgreProperty.so
[9.735s] -- Looking for OGRE_RTShaderSystem...
[10.267s] -- Found OGRE_RTShaderSystem: optimized;/usr/lib/x86_64-linux-gnu/libOgreRTShaderSystem.so;debug;/usr/lib/x86_64-linux-gnu/libOgreRTShaderSystem.so
[10.267s] -- Looking for OGRE_Volume...
[10.779s] -- Found OGRE_Volume: optimized;/usr/lib/x86_64-linux-gnu/libOgreVolume.so;debug;/usr/lib/x86_64-linux-gnu/libOgreVolume.so
[10.779s] -- Looking for OGRE_Overlay...
[11.274s] -- Found OGRE_Overlay: optimized;/usr/lib/x86_64-linux-gnu/libOgreOverlay.so;debug;/usr/lib/x86_64-linux-gnu/libOgreOverlay.so
[36.800s] -- Looking for ignition-math6 -- found version 6.15.1
[36.806s] -- Looking for ignition-transport8 -- found version 8.2.1
[36.806s] -- Searching for dependencies of ignition-transport8
[38.481s] -- Found Protobuf: /usr/lib/x86_64-linux-gnu/libprotobuf.so (found suitable version "3.12.4", minimum required is "3") 
[40.205s] -- Config-file not installed for ZeroMQ -- checking for pkg-config
[40.211s] -- Checking for module 'libzmq >= 4'
[40.231s] --   Found libzmq , version 4.3.4
[40.272s] -- Found ZeroMQ: TRUE (Required is at least version "4") 
[40.335s] -- Checking for module 'uuid'
[40.347s] --   Found uuid, version 2.37.2
[40.384s] -- Found UUID: TRUE  
[40.389s] -- Looking for ignition-msgs5 -- found version 5.8.1
[40.390s] -- Searching for dependencies of ignition-msgs5
[42.061s] -- Looking for ignition-math6 -- found version 6.15.1
[42.067s] -- Checking for module 'tinyxml2'
[42.082s] --   Found tinyxml2, version 9.0.0
[42.123s] -- Looking for ignition-msgs5 -- found version 5.8.1
[42.130s] -- Looking for ignition-common3 -- found version 3.14.0
[42.130s] -- Searching for dependencies of ignition-common3
[42.197s] -- Looking for dlfcn.h - found
[42.245s] -- Looking for libdl - found
[42.247s] -- Found DL: TRUE  
[42.351s] -- Found tinyobjloader: /usr/lib/x86_64-linux-gnu/cmake/tinyobjloader/tinyobjloader-config.cmake (found version "2.0.0") 
[42.352s] -- Searching for <ignition-common3> component [graphics]
[42.355s] -- Looking for ignition-common3-graphics -- found version 3.14.0
[42.356s] -- Searching for dependencies of ignition-common3-graphics
[42.357s] -- Looking for ignition-math6 -- found version 6.15.1
[42.363s] -- Looking for ignition-fuel_tools4 -- found version 4.4.0
[42.363s] -- Searching for dependencies of ignition-fuel_tools4
[44.453s] -- Found CURL: /usr/lib/x86_64-linux-gnu/libcurl.so (found version "7.81.0")  
[44.467s] -- Checking for module 'jsoncpp'
[44.481s] --   Found jsoncpp, version 1.9.5
[44.521s] -- Found JSONCPP: TRUE  
[44.531s] -- Checking for module 'libzip'
[44.549s] --   Found libzip, version 1.7.3
[44.587s] -- Found ZIP: TRUE  
[44.588s] -- Looking for ignition-common3 -- found version 3.14.0
[44.588s] -- Looking for ignition-math6 -- found version 6.15.1
[44.589s] -- Looking for ignition-msgs5 -- found version 5.8.1
[44.598s] -- Gazebo version: 11.10
[44.599s] -- Checking for module 'tbb'
[44.614s] --   Found tbb, version 2021.5.0
[44.653s] -- Found gazebo_ros: 3.9.0 (/opt/ros/humble/share/gazebo_ros/cmake)
[44.664s] -- Found yaml_cpp_vendor: 8.0.2 (/opt/ros/humble/share/yaml_cpp_vendor/cmake)
[44.725s] -- Found ament_cmake_gtest: 1.3.11 (/opt/ros/humble/share/ament_cmake_gtest/cmake)
[44.732s] -- Found ament_lint_auto: 0.12.12 (/opt/ros/humble/share/ament_lint_auto/cmake)
[44.872s] -- Added test 'copyright' to check source files copyright and LICENSE
[44.875s] -- Added test 'cppcheck' to perform static code analysis on C / C++ code
[44.875s] -- Configured cppcheck include dirs: /home/sidubuntu/dev_ws/src/gazebo_ros2_control/gazebo_ros2_control/include
[44.876s] -- Configured cppcheck exclude dirs and/or files: 
[44.877s] -- Added test 'cpplint' to check C / C++ code against the Google style
[44.877s] -- Configured cpplint exclude dirs and/or files: 
[44.879s] -- Added test 'lint_cmake' to check CMake code style
[44.882s] -- Added test 'uncrustify' to check C / C++ code style
[44.883s] -- Configured uncrustify additional arguments: 
[44.884s] -- Added test 'xmllint' to check XML markup files
[44.888s] -- Configuring done
[45.035s] -- Generating done
[45.049s] -- Build files have been written to: /home/sidubuntu/dev_ws/build/gazebo_ros2_control
[45.072s] Invoked command in '/home/sidubuntu/dev_ws/build/gazebo_ros2_control' returned '0': CMAKE_PREFIX_PATH=${CMAKE_PREFIX_PATH}:/opt/ros/humble /usr/bin/cmake /home/sidubuntu/dev_ws/src/gazebo_ros2_control/gazebo_ros2_control -DCMAKE_INSTALL_PREFIX=/home/sidubuntu/dev_ws/install/gazebo_ros2_control
[45.075s] Invoking command in '/home/sidubuntu/dev_ws/build/gazebo_ros2_control': CMAKE_PREFIX_PATH=${CMAKE_PREFIX_PATH}:/opt/ros/humble /usr/bin/cmake --build /home/sidubuntu/dev_ws/build/gazebo_ros2_control -- -j8 -l8
[45.130s] [ 25%] [32mBuilding CXX object CMakeFiles/gazebo_hardware_plugins.dir/src/gazebo_system.cpp.o[0m
[45.132s] [ 50%] [32mBuilding CXX object CMakeFiles/gazebo_ros2_control.dir/src/gazebo_ros2_control_plugin.cpp.o[0m
[68.245s] [ 75%] [32m[1mLinking CXX shared library libgazebo_hardware_plugins.so[0m
[69.635s] [ 75%] Built target gazebo_hardware_plugins
[71.557s] [100%] [32m[1mLinking CXX shared library libgazebo_ros2_control.so[0m
[72.717s] [100%] Built target gazebo_ros2_control
[72.730s] Invoked command in '/home/sidubuntu/dev_ws/build/gazebo_ros2_control' returned '0': CMAKE_PREFIX_PATH=${CMAKE_PREFIX_PATH}:/opt/ros/humble /usr/bin/cmake --build /home/sidubuntu/dev_ws/build/gazebo_ros2_control -- -j8 -l8
[72.741s] Invoking command in '/home/sidubuntu/dev_ws/build/gazebo_ros2_control': CMAKE_PREFIX_PATH=${CMAKE_PREFIX_PATH}:/opt/ros/humble /usr/bin/cmake --install /home/sidubuntu/dev_ws/build/gazebo_ros2_control
[72.749s] -- Install configuration: ""
[72.750s] -- Installing: /home/sidubuntu/dev_ws/install/gazebo_ros2_control/lib/libgazebo_ros2_control.so
[72.754s] -- Set runtime path of "/home/sidubuntu/dev_ws/install/gazebo_ros2_control/lib/libgazebo_ros2_control.so" to ""
[72.754s] -- Installing: /home/sidubuntu/dev_ws/install/gazebo_ros2_control/lib/libgazebo_hardware_plugins.so
[72.757s] -- Set runtime path of "/home/sidubuntu/dev_ws/install/gazebo_ros2_control/lib/libgazebo_hardware_plugins.so" to ""
[72.758s] -- Installing: /home/sidubuntu/dev_ws/install/gazebo_ros2_control/share/gazebo_ros2_control/environment/library_path.sh
[72.758s] -- Installing: /home/sidubuntu/dev_ws/install/gazebo_ros2_control/share/gazebo_ros2_control/environment/library_path.dsv
[72.759s] -- Installing: /home/sidubuntu/dev_ws/install/gazebo_ros2_control/include/gazebo_ros2_control
[72.759s] -- Installing: /home/sidubuntu/dev_ws/install/gazebo_ros2_control/include/gazebo_ros2_control/gazebo_system.hpp
[72.759s] -- Installing: /home/sidubuntu/dev_ws/install/gazebo_ros2_control/include/gazebo_ros2_control/gazebo_system_interface.hpp
[72.759s] -- Installing: /home/sidubuntu/dev_ws/install/gazebo_ros2_control/include/gazebo_ros2_control/gazebo_ros2_control_plugin.hpp
[72.759s] -- Installing: /home/sidubuntu/dev_ws/install/gazebo_ros2_control/share/gazebo_ros2_control/gazebo_hardware_plugins.xml
[72.759s] -- Installing: /home/sidubuntu/dev_ws/install/gazebo_ros2_control/share/ament_index/resource_index/package_run_dependencies/gazebo_ros2_control
[72.760s] -- Installing: /home/sidubuntu/dev_ws/install/gazebo_ros2_control/share/ament_index/resource_index/parent_prefix_path/gazebo_ros2_control
[72.761s] -- Installing: /home/sidubuntu/dev_ws/install/gazebo_ros2_control/share/gazebo_ros2_control/environment/ament_prefix_path.sh
[72.761s] -- Installing: /home/sidubuntu/dev_ws/install/gazebo_ros2_control/share/gazebo_ros2_control/environment/ament_prefix_path.dsv
[72.761s] -- Installing: /home/sidubuntu/dev_ws/install/gazebo_ros2_control/share/gazebo_ros2_control/environment/path.sh
[72.761s] -- Installing: /home/sidubuntu/dev_ws/install/gazebo_ros2_control/share/gazebo_ros2_control/environment/path.dsv
[72.762s] -- Installing: /home/sidubuntu/dev_ws/install/gazebo_ros2_control/share/gazebo_ros2_control/local_setup.bash
[72.762s] -- Installing: /home/sidubuntu/dev_ws/install/gazebo_ros2_control/share/gazebo_ros2_control/local_setup.sh
[72.762s] -- Installing: /home/sidubuntu/dev_ws/install/gazebo_ros2_control/share/gazebo_ros2_control/local_setup.zsh
[72.762s] -- Installing: /home/sidubuntu/dev_ws/install/gazebo_ros2_control/share/gazebo_ros2_control/local_setup.dsv
[72.762s] -- Installing: /home/sidubuntu/dev_ws/install/gazebo_ros2_control/share/gazebo_ros2_control/package.dsv
[72.763s] -- Installing: /home/sidubuntu/dev_ws/install/gazebo_ros2_control/share/ament_index/resource_index/packages/gazebo_ros2_control
[72.763s] -- Installing: /home/sidubuntu/dev_ws/install/gazebo_ros2_control/share/ament_index/resource_index/gazebo_ros2_control__pluginlib__plugin/gazebo_ros2_control
[72.763s] -- Installing: /home/sidubuntu/dev_ws/install/gazebo_ros2_control/share/gazebo_ros2_control/cmake/ament_cmake_export_include_directories-extras.cmake
[72.763s] -- Installing: /home/sidubuntu/dev_ws/install/gazebo_ros2_control/share/gazebo_ros2_control/cmake/ament_cmake_export_dependencies-extras.cmake
[72.764s] -- Installing: /home/sidubuntu/dev_ws/install/gazebo_ros2_control/share/gazebo_ros2_control/cmake/ament_cmake_export_libraries-extras.cmake
[72.764s] -- Installing: /home/sidubuntu/dev_ws/install/gazebo_ros2_control/share/gazebo_ros2_control/cmake/gazebo_ros2_controlConfig.cmake
[72.764s] -- Installing: /home/sidubuntu/dev_ws/install/gazebo_ros2_control/share/gazebo_ros2_control/cmake/gazebo_ros2_controlConfig-version.cmake
[72.764s] -- Installing: /home/sidubuntu/dev_ws/install/gazebo_ros2_control/share/gazebo_ros2_control/package.xml
[72.767s] Invoked command in '/home/sidubuntu/dev_ws/build/gazebo_ros2_control' returned '0': CMAKE_PREFIX_PATH=${CMAKE_PREFIX_PATH}:/opt/ros/humble /usr/bin/cmake --install /home/sidubuntu/dev_ws/build/gazebo_ros2_control
