[0.024s] Invoking command in '/home/sidubuntu/dev_ws/build/my_bot': CMAKE_PREFIX_PATH=${CMAKE_PREFIX_PATH}:/opt/ros/humble /usr/bin/cmake --build /home/sidubuntu/dev_ws/build/my_bot -- -j8 -l8
[0.235s] Invoked command in '/home/sidubuntu/dev_ws/build/my_bot' returned '0': CMAKE_PREFIX_PATH=${CMAKE_PREFIX_PATH}:/opt/ros/humble /usr/bin/cmake --build /home/sidubuntu/dev_ws/build/my_bot -- -j8 -l8
[0.247s] Invoking command in '/home/sidubuntu/dev_ws/build/my_bot': CMAKE_PREFIX_PATH=${CMAKE_PREFIX_PATH}:/opt/ros/humble /usr/bin/cmake --install /home/sidubuntu/dev_ws/build/my_bot
[0.256s] -- Install configuration: ""
[0.257s] -- Execute custom install script
[0.259s] -- Up-to-date symlink: /home/sidubuntu/dev_ws/install/my_bot/share/my_bot/config/drive_bot.rviz
[0.259s] -- Up-to-date symlink: /home/sidubuntu/dev_ws/install/my_bot/share/my_bot/config/empty.yaml
[0.259s] -- Up-to-date symlink: /home/sidubuntu/dev_ws/install/my_bot/share/my_bot/config/mapper_params_online_async.yaml
[0.260s] -- Symlinking: /home/sidubuntu/dev_ws/install/my_bot/share/my_bot/config/nav2_params.yaml
[0.281s] -- Up-to-date symlink: /home/sidubuntu/dev_ws/install/my_bot/share/my_bot/config/twist_mux.yaml
[0.281s] -- Up-to-date symlink: /home/sidubuntu/dev_ws/install/my_bot/share/my_bot/config/view_bot.rviz
[0.282s] -- Up-to-date symlink: /home/sidubuntu/dev_ws/install/my_bot/share/my_bot/description/camera.xacro
[0.282s] -- Up-to-date symlink: /home/sidubuntu/dev_ws/install/my_bot/share/my_bot/description/gazebo_control.xacro
[0.283s] -- Up-to-date symlink: /home/sidubuntu/dev_ws/install/my_bot/share/my_bot/description/inertial_macros.xacro
[0.283s] -- Up-to-date symlink: /home/sidubuntu/dev_ws/install/my_bot/share/my_bot/description/lidar.xacro
[0.284s] -- Up-to-date symlink: /home/sidubuntu/dev_ws/install/my_bot/share/my_bot/description/robot.urdf.xacro
[0.285s] -- Up-to-date symlink: /home/sidubuntu/dev_ws/install/my_bot/share/my_bot/description/robot_core.xacro
[0.286s] -- Up-to-date symlink: /home/sidubuntu/dev_ws/install/my_bot/share/my_bot/launch/launch_sim.launch.py
[0.286s] -- Symlinking: /home/sidubuntu/dev_ws/install/my_bot/share/my_bot/launch/localization_launch.py
[0.294s] -- Symlinking: /home/sidubuntu/dev_ws/install/my_bot/share/my_bot/launch/navigation_launch.py
[0.320s] -- Up-to-date symlink: /home/sidubuntu/dev_ws/install/my_bot/share/my_bot/launch/rsp.launch.py
[0.321s] -- Up-to-date symlink: /home/sidubuntu/dev_ws/install/my_bot/share/my_bot/worlds/empty.world
[0.322s] -- Up-to-date symlink: /home/sidubuntu/dev_ws/install/my_bot/share/my_bot/worlds/obstacle_course_1
[0.322s] -- Up-to-date symlink: /home/sidubuntu/dev_ws/install/my_bot/share/my_bot/worlds/obstacles.world
[0.323s] -- Up-to-date symlink: /home/sidubuntu/dev_ws/install/my_bot/share/ament_index/resource_index/package_run_dependencies/my_bot
[0.323s] -- Up-to-date symlink: /home/sidubuntu/dev_ws/install/my_bot/share/ament_index/resource_index/parent_prefix_path/my_bot
[0.325s] -- Up-to-date symlink: /home/sidubuntu/dev_ws/install/my_bot/share/my_bot/environment/ament_prefix_path.sh
[0.325s] -- Up-to-date symlink: /home/sidubuntu/dev_ws/install/my_bot/share/my_bot/environment/ament_prefix_path.dsv
[0.326s] -- Up-to-date symlink: /home/sidubuntu/dev_ws/install/my_bot/share/my_bot/environment/path.sh
[0.327s] -- Up-to-date symlink: /home/sidubuntu/dev_ws/install/my_bot/share/my_bot/environment/path.dsv
[0.327s] -- Up-to-date symlink: /home/sidubuntu/dev_ws/install/my_bot/share/my_bot/local_setup.bash
[0.328s] -- Up-to-date symlink: /home/sidubuntu/dev_ws/install/my_bot/share/my_bot/local_setup.sh
[0.329s] -- Up-to-date symlink: /home/sidubuntu/dev_ws/install/my_bot/share/my_bot/local_setup.zsh
[0.329s] -- Up-to-date symlink: /home/sidubuntu/dev_ws/install/my_bot/share/my_bot/local_setup.dsv
[0.330s] -- Symlinking: /home/sidubuntu/dev_ws/install/my_bot/share/my_bot/package.dsv
[0.339s] -- Up-to-date symlink: /home/sidubuntu/dev_ws/install/my_bot/share/ament_index/resource_index/packages/my_bot
[0.339s] -- Up-to-date symlink: /home/sidubuntu/dev_ws/install/my_bot/share/my_bot/cmake/my_botConfig.cmake
[0.340s] -- Up-to-date symlink: /home/sidubuntu/dev_ws/install/my_bot/share/my_bot/cmake/my_botConfig-version.cmake
[0.340s] -- Up-to-date symlink: /home/sidubuntu/dev_ws/install/my_bot/share/my_bot/package.xml
[0.343s] Invoked command in '/home/sidubuntu/dev_ws/build/my_bot' returned '0': CMAKE_PREFIX_PATH=${CMAKE_PREFIX_PATH}:/opt/ros/humble /usr/bin/cmake --install /home/sidubuntu/dev_ws/build/my_bot
